Log file open, 03/25/18 14:46:06
LogWindows: Failed to load 'aqProf.dll' (GetLastError=126)
LogWindows: File 'aqProf.dll' does not exist
LogWindows: Failed to load 'VSPerf140.dll' (GetLastError=126)
LogWindows: File 'VSPerf140.dll' does not exist
LogWindows: Failed to load 'VtuneApi.dll' (GetLastError=126)
LogWindows: File 'VtuneApi.dll' does not exist
LogWindows: Failed to load 'VtuneApi32e.dll' (GetLastError=126)
LogWindows: File 'VtuneApi32e.dll' does not exist
LogInit: Display: Running engine for game: SimLabsVR
LogPlatformFile: Not using cached read wrapper
LogInit: Display: RandInit(210239702) SRandInit(210239702).
LogTaskGraph: Started task graph with 5 named threads and 11 total threads with 3 sets of task threads.
LogStats: Stats thread started at 0.194123
LogD3D11RHI: Aftermath initialized
LogPluginManager: Mounting plugin Paper2D
LogPluginManager: Mounting plugin LightPropagationVolume
LogPluginManager: Mounting plugin CodeLiteSourceCodeAccess
LogPluginManager: Mounting plugin GitSourceControl
LogPluginManager: Mounting plugin KDevelopSourceCodeAccess
LogPluginManager: Mounting plugin NullSourceCodeAccess
LogPluginManager: Mounting plugin PerforceSourceControl
LogPluginManager: Mounting plugin SubversionSourceControl
LogPluginManager: Mounting plugin UObjectPlugin
LogPluginManager: Mounting plugin VisualStudioSourceCodeAccess
LogPluginManager: Mounting plugin XCodeSourceCodeAccess
LogPluginManager: Mounting plugin AssetManagerEditor
LogPluginManager: Mounting plugin AudioCapture
LogPluginManager: Mounting plugin FacialAnimation
LogPluginManager: Mounting plugin GameplayTagsEditor
LogPluginManager: Mounting plugin MobileLauncherProfileWizard
LogPluginManager: Mounting plugin PluginBrowser
LogPluginManager: Mounting plugin SpeedTreeImporter
LogPluginManager: Mounting plugin AlembicImporter
LogPluginManager: Mounting plugin CharacterAI
LogPluginManager: Mounting plugin HTML5Networking
LogPluginManager: Mounting plugin AndroidMedia
LogPluginManager: Mounting plugin AvfMedia
LogPluginManager: Mounting plugin MediaPlayerEditor
LogPluginManager: Mounting plugin WmfMedia
LogPluginManager: Mounting plugin TcpMessaging
LogPluginManager: Mounting plugin UdpMessaging
LogPluginManager: Mounting plugin LevelSequenceEditor
LogPluginManager: Mounting plugin MatineeToLevelSequence
LogPluginManager: Mounting plugin OnlineSubsystemGooglePlay
LogPluginManager: Mounting plugin OnlineSubsystemIOS
LogPluginManager: Mounting plugin OnlineSubsystem
LogPluginManager: Mounting plugin OnlineSubsystemNull
LogPluginManager: Mounting plugin OnlineSubsystemUtils
LogPluginManager: Mounting plugin AndroidDeviceProfileSelector
LogPluginManager: Mounting plugin AndroidMoviePlayer
LogPluginManager: Mounting plugin AndroidPermission
LogPluginManager: Mounting plugin AppleMoviePlayer
LogPluginManager: Mounting plugin ArchVisCharacter
LogPluginManager: Mounting plugin CableComponent
LogPluginManager: Mounting plugin CustomMeshComponent
LogPluginManager: Mounting plugin ExampleDeviceProfileSelector
LogPluginManager: Mounting plugin GoogleCloudMessaging
LogPluginManager: Mounting plugin ImmediatePhysics
LogPluginManager: Mounting plugin IOSDeviceProfileSelector
LogPluginManager: Mounting plugin LinuxDeviceProfileSelector
LogPluginManager: Mounting plugin LocationServicesBPLibrary
LogPluginManager: Mounting plugin MobilePatchingUtils
LogPluginManager: Mounting plugin OculusVR
LogPluginManager: Mounting plugin PhysXVehicles
LogPluginManager: Mounting plugin ProceduralMeshComponent
LogPluginManager: Mounting plugin RuntimePhysXCooking
LogPluginManager: Mounting plugin SteamVR
LogPluginManager: Mounting plugin WindowsMoviePlayer
LogInit: Using libcurl 7.47.1
LogInit:  - built for x86_64-pc-win32
LogInit:  - supports SSL with OpenSSL/1.0.2g
LogInit:  - supports HTTP deflate (compression) using libz 1.2.8
LogInit:  - other features:
LogInit:      CURL_VERSION_SSL
LogInit:      CURL_VERSION_LIBZ
LogInit:      CURL_VERSION_IPV6
LogInit:      CURL_VERSION_ASYNCHDNS
LogInit:      CURL_VERSION_LARGEFILE
LogInit:      CURL_VERSION_IDN
LogInit:  CurlRequestOptions (configurable via config and command line):
LogInit:  - bVerifyPeer = false  - Libcurl will NOT verify peer certificate
LogInit:  - bUseHttpProxy = false  - Libcurl will NOT use HTTP proxy
LogInit:  - bDontReuseConnections = false  - Libcurl will reuse connections
LogInit:  - CertBundlePath = nullptr  - Libcurl will use whatever was configured at build time.
LogInit: Build: ++UE4+Release-4.17-CL-3658906
LogInit: Engine Version: 4.17.2-3658906+++UE4+Release-4.17
LogInit: Compatible Engine Version: 4.17.0-3573198+++UE4+Release-4.17
LogInit: Net CL: 3573198
LogDevObjectVersion: Number of dev versions registered: 16
LogDevObjectVersion:   Dev-Blueprints (B0D832E4-1F89-4F0D-ACCF-7EB736FD4AA2): 10
LogDevObjectVersion:   Dev-Build (E1C64328-A22C-4D53-A36C-8E866417BD8C): 0
LogDevObjectVersion:   Dev-Core (375EC13C-06E4-48FB-B500-84F0262A717E): 2
LogDevObjectVersion:   Dev-Editor (E4B068ED-F494-42E9-A231-DA0B2E46BB41): 20
LogDevObjectVersion:   Dev-Framework (CFFC743F-43B0-4480-9391-14DF171D2073): 28
LogDevObjectVersion:   Dev-Mobile (B02B49B5-BB20-44E9-A304-32B752E40360): 0
LogDevObjectVersion:   Dev-Networking (A4E4105C-59A1-49B5-A7C5-40C4547EDFEE): 0
LogDevObjectVersion:   Dev-Online (39C831C9-5AE6-47DC-9A44-9C173E1C8E7C): 0
LogDevObjectVersion:   Dev-Physics (78F01B33-EBEA-4F98-B9B4-84EACCB95AA2): 0
LogDevObjectVersion:   Dev-Platform (6631380F-2D4D-43E0-8009-CF276956A95A): 0
LogDevObjectVersion:   Dev-Rendering (12F88B9F-8875-4AFC-A67C-D90C383ABD29): 19
LogDevObjectVersion:   Dev-Sequencer (7B5AE74C-D270-4C10-A958-57980B212A5A): 4
LogDevObjectVersion:   Dev-VR (D7296918-1DD6-4BDD-9DE2-64A83CC13884): 0
LogDevObjectVersion:   Dev-LoadTimes (C2A15278-BFE7-4AFE-6C17-90FF531DF755): 1
LogDevObjectVersion:   Private-Geometry (6EACA3D4-40EC-4CC1-B786-8BED09428FC5): 1
LogDevObjectVersion:   Dev-AnimPhys (29E575DD-E0A3-4627-9D10-D276232CDCEA): 7
LogInit: Compiled (64-bit): Sep 22 2017 13:47:16
LogInit: Compiled with Visual C++: 19.00.24215.01
LogInit: Build Configuration: Development
LogInit: Branch Name: ++UE4+Release-4.17
LogInit: Command line:  
LogInit: Base directory: C:/Program Files/Epic Games/UE_4.17/Engine/Binaries/Win64/
LogInit: Installed Engine Build: 1
LogInit: Presizing for max 8388607 objects, including 0 objects not considered by GC, pre-allocating 0 bytes for permanent pool.
LogInit: Object subsystem initialized
[2018.03.25-11.46.08:488][  0]LogInit: Selected Device Profile: [Windows]
[2018.03.25-11.46.08:488][  0]LogInit: Applying CVar settings loaded from the selected device profile: [Windows]
[2018.03.25-11.46.08:519][  0]LogInit: Computer: GLADOS
[2018.03.25-11.46.08:519][  0]LogInit: User: Константин
[2018.03.25-11.46.08:519][  0]LogInit: CPU Page size=4096, Cores=3
[2018.03.25-11.46.08:519][  0]LogInit: High frequency timer resolution =3.237255 MHz
[2018.03.25-11.46.08:519][  0]LogMemory: Memory total: Physical=8.0GB (8GB approx)
[2018.03.25-11.46.08:519][  0]LogMemory: Platform Memory Stats for Windows
[2018.03.25-11.46.08:519][  0]LogMemory: Process Physical Memory: 280.01 MB used, 280.01 MB peak
[2018.03.25-11.46.08:519][  0]LogMemory: Process Virtual Memory: 284.83 MB used, 284.83 MB peak
[2018.03.25-11.46.08:519][  0]LogMemory: Physical Memory: 3540.33 MB used,  4633.79 MB free, 8174.12 MB total
[2018.03.25-11.46.08:519][  0]LogMemory: Virtual Memory: 662.94 MB used,  4633.79 MB free, 8388608.00 MB total
[2018.03.25-11.46.08:830][  0]LogInit: Using OS detected language (en-GB).
[2018.03.25-11.46.08:830][  0]LogInit: Using OS detected locale (en-GB).
[2018.03.25-11.46.08:834][  0]LogTextLocalizationManager: No specific localization for 'en-GB' exists, so the 'en' localization will be used.
[2018.03.25-11.46.09:978][  0]LogD3D11RHI: D3D11 adapters:
[2018.03.25-11.46.09:991][  0]LogD3D11RHI:    0. 'AMD Radeon HD 7700 Series' (Feature Level 11_0)
[2018.03.25-11.46.09:991][  0]LogD3D11RHI:       1002/0/3831 MB DedicatedVideo/DedicatedSystem/SharedSystem, Outputs:1, VendorId:0x1002
[2018.03.25-11.46.09:991][  0]LogD3D11RHI: Chosen D3D11 Adapter: 0
[2018.03.25-11.46.09:999][  0]LogD3D11RHI: Creating new Direct3DDevice
[2018.03.25-11.46.10:000][  0]LogD3D11RHI:     GPU DeviceId: 0x683d (for the marketing name, search the web for "GPU Device Id")
[2018.03.25-11.46.10:000][  0]LogWindows: EnumDisplayDevices:
[2018.03.25-11.46.10:000][  0]LogWindows:    0. 'AMD Radeon HD 7700 Series' (P:1 D:1)
[2018.03.25-11.46.10:000][  0]LogWindows:    1. 'AMD Radeon HD 7700 Series' (P:0 D:0)
[2018.03.25-11.46.10:001][  0]LogWindows:    2. 'AMD Radeon HD 7700 Series' (P:0 D:0)
[2018.03.25-11.46.10:001][  0]LogWindows:    3. 'AMD Radeon HD 7700 Series' (P:0 D:0)
[2018.03.25-11.46.10:001][  0]LogWindows:    4. 'AMD Radeon HD 7700 Series' (P:0 D:0)
[2018.03.25-11.46.10:002][  0]LogWindows:    5. 'AMD Radeon HD 7700 Series' (P:0 D:0)
[2018.03.25-11.46.10:002][  0]LogWindows:    6. 'RDPDD Chained DD' (P:0 D:0)
[2018.03.25-11.46.10:002][  0]LogWindows:    7. 'RDP Encoder Mirror Driver' (P:0 D:0)
[2018.03.25-11.46.10:002][  0]LogWindows:    8. 'RDP Reflector Display Driver' (P:0 D:0)
[2018.03.25-11.46.10:002][  0]LogWindows: DebugString: GetVideoDriverDetailsInvalid PrimaryIsNotTheChoosenAdapter GetVideoDriverDetailsInvalid PrimaryIsNotTheChoosenAdapter GetVideoDriverDetailsInvalid PrimaryIsNotTheChoosenAdapter FoundDriverCount:6 
[2018.03.25-11.46.10:002][  0]LogD3D11RHI:     Adapter Name: AMD Radeon HD 7700 Series
[2018.03.25-11.46.10:002][  0]LogD3D11RHI:   Driver Version: Crimson 16.11.3 (internal:21.19.160.769, unified:21.19.160.769)
[2018.03.25-11.46.10:002][  0]LogD3D11RHI:      Driver Date: 11-8-2016
[2018.03.25-11.46.10:002][  0]LogRHI: Texture pool is 701 MB (70% of 1002 MB)
[2018.03.25-11.46.10:045][  0]LogD3D11RHI: Async texture creation enabled
[2018.03.25-11.46.10:059][  0]LogD3D11RHI: GPU Timing Frequency: 27.000000 (Debug: 2 1)
[2018.03.25-11.46.10:059][  0]LogShaderCompilers: Guid format shader working directory is 3 characters bigger than the processId version (../../../../../../SRW/SimLabsVRProject/SimLabsVR/Intermediate/Shaders/WorkingDirectory/6180/).
[2018.03.25-11.46.10:059][  0]LogShaderCompilers: Cleaned the shader compiler working directory 'C:/Users/Константин/AppData/Local/Temp/UnrealShaderWorkingDir/BAEA0E3549DFA7022497F0A8F5E6FE38/'.
[2018.03.25-11.46.10:059][  0]LogShaderCompilers: Display: Using Local Shader Compiler.
[2018.03.25-11.46.11:600][  0]LogTemp: Display: Loaded TP AllDesktopTargetPlatform
[2018.03.25-11.46.11:692][  0]LogTemp: Display: Loaded TP MacClientTargetPlatform
[2018.03.25-11.46.11:784][  0]LogTemp: Display: Loaded TP MacNoEditorTargetPlatform
[2018.03.25-11.46.11:881][  0]LogTemp: Display: Loaded TP MacServerTargetPlatform
[2018.03.25-11.46.11:979][  0]LogTemp: Display: Loaded TP MacTargetPlatform
[2018.03.25-11.46.12:076][  0]LogTemp: Display: Loaded TP WindowsClientTargetPlatform
[2018.03.25-11.46.12:172][  0]LogTemp: Display: Loaded TP WindowsNoEditorTargetPlatform
[2018.03.25-11.46.12:267][  0]LogTemp: Display: Loaded TP WindowsServerTargetPlatform
[2018.03.25-11.46.12:347][  0]LogTemp: Display: Loaded TP WindowsTargetPlatform
[2018.03.25-11.46.12:440][  0]LogTemp: Display: Loaded TP AndroidTargetPlatform
[2018.03.25-11.46.12:533][  0]LogTemp: Display: Loaded TP Android_ASTCTargetPlatform
[2018.03.25-11.46.12:628][  0]LogTemp: Display: Loaded TP Android_ATCTargetPlatform
[2018.03.25-11.46.12:721][  0]LogTemp: Display: Loaded TP Android_DXTTargetPlatform
[2018.03.25-11.46.12:815][  0]LogTemp: Display: Loaded TP Android_ETC1TargetPlatform
[2018.03.25-11.46.12:911][  0]LogTemp: Display: Loaded TP Android_ETC2TargetPlatform
[2018.03.25-11.46.13:101][  0]LogTemp: Display: Loaded TP Android_MultiTargetPlatform
[2018.03.25-11.46.13:101][  0]LogTemp: Display: Loaded TP Android_PVRTCTargetPlatform
[2018.03.25-11.46.13:172][  0]LogTemp: Display: Loaded TP HTML5TargetPlatform
[2018.03.25-11.46.13:321][  0]LogTemp: Display: Loaded TP IOSTargetPlatform
[2018.03.25-11.46.13:377][  0]LogTemp: Display: Loaded TP TVOSTargetPlatform
[2018.03.25-11.46.13:472][  0]LogTemp: Display: Loaded TP LinuxClientTargetPlatform
[2018.03.25-11.46.13:567][  0]LogTemp: Display: Loaded TP LinuxNoEditorTargetPlatform
[2018.03.25-11.46.13:663][  0]LogTemp: Display: Loaded TP LinuxServerTargetPlatform
[2018.03.25-11.46.13:757][  0]LogTemp: Display: Loaded TP LinuxTargetPlatform
[2018.03.25-11.46.13:757][  0]LogTargetPlatformManager: Display: Building Assets For Windows
[2018.03.25-11.46.14:613][  0]LogDerivedDataCache: Display: Max Cache Size: 512 MB
[2018.03.25-11.46.14:869][  0]LogDerivedDataCache: Loaded boot cache 0.26s 93MB C:/Users/Константин/AppData/Local/UnrealEngine/4.17/DerivedDataCache/Boot.ddc.
[2018.03.25-11.46.14:869][  0]LogDerivedDataCache: Display: Loaded Boot cache: C:/Users/Константин/AppData/Local/UnrealEngine/4.17/DerivedDataCache/Boot.ddc
[2018.03.25-11.46.14:869][  0]LogDerivedDataCache: FDerivedDataBackendGraph:  Pak pak cache file ../../../../../../SRW/SimLabsVRProject/SimLabsVR/DerivedDataCache/DDC.ddp not found, will not use a pak cache.
[2018.03.25-11.46.14:869][  0]LogDerivedDataCache: Unable to find inner node Pak for hierarchical cache Hierarchy.
[2018.03.25-11.46.14:869][  0]LogDerivedDataCache: FDerivedDataBackendGraph:  CompressedPak pak cache file ../../../../../../SRW/SimLabsVRProject/SimLabsVR/DerivedDataCache/Compressed.ddp not found, will not use a pak cache.
[2018.03.25-11.46.14:869][  0]LogDerivedDataCache: Unable to find inner node CompressedPak for hierarchical cache Hierarchy.
[2018.03.25-11.46.14:898][  0]LogDerivedDataCache: Display: Pak cache opened for reading ../../../Engine/DerivedDataCache/Compressed.ddp.
[2018.03.25-11.46.14:910][  0]LogDerivedDataCache: Using Local data cache path C:/Users/Константин/AppData/Local/UnrealEngine/Common/DerivedDataCache: Writable
[2018.03.25-11.46.14:929][  0]LogMaterial: Verifying Global Shaders for PCD3D_SM5
[2018.03.25-11.46.14:930][  0]LogSlate: Using Freetype 2.6.0
[2018.03.25-11.46.14:931][  0]LogSlate: SlateFontCache - WITH_FREETYPE: 1, WITH_HARFBUZZ: 1
[2018.03.25-11.46.14:931][  0]LogSlate: SlateFontCache - WITH_FREETYPE: 1, WITH_HARFBUZZ: 1
[2018.03.25-11.46.15:342][  0]LogAssetRegistry: FAssetRegistry took 0.0284 seconds to start up
[2018.03.25-11.46.15:687][  0]LogInit: Selected Device Profile: [Windows]
[2018.03.25-11.46.15:696][  0]LogContentStreaming: Texture pool size is 0.00 MB
[2018.03.25-11.46.16:440][  0]LogSimplygon: Simplygon DLL not present - disabling.
[2018.03.25-11.46.16:519][  0]LogMeshReduction: Using SimplygonSwarm for distributed automatic mesh merging
[2018.03.25-11.46.16:519][  0]LogMeshReduction: Using QuadricMeshReduction for automatic static mesh reduction
[2018.03.25-11.46.16:519][  0]LogMeshReduction: No automatic skeletal mesh reduction module available
[2018.03.25-11.46.16:519][  0]LogMeshReduction: No automatic mesh merging module available
[2018.03.25-11.46.16:519][  0]LogMeshMerging: No automatic mesh merging module available
[2018.03.25-11.46.17:146][  0]LogNetVersion: SimLabsVR , NetCL: 3573198, EngineNetVer: 2, GameNetVer: 0 (Checksum: 4142299316)
[2018.03.25-11.46.17:494][  0]LogPackageLocalizationCache: Processed 5 localized package path(s) for 2 prioritized culture(s) in 0.052206 seconds
[2018.03.25-11.46.17:505][  0]LogUObjectArray: 35825 objects as part of root set at end of initial load.
[2018.03.25-11.46.17:505][  0]LogUObjectAllocator: 7529104 out of 0 bytes used by permanent object pool.
[2018.03.25-11.46.17:505][  0]LogUObjectArray: CloseDisregardForGC: 0/0 objects in disregard for GC pool
[2018.03.25-11.46.17:622][  0]LogInit: WinSock: version 1.1 (2.2), MaxSocks=32767, MaxUdp=65467
[2018.03.25-11.46.22:038][  0]LogTcpMessaging: Initializing TcpMessaging bridge
[2018.03.25-11.46.22:093][  0]LogUdpMessaging: Initializing bridge on interface 0.0.0.0:0 to multicast group 230.0.0.1:6666.
[2018.03.25-11.46.23:221][  0]LogMaterial: Uniform references updated for custom material expression Custom.
[2018.03.25-11.46.23:902][  0]SourceControl: Source control is disabled
[2018.03.25-11.46.25:295][  0]LogAndroidPermission: UAndroidPermissionCallbackProxy::GetInstance
[2018.03.25-11.46.25:705][  0]LogOcInput: OculusInput pre-init called
[2018.03.25-11.46.26:125][  0]LogEngine: Initializing Engine...
[2018.03.25-11.46.26:128][  0]LogHMD: Failed to initialize OpenVR with code 110
[2018.03.25-11.46.26:468][  0]LogStats: UGameplayTagsManager::ConstructGameplayTagTree: Construct from data asset -  0.000 s
[2018.03.25-11.46.26:468][  0]LogStats: UGameplayTagsManager::ConstructGameplayTagTree: GameplayTagTreeChangedEvent.Broadcast -  0.000 s
[2018.03.25-11.46.26:689][  0]LogAIModule: Creating AISystem for world Untitled
[2018.03.25-11.46.26:708][  0]LogInit: XAudio2 using 'Line 1 (Virtual Audio Cable)' : 2 channels at 48 kHz using 16 bits per sample (channel mask 0x3)
[2018.03.25-11.46.26:720][  0]LogInit: FAudioDevice initialized.
[2018.03.25-11.46.27:090][  0]LogDerivedDataCache: Saved boot cache 0.37s 93MB C:/Users/Константин/AppData/Local/UnrealEngine/4.17/DerivedDataCache/Boot.ddc.
[2018.03.25-11.46.27:136][  0]LogInit: Texture streaming: Enabled
[2018.03.25-11.46.27:332][  0]LogEngineSessionManager: EngineSessionManager initialized
[2018.03.25-11.46.27:728][  0]LogInit: Transaction tracking system initialized
[2018.03.25-11.46.28:312][  0]BlueprintLog: New page: Editor Load
[2018.03.25-11.46.30:068][  0]LocalizationService: Localization service is disabled
[2018.03.25-11.46.31:748][  0]LogConsoleResponse: Display: 
[2018.03.25-11.46.32:112][  0]LogCook: Display: Max memory allowance for cook 16384mb min free memory 0mb
[2018.03.25-11.46.32:112][  0]LogCook: Display: Mobile HDR setting 0
[2018.03.25-11.46.32:112][  0]LogGameplayTags: Display: UGameplayTagsManager::DoneAddingNativeTags. DelegateIsBound: 0
[2018.03.25-11.46.32:398][  0]LogFileCache: Scanning file cache for directory 'C:/SRW/SimLabsVRProject/SimLabsVR/Content/' took 0.01s
[2018.03.25-11.46.34:151][  0]Cmd: MAP LOAD FILE="../../../../../../SRW/SimLabsVRProject/SimLabsVR/Content/Maps/EntryLevel.umap" TEMPLATE=0 SHOWPROGRESS=1 FEATURELEVEL=3
[2018.03.25-11.46.34:152][  0]LightingResults: New page: Lighting Build
[2018.03.25-11.46.34:247][  0]MapCheck: New page: Map Check
[2018.03.25-11.46.34:247][  0]LightingResults: New page: Lighting Build
[2018.03.25-11.46.34:829][  0]LogAIModule: Creating AISystem for world EntryLevel
[2018.03.25-11.46.34:835][  0]LogEditorServer: Finished looking for orphan Actors (0.000 secs)
[2018.03.25-11.46.34:867][  0]Cmd: MAP CHECKDEP NOCLEARLOG
[2018.03.25-11.46.34:951][  0]MapCheck: Map check complete: 0 Error(s), 0 Warning(s), took 83.745ms to complete.
[2018.03.25-11.46.34:951][  0]LogFileHelpers: Loading map 'EntryLevel' took 0.800
[2018.03.25-11.46.35:254][  0]LogCollectionManager: Loaded 0 collections in 0.001957 seconds
[2018.03.25-11.46.35:372][  0]LogFileCache: Scanning file cache for directory 'C:/SRW/SimLabsVRProject/SimLabsVR/Saved/Collections/' took 0.01s
[2018.03.25-11.46.35:373][  0]LogFileCache: Scanning file cache for directory 'C:/SRW/SimLabsVRProject/SimLabsVR/Content/Developers/Константин/Collections/' took 0.01s
[2018.03.25-11.46.35:373][  0]LogFileCache: Scanning file cache for directory 'C:/SRW/SimLabsVRProject/SimLabsVR/Content/Collections/' took 0.01s
[2018.03.25-11.46.35:373][  0]LogCollectionManager: Rebuilt the GUID cache for 0 collections in 0.000000 seconds
[2018.03.25-11.46.35:391][  0]LogContentBrowser: Native class hierarchy populated in 0.0186 seconds. Added 2388 classes and 504 folders.
[2018.03.25-11.46.35:517][  0]LogContentBrowser: Native class hierarchy updated for 'WidgetCarousel' in 0.0021 seconds. Added 0 classes and 0 folders.
[2018.03.25-11.46.35:667][  0]LogContentBrowser: Native class hierarchy updated for 'AddContentDialog' in 0.0022 seconds. Added 0 classes and 0 folders.
[2018.03.25-11.46.35:760][  0]LogSlate: Took 0.000304 seconds to synchronously load lazily loaded font '../../../Engine/Content/Slate/Fonts/Roboto-Regular.ttf' (155K)
[2018.03.25-11.46.35:767][  0]LogSlate: Took 0.000260 seconds to synchronously load lazily loaded font '../../../Engine/Content/Slate/Fonts/Roboto-Bold.ttf' (160K)
[2018.03.25-11.46.35:770][  0]LogSlate: Took 0.000195 seconds to synchronously load lazily loaded font '../../../Engine/Content/Editor/Slate/Fonts/FontAwesome.ttf' (139K)
[2018.03.25-11.46.35:771][  0]LogSlate: Took 0.000139 seconds to synchronously load lazily loaded font '../../../Engine/Content/Editor/Slate/Fonts/DroidSansMono.ttf' (77K)
[2018.03.25-11.46.35:980][  0]LogRenderer: Reallocating scene render targets to support 840x556 Format 10 NumSamples 1 (Frame:1).
[2018.03.25-11.46.36:028][  0]LogSlate: Took 0.000258 seconds to synchronously load lazily loaded font '../../../Engine/Content/Slate/Fonts/Roboto-Light.ttf' (159K)
[2018.03.25-11.46.36:237][  0]LogContentBrowser: Native class hierarchy updated for 'HierarchicalLODOutliner' in 0.0021 seconds. Added 1 classes and 2 folders.
[2018.03.25-11.46.36:237][  0]LogLoad: (Engine Initialization) Total time: 30.58 seconds
[2018.03.25-11.46.36:237][  0]LogLoad: (Engine Initialization) Total Blueprint compile time: 0.00 seconds
[2018.03.25-11.46.36:238][  0]LogExternalProfiler: No external profilers were discovered.  External profiling features will not be available.
[2018.03.25-11.46.36:275][  0]SourceControl: On branch master
[2018.03.25-11.46.36:275][  0]SourceControl: Your branch is up to date with 'origin/master'.
[2018.03.25-11.46.36:275][  0]SourceControl: Untracked files:
[2018.03.25-11.46.36:275][  0]SourceControl:   (use "git add <file>..." to include in what will be committed)
[2018.03.25-11.46.36:275][  0]SourceControl: 	SimLabsVR/Binaries/
[2018.03.25-11.46.36:276][  0]SourceControl: 	SimLabsVR/Intermediate/
[2018.03.25-11.46.36:276][  0]SourceControl: 	SimLabsVR/Saved/
[2018.03.25-11.46.36:276][  0]SourceControl: nothing added to commit but untracked files present (use "git add" to track)
[2018.03.25-11.46.36:276][  0]LogContentStreaming: Texture pool size now 1000 MB
[2018.03.25-11.46.36:401][  2]LogAssetRegistry: Asset discovery search completed in 21.0797 seconds
[2018.03.25-11.46.36:405][  2]LogCollectionManager: Rebuilt the object cache for 0 collections in 0.000001 seconds (found 0 objects)
[2018.03.25-11.46.36:405][  2]LogCollectionManager: Fixed up redirectors for 0 collections in 0.000377 seconds (updated 0 objects)
[2018.03.25-11.46.47:874][356]Candidate modules for hot reload:
[2018.03.25-11.46.47:874][356]  SimLabsVR
[2018.03.25-11.46.47:874][356]Launching UnrealBuildTool... [C:/Program Files/Epic Games/UE_4.17/Engine/Binaries/DotNET/UnrealBuildTool.exe SimLabsVR -ModuleWithSuffix SimLabsVR 3419 Win64 Development -editorrecompile -canskiplink "C:/SRW/SimLabsVRProject/SimLabsVR/SimLabsVR.uproject" ]
[2018.03.25-11.46.47:876][356]Warning: Starting HotReload took  0.1s.
[2018.03.25-11.47.54:823][357]CompilerResultsLog: New page: Compilation - 25 Mar 2018 17:47:54
[2018.03.25-11.47.54:824][357]CompilerResultsLog: Compiling game modules for hot reload
[2018.03.25-11.47.54:824][357]CompilerResultsLog: Performing full C++ include scan (no include cache file)
[2018.03.25-11.47.54:824][357]CompilerResultsLog: Parsing headers for SimLabsVREditor
[2018.03.25-11.47.54:824][357]CompilerResultsLog:   Running UnrealHeaderTool "C:\SRW\SimLabsVRProject\SimLabsVR\SimLabsVR.uproject" "C:\SRW\SimLabsVRProject\SimLabsVR\Intermediate\Build\Win64\SimLabsVREditor\Development\SimLabsVREditor.uhtmanifest" -LogCmds="loginit warning, logexit warning, logdatabase error" -Unattended -WarningsAsErrors -installed
[2018.03.25-11.47.54:825][357]CompilerResultsLog: Reflection code generated for SimLabsVREditor in 14.6322455 seconds
[2018.03.25-11.47.54:826][357]CompilerResultsLog: Performing 9 actions (3 in parallel)
[2018.03.25-11.47.54:826][357]CompilerResultsLog: [3/9] Resource PCLaunch.rc
[2018.03.25-11.47.54:826][357]CompilerResultsLog: [2/9] Resource ModuleVersionResource.rc.inl
[2018.03.25-11.47.54:826][357]CompilerResultsLog: SharedPCH.Engine.cpp
[2018.03.25-11.47.54:826][357]CompilerResultsLog: SimLabsVRGameModeBase.cpp
[2018.03.25-11.47.54:826][357]CompilerResultsLog: SimLabsVR.cpp
[2018.03.25-11.47.54:827][357]CompilerResultsLog: SimLabsVR.init.gen.cpp
[2018.03.25-11.47.54:827][357]CompilerResultsLog: SimLabsVRGameModeBase.gen.cpp
[2018.03.25-11.47.54:827][357]CompilerResultsLog: [8/9] Link UE4Editor-SimLabsVR-3419.dll
[2018.03.25-11.47.54:827][357]CompilerResultsLog: [9/9] Link UE4Editor-SimLabsVR-3419.lib
[2018.03.25-11.47.54:827][357]CompilerResultsLog: 
[2018.03.25-11.47.54:827][357]CompilerResultsLog: 
[2018.03.25-11.47.54:827][357]CompilerResultsLog: Total build time: 66.62 seconds (Local executor: 42.05 seconds)
[2018.03.25-11.47.54:828][357]LogMainFrame: MainFrame: Module compiling took 66.959 seconds
[2018.03.25-11.47.55:023][357]LogContentBrowser: Native class hierarchy updated for 'SimLabsVR' in 0.0021 seconds. Added 1 classes and 2 folders.
[2018.03.25-11.47.55:026][357]Display: HotReload successful (0 functions remapped  0 scriptstructs remapped)
[2018.03.25-11.47.55:211][357]LogContentBrowser: Native class hierarchy populated in 0.0216 seconds. Added 2389 classes and 506 folders.
[2018.03.25-11.47.55:212][357]Display: HotReload took 67.4s.
[2018.03.25-11.48.22:419][585]Cmd: QUIT_EDITOR
[2018.03.25-11.48.22:465][585]LogExit: Preparing to exit.
[2018.03.25-11.48.23:256][585]LogDirectoryWatcher: A directory notification for 'C:/SRW/SimLabsVRProject/SimLabsVR/Content/' was aborted.
[2018.03.25-11.48.23:294][585]LogExit: Editor shut down
[2018.03.25-11.48.23:303][585]LogExit: Transaction tracking system shut down
[2018.03.25-11.48.23:466][585]LogDirectoryWatcher: A directory notification for '../../../Engine/Content/' was aborted.
[2018.03.25-11.48.23:466][585]LogDirectoryWatcher: A directory notification for '../../../../../../SRW/SimLabsVRProject/SimLabsVR/Content/' was aborted.
[2018.03.25-11.48.23:466][585]LogDirectoryWatcher: A directory notification for '../../../Engine/Plugins/2D/Paper2D/Content/' was aborted.
[2018.03.25-11.48.23:466][585]LogDirectoryWatcher: A directory notification for '../../../Engine/Plugins/Runtime/Oculus/OculusVR/Content/' was aborted.
[2018.03.25-11.48.23:466][585]LogDirectoryWatcher: A directory notification for '../../../Engine/Plugins/Runtime/Steam/SteamVR/Content/' was aborted.
[2018.03.25-11.48.23:545][585]LogExit: Object subsystem successfully closed.
[2018.03.25-11.48.23:568][585]LogD3D11RHI: Shutdown
[2018.03.25-11.48.23:568][585]LogD3D11RHI: CleanupD3DDevice
[2018.03.25-11.48.23:606][585]LogD3D11RHI: ~FD3D11DynamicRHI
[2018.03.25-11.48.23:629][585]LogModuleManager: Shutting down and abandoning module SimLabsVR (533)
[2018.03.25-11.48.23:629][585]LogModuleManager: Shutting down and abandoning module HierarchicalLODOutliner (532)
[2018.03.25-11.48.23:629][585]LogModuleManager: Shutting down and abandoning module AddContentDialog (530)
[2018.03.25-11.48.23:629][585]LogDirectoryWatcher: A directory notification for 'C:/Program Files/Epic Games/UE_4.17/FeaturePacks/' was aborted.
[2018.03.25-11.48.23:631][585]LogModuleManager: Shutting down and abandoning module WidgetCarousel (529)
[2018.03.25-11.48.23:631][585]LogModuleManager: Shutting down and abandoning module EditorWidgets (526)
[2018.03.25-11.48.23:631][585]LogModuleManager: Shutting down and abandoning module CollectionManager (524)
[2018.03.25-11.48.23:631][585]LogDirectoryWatcher: A directory notification for 'C:/SRW/SimLabsVRProject/SimLabsVR/Content/Collections/' was aborted.
[2018.03.25-11.48.23:631][585]LogDirectoryWatcher: A directory notification for 'C:/SRW/SimLabsVRProject/SimLabsVR/Content/Developers/Константин/Collections/' was aborted.
[2018.03.25-11.48.23:631][585]LogDirectoryWatcher: A directory notification for 'C:/SRW/SimLabsVRProject/SimLabsVR/Saved/Collections/' was aborted.
[2018.03.25-11.48.23:631][585]LogModuleManager: Shutting down and abandoning module SceneOutliner (522)
[2018.03.25-11.48.23:631][585]LogModuleManager: Shutting down and abandoning module StatsViewer (520)
[2018.03.25-11.48.23:631][585]LogModuleManager: Shutting down and abandoning module FoliageEdit (518)
[2018.03.25-11.48.23:631][585]LogModuleManager: Shutting down and abandoning module LandscapeEditor (516)
[2018.03.25-11.48.23:631][585]LogModuleManager: Shutting down and abandoning module MeshPaintMode (514)
[2018.03.25-11.48.23:631][585]LogModuleManager: Shutting down and abandoning module SceneDepthPickerMode (512)
[2018.03.25-11.48.23:631][585]LogModuleManager: Shutting down and abandoning module ActorPickerMode (510)
[2018.03.25-11.48.23:632][585]LogModuleManager: Shutting down and abandoning module GeometryMode (508)
[2018.03.25-11.48.23:632][585]LogModuleManager: Shutting down and abandoning module TextureAlignMode (506)
[2018.03.25-11.48.23:632][585]LogModuleManager: Shutting down and abandoning module BspMode (504)
[2018.03.25-11.48.23:632][585]LogModuleManager: Shutting down and abandoning module PIEPreviewDeviceProfileSelector (502)
[2018.03.25-11.48.23:632][585]LogModuleManager: Shutting down and abandoning module HardwareSurvey (500)
[2018.03.25-11.48.23:632][585]LogModuleManager: Shutting down and abandoning module SequenceRecorderSections (498)
[2018.03.25-11.48.23:632][585]LogModuleManager: Shutting down and abandoning module AutomationWorker (496)
[2018.03.25-11.48.23:632][585]LogModuleManager: Shutting down and abandoning module MatineeToLevelSequence (494)
[2018.03.25-11.48.23:632][585]LogModuleManager: Shutting down and abandoning module LevelSequenceEditor (492)
[2018.03.25-11.48.23:632][585]LogModuleManager: Shutting down and abandoning module PlacementMode (491)
[2018.03.25-11.48.23:632][585]LogModuleManager: Shutting down and abandoning module WmfMediaFactory (488)
[2018.03.25-11.48.23:632][585]LogModuleManager: Shutting down and abandoning module WmfMediaEditor (486)
[2018.03.25-11.48.23:632][585]LogModuleManager: Shutting down and abandoning module AvfMediaFactory (484)
[2018.03.25-11.48.23:632][585]LogModuleManager: Shutting down and abandoning module AvfMediaEditor (482)
[2018.03.25-11.48.23:632][585]LogModuleManager: Shutting down and abandoning module AndroidMediaFactory (480)
[2018.03.25-11.48.23:632][585]LogModuleManager: Shutting down and abandoning module Media (479)
[2018.03.25-11.48.23:632][585]LogModuleManager: Shutting down and abandoning module AndroidMediaEditor (476)
[2018.03.25-11.48.23:632][585]LogModuleManager: Shutting down and abandoning module CharacterAI (474)
[2018.03.25-11.48.23:632][585]LogModuleManager: Shutting down and abandoning module AudioCapture (472)
[2018.03.25-11.48.23:632][585]LogModuleManager: Shutting down and abandoning module SequenceRecorder (471)
[2018.03.25-11.48.23:632][585]LogModuleManager: Shutting down and abandoning module SmartSnapping (468)
[2018.03.25-11.48.23:632][585]LogModuleManager: Shutting down and abandoning module SessionServices (466)
[2018.03.25-11.48.23:632][585]LogModuleManager: Shutting down and abandoning module ViewportSnapping (464)
[2018.03.25-11.48.23:632][585]LogModuleManager: Shutting down and abandoning module ViewportInteraction (462)
[2018.03.25-11.48.23:632][585]LogModuleManager: Shutting down and abandoning module ClothPainter (460)
[2018.03.25-11.48.23:632][585]LogModuleManager: Shutting down and abandoning module LogVisualizer (458)
[2018.03.25-11.48.23:633][585]LogModuleManager: Shutting down and abandoning module IntroTutorials (456)
[2018.03.25-11.48.23:633][585]LogModuleManager: Shutting down and abandoning module GameProjectGeneration (455)
[2018.03.25-11.48.23:633][585]LogModuleManager: Shutting down and abandoning module IOSPlatformEditor (452)
[2018.03.25-11.48.23:633][585]LogModuleManager: Shutting down and abandoning module HTML5PlatformEditor (450)
[2018.03.25-11.48.23:633][585]LogModuleManager: Shutting down and abandoning module AndroidPlatformEditor (448)
[2018.03.25-11.48.23:633][585]LogModuleManager: Shutting down and abandoning module AndroidDeviceDetection (447)
[2018.03.25-11.48.24:160][585]LogModuleManager: Shutting down and abandoning module WindowsPlatformEditor (444)
[2018.03.25-11.48.24:161][585]LogModuleManager: Shutting down and abandoning module IOSRuntimeSettings (442)
[2018.03.25-11.48.24:161][585]LogModuleManager: Shutting down and abandoning module AndroidRuntimeSettings (440)
[2018.03.25-11.48.24:161][585]LogModuleManager: Shutting down and abandoning module InputBindingEditor (438)
[2018.03.25-11.48.24:161][585]LogModuleManager: Shutting down and abandoning module MergeActors (436)
[2018.03.25-11.48.24:161][585]LogModuleManager: Shutting down and abandoning module SizeMap (434)
[2018.03.25-11.48.24:161][585]LogModuleManager: Shutting down and abandoning module TreeMap (432)
[2018.03.25-11.48.24:161][585]LogModuleManager: Shutting down and abandoning module ReferenceViewer (430)
[2018.03.25-11.48.24:161][585]LogModuleManager: Shutting down and abandoning module LocalizationDashboard (428)
[2018.03.25-11.48.24:161][585]LogModuleManager: Shutting down and abandoning module LocalizationService (427)
[2018.03.25-11.48.24:161][585]LogModuleManager: Shutting down and abandoning module HardwareTargeting (424)
[2018.03.25-11.48.24:161][585]LogModuleManager: Shutting down and abandoning module DeviceProfileEditor (422)
[2018.03.25-11.48.24:161][585]LogModuleManager: Shutting down and abandoning module UndoHistory (420)
[2018.03.25-11.48.24:161][585]LogModuleManager: Shutting down and abandoning module XmlParser (418)
[2018.03.25-11.48.24:161][585]LogModuleManager: Shutting down and abandoning module Blutility (416)
[2018.03.25-11.48.24:161][585]LogModuleManager: Shutting down and abandoning module ProjectSettingsViewer (414)
[2018.03.25-11.48.24:161][585]LogModuleManager: Shutting down and abandoning module ProjectTargetPlatformEditor (413)
[2018.03.25-11.48.24:162][585]LogModuleManager: Shutting down and abandoning module EditorSettingsViewer (410)
[2018.03.25-11.48.24:162][585]LogModuleManager: Shutting down and abandoning module SettingsEditor (408)
[2018.03.25-11.48.24:162][585]LogModuleManager: Shutting down and abandoning module ProjectLauncher (406)
[2018.03.25-11.48.24:162][585]LogModuleManager: Shutting down and abandoning module SessionFrontend (404)
[2018.03.25-11.48.24:162][585]LogModuleManager: Shutting down and abandoning module ProfilerClient (402)
[2018.03.25-11.48.24:162][585]LogModuleManager: Shutting down and abandoning module DeviceManager (400)
[2018.03.25-11.48.24:162][585]LogModuleManager: Shutting down and abandoning module TargetDeviceServices (399)
[2018.03.25-11.48.24:212][585]LogModuleManager: Shutting down and abandoning module AutomationController (396)
[2018.03.25-11.48.24:212][585]LogModuleManager: Shutting down and abandoning module AutomationWindow (394)
[2018.03.25-11.48.24:212][585]LogModuleManager: Shutting down and abandoning module Layers (392)
[2018.03.25-11.48.24:212][585]LogModuleManager: Shutting down and abandoning module ComponentVisualizers (390)
[2018.03.25-11.48.24:212][585]LogModuleManager: Shutting down and abandoning module DetailCustomizations (388)
[2018.03.25-11.48.24:212][585]LogModuleManager: Shutting down and abandoning module PackagesDialog (386)
[2018.03.25-11.48.24:212][585]LogModuleManager: Shutting down and abandoning module Persona (384)
[2018.03.25-11.48.24:212][585]LogModuleManager: Shutting down and abandoning module AdvancedPreviewScene (383)
[2018.03.25-11.48.24:213][585]LogModuleManager: Shutting down and abandoning module AnimGraph (381)
[2018.03.25-11.48.24:213][585]LogModuleManager: Shutting down and abandoning module Kismet (378)
[2018.03.25-11.48.24:213][585]LogModuleManager: Shutting down and abandoning module ClassViewer (376)
[2018.03.25-11.48.24:213][585]LogModuleManager: Shutting down and abandoning module Toolbox (374)
[2018.03.25-11.48.24:213][585]LogModuleManager: Shutting down and abandoning module ModuleUI (372)
[2018.03.25-11.48.24:213][585]LogModuleManager: Shutting down and abandoning module MovieSceneTools (370)
[2018.03.25-11.48.24:213][585]LogModuleManager: Shutting down and abandoning module OutputLog (368)
[2018.03.25-11.48.24:213][585]LogModuleManager: Shutting down and abandoning module GammaUI (366)
[2018.03.25-11.48.24:213][585]LogModuleManager: Shutting down and abandoning module Documentation (364)
[2018.03.25-11.48.24:214][585]LogModuleManager: Shutting down and abandoning module MovieSceneTracks (362)
[2018.03.25-11.48.24:214][585]LogModuleManager: Shutting down and abandoning module MovieScene (360)
[2018.03.25-11.48.24:214][585]LogModuleManager: Shutting down and abandoning module Niagara (358)
[2018.03.25-11.48.24:214][585]LogModuleManager: Shutting down and abandoning module NiagaraEditor (357)
[2018.03.25-11.48.24:214][585]LogModuleManager: Shutting down and abandoning module StreamingPauseRendering (354)
[2018.03.25-11.48.24:214][585]LogModuleManager: Shutting down and abandoning module LauncherPlatform (352)
[2018.03.25-11.48.24:214][585]LogModuleManager: Shutting down and abandoning module AnalyticsET (350)
[2018.03.25-11.48.24:214][585]LogModuleManager: Shutting down and abandoning module PortalServices (348)
[2018.03.25-11.48.24:214][585]LogModuleManager: Shutting down and abandoning module PortalRpc (346)
[2018.03.25-11.48.24:214][585]LogModuleManager: Shutting down and abandoning module MessagingRpc (344)
[2018.03.25-11.48.24:214][585]LogModuleManager: Shutting down and abandoning module AIModule (342)
[2018.03.25-11.48.24:215][585]LogModuleManager: Shutting down and abandoning module GameplayDebugger (341)
[2018.03.25-11.48.24:215][585]LogModuleManager: Shutting down and abandoning module AITestSuite (339)
[2018.03.25-11.48.24:215][585]LogModuleManager: Shutting down and abandoning module ProfilerService (336)
[2018.03.25-11.48.24:327][585]LogModuleManager: Shutting down and abandoning module TaskGraph (334)
[2018.03.25-11.48.24:327][585]LogModuleManager: Shutting down and abandoning module SteamVRController (332)
[2018.03.25-11.48.24:327][585]LogModuleManager: Shutting down and abandoning module ProceduralMeshComponentEditor (330)
[2018.03.25-11.48.24:327][585]LogModuleManager: Shutting down and abandoning module ProceduralMeshComponent (328)
[2018.03.25-11.48.24:327][585]LogModuleManager: Shutting down and abandoning module OculusInput (326)
[2018.03.25-11.48.24:327][585]LogModuleManager: Shutting down and abandoning module MobilePatchingUtils (324)
[2018.03.25-11.48.24:327][585]LogModuleManager: Shutting down and abandoning module CustomMeshComponent (322)
[2018.03.25-11.48.24:327][585]LogModuleManager: Shutting down and abandoning module CableComponent (320)
[2018.03.25-11.48.24:327][585]LogModuleManager: Shutting down and abandoning module ArchVisCharacter (318)
[2018.03.25-11.48.24:327][585]LogModuleManager: Shutting down and abandoning module AndroidPermission (316)
[2018.03.25-11.48.24:327][585]LogModuleManager: Shutting down and abandoning module MediaPlayerEditor (312)
[2018.03.25-11.48.24:328][585]LogModuleManager: Shutting down and abandoning module HTML5Networking (310)
[2018.03.25-11.48.24:328][585]LogModuleManager: Shutting down and abandoning module AlembicImporter (308)
[2018.03.25-11.48.24:328][585]LogModuleManager: Shutting down and abandoning module AlembicLibrary (307)
[2018.03.25-11.48.24:328][585]LogModuleManager: Shutting down and abandoning module GeometryCache (306)
[2018.03.25-11.48.24:328][585]LogModuleManager: Shutting down and abandoning module GeometryCacheEd (305)
[2018.03.25-11.48.24:328][585]LogModuleManager: Shutting down and abandoning module SpeedTreeImporter (300)
[2018.03.25-11.48.24:328][585]LogModuleManager: Shutting down and abandoning module PluginBrowser (298)
[2018.03.25-11.48.24:328][585]LogModuleManager: Shutting down and abandoning module MobileLauncherProfileWizard (296)
[2018.03.25-11.48.24:328][585]LogModuleManager: Shutting down and abandoning module VisualStudioSourceCodeAccess (294)
[2018.03.25-11.48.24:328][585]LogModuleManager: Shutting down and abandoning module DesktopPlatform (293)
[2018.03.25-11.48.24:329][585]LogModuleManager: Shutting down and abandoning module UObjectPlugin (290)
[2018.03.25-11.48.24:329][585]LogModuleManager: Shutting down and abandoning module SubversionSourceControl (288)
[2018.03.25-11.48.24:329][585]LogModuleManager: Shutting down and abandoning module PerforceSourceControl (286)
[2018.03.25-11.48.24:329][585]LogModuleManager: Shutting down and abandoning module GitSourceControl (284)
[2018.03.25-11.48.24:329][585]LogModuleManager: Shutting down and abandoning module SourceControl (283)
[2018.03.25-11.48.24:329][585]LogModuleManager: Shutting down and abandoning module LightPropagationVolumeEditor (280)
[2018.03.25-11.48.24:329][585]LogModuleManager: Shutting down and abandoning module PaperTiledImporter (278)
[2018.03.25-11.48.24:329][585]LogModuleManager: Shutting down and abandoning module PaperSpriteSheetImporter (276)
[2018.03.25-11.48.24:329][585]LogModuleManager: Shutting down and abandoning module Paper2DEditor (274)
[2018.03.25-11.48.24:330][585]LogModuleManager: Shutting down and abandoning module MeshPaint (273)
[2018.03.25-11.48.24:330][585]LogModuleManager: Shutting down and abandoning module LevelEditor (271)
[2018.03.25-11.48.24:332][585]LogModuleManager: Shutting down and abandoning module PixelInspectorModule (270)
[2018.03.25-11.48.24:332][585]LogModuleManager: Shutting down and abandoning module MainFrame (268)
[2018.03.25-11.48.24:333][585]LogModuleManager: Shutting down and abandoning module HotReload (267)
[2018.03.25-11.48.24:333][585]LogDirectoryWatcher: A directory notification for 'C:/SRW/SimLabsVRProject/SimLabsVR/Binaries/Win64' was aborted.
[2018.03.25-11.48.24:334][585]LogModuleManager: Shutting down and abandoning module RuntimePhysXCooking (260)
[2018.03.25-11.48.24:334][585]LogModuleManager: Shutting down and abandoning module PhysXVehiclesEditor (258)
[2018.03.25-11.48.24:334][585]LogModuleManager: Shutting down and abandoning module PhysXVehicles (256)
[2018.03.25-11.48.24:334][585]LogModuleManager: Shutting down and abandoning module OculusEditor (254)
[2018.03.25-11.48.24:335][585]LogModuleManager: Shutting down and abandoning module LocationServicesBPLibrary (252)
[2018.03.25-11.48.24:335][585]LogModuleManager: Shutting down and abandoning module ImmediatePhysicsEditor (250)
[2018.03.25-11.48.24:335][585]LogModuleManager: Shutting down and abandoning module ImmediatePhysics (248)
[2018.03.25-11.48.24:335][585]LogModuleManager: Shutting down and abandoning module UdpMessaging (246)
[2018.03.25-11.48.24:435][585]LogModuleManager: Shutting down and abandoning module TcpMessaging (244)
[2018.03.25-11.48.24:535][585]LogModuleManager: Shutting down and abandoning module GameplayTagsEditor (242)
[2018.03.25-11.48.24:535][585]LogModuleManager: Shutting down and abandoning module FacialAnimationEditor (240)
[2018.03.25-11.48.24:535][585]LogModuleManager: Shutting down and abandoning module FacialAnimation (238)
[2018.03.25-11.48.24:535][585]LogModuleManager: Shutting down and abandoning module AssetManagerEditor (236)
[2018.03.25-11.48.24:535][585]LogModuleManager: Shutting down and abandoning module GraphEditor (235)
[2018.03.25-11.48.24:535][585]LogModuleManager: Shutting down and abandoning module ContentBrowser (233)
[2018.03.25-11.48.24:537][585]LogModuleManager: Shutting down and abandoning module LightPropagationVolumeRuntime (230)
[2018.03.25-11.48.24:537][585]LogModuleManager: Shutting down and abandoning module Paper2D (228)
[2018.03.25-11.48.24:537][585]LogModuleManager: Shutting down and abandoning module WindowsMoviePlayer (226)
[2018.03.25-11.48.24:537][585]LogModuleManager: Shutting down and abandoning module WmfMedia (224)
[2018.03.25-11.48.24:538][585]LogModuleManager: Shutting down and abandoning module PacketHandler (222)
[2018.03.25-11.48.24:538][585]LogModuleManager: Shutting down and abandoning module ClothingSystemEditor (220)
[2018.03.25-11.48.24:538][585]LogModuleManager: Shutting down and abandoning module ClothingSystemRuntime (218)
[2018.03.25-11.48.24:538][585]LogModuleManager: Shutting down and abandoning module Overlay (216)
[2018.03.25-11.48.24:538][585]LogModuleManager: Shutting down and abandoning module OverlayEditor (215)
[2018.03.25-11.48.24:539][585]LogModuleManager: Shutting down and abandoning module MediaAssets (212)
[2018.03.25-11.48.24:539][585]LogModuleManager: Shutting down and abandoning module VREditor (210)
[2018.03.25-11.48.24:539][585]LogModuleManager: Shutting down and abandoning module StringTableEditor (208)
[2018.03.25-11.48.24:539][585]LogModuleManager: Shutting down and abandoning module GameplayTasksEditor (206)
[2018.03.25-11.48.24:539][585]LogModuleManager: Shutting down and abandoning module BehaviorTreeEditor (204)
[2018.03.25-11.48.24:539][585]LogModuleManager: Shutting down and abandoning module FunctionalTesting (202)
[2018.03.25-11.48.24:539][585]LogModuleManager: Shutting down and abandoning module CollisionAnalyzer (200)
[2018.03.25-11.48.24:539][585]LogModuleManager: Shutting down and abandoning module WorkspaceMenuStructure (199)
[2018.03.25-11.48.24:539][585]LogModuleManager: Shutting down and abandoning module UMG (196)
[2018.03.25-11.48.24:539][585]LogModuleManager: Shutting down and abandoning module UMGEditor (195)
[2018.03.25-11.48.24:539][585]LogModuleManager: Shutting down and abandoning module Sequencer (194)
[2018.03.25-11.48.24:539][585]LogModuleManager: Shutting down and abandoning module MessageLog (191)
[2018.03.25-11.48.24:539][585]LogModuleManager: Shutting down and abandoning module SlateReflector (186)
[2018.03.25-11.48.24:539][585]LogModuleManager: Shutting down and abandoning module Slate (184)
[2018.03.25-11.48.24:539][585]LogModuleManager: Shutting down and abandoning module EditorStyle (182)
[2018.03.25-11.48.24:543][585]LogModuleManager: Shutting down and abandoning module MRMesh (180)
[2018.03.25-11.48.24:543][585]LogModuleManager: Shutting down and abandoning module SourceCodeAccess (178)
[2018.03.25-11.48.24:543][585]LogModuleManager: Shutting down and abandoning module HeadMountedDisplay (176)
[2018.03.25-11.48.24:543][585]LogModuleManager: Shutting down and abandoning module XAudio2 (174)
[2018.03.25-11.48.24:543][585]LogModuleManager: Shutting down and abandoning module Networking (172)
[2018.03.25-11.48.24:543][585]LogModuleManager: Shutting down and abandoning module Core (168)
[2018.03.25-11.48.24:543][585]LogModuleManager: Shutting down and abandoning module KismetCompiler (164)
[2018.03.25-11.48.24:543][585]LogModuleManager: Shutting down and abandoning module MeshUtilities (162)
[2018.03.25-11.48.24:543][585]LogModuleManager: Shutting down and abandoning module MeshMergeUtilities (161)
[2018.03.25-11.48.24:543][585]LogModuleManager: Shutting down and abandoning module MeshReductionInterface (160)
[2018.03.25-11.48.24:543][585]LogModuleManager: Shutting down and abandoning module SimplygonSwarm (159)
[2018.03.25-11.48.24:544][585]LogModuleManager: Shutting down and abandoning module SimplygonMeshReduction (157)
[2018.03.25-11.48.24:544][585]LogModuleManager: Shutting down and abandoning module QuadricMeshReduction (155)
[2018.03.25-11.48.24:544][585]LogModuleManager: Shutting down and abandoning module MaterialBaking (151)
[2018.03.25-11.48.24:544][585]LogModuleManager: Shutting down and abandoning module LevelSequence (148)
[2018.03.25-11.48.24:544][585]LogModuleManager: Shutting down and abandoning module DirectoryWatcher (146)
[2018.03.25-11.48.24:545][585]LogModuleManager: Shutting down and abandoning module DerivedDataCache (144)
[2018.03.25-11.48.24:641][585]LogDerivedDataCache: Shutdown
[2018.03.25-11.48.24:641][585]LogModuleManager: Shutting down and abandoning module TargetPlatform (142)
[2018.03.25-11.48.24:641][585]LogModuleManager: Shutting down and abandoning module VulkanShaderFormat (141)
[2018.03.25-11.48.24:641][585]LogModuleManager: Shutting down and abandoning module ShaderFormatVectorVM (139)
[2018.03.25-11.48.24:641][585]LogModuleManager: Shutting down and abandoning module ShaderFormatOpenGL (137)
[2018.03.25-11.48.24:641][585]LogModuleManager: Shutting down and abandoning module ShaderFormatD3D (135)
[2018.03.25-11.48.24:641][585]LogModuleManager: Shutting down and abandoning module MetalShaderFormat (133)
[2018.03.25-11.48.24:641][585]LogModuleManager: Shutting down and abandoning module TextureFormatUncompressed (131)
[2018.03.25-11.48.24:641][585]LogModuleManager: Shutting down and abandoning module TextureFormatPVR (129)
[2018.03.25-11.48.24:641][585]LogModuleManager: Shutting down and abandoning module TextureFormatDXT (127)
[2018.03.25-11.48.24:641][585]LogModuleManager: Shutting down and abandoning module TextureFormatIntelISPCTexComp (125)
[2018.03.25-11.48.24:642][585]LogModuleManager: Shutting down and abandoning module TextureFormatASTC (123)
[2018.03.25-11.48.24:642][585]LogModuleManager: Shutting down and abandoning module ImageWrapper (122)
[2018.03.25-11.48.24:642][585]LogModuleManager: Shutting down and abandoning module TextureFormatAndroid (119)
[2018.03.25-11.48.24:642][585]LogModuleManager: Shutting down and abandoning module AudioFormatOpus (117)
[2018.03.25-11.48.24:642][585]LogModuleManager: Shutting down and abandoning module AudioFormatOgg (115)
[2018.03.25-11.48.24:642][585]LogModuleManager: Shutting down and abandoning module AudioFormatADPCM (113)
[2018.03.25-11.48.24:642][585]LogModuleManager: Shutting down and abandoning module LinuxTargetPlatform (111)
[2018.03.25-11.48.24:642][585]LogModuleManager: Shutting down and abandoning module LinuxServerTargetPlatform (109)
[2018.03.25-11.48.24:642][585]LogModuleManager: Shutting down and abandoning module LinuxNoEditorTargetPlatform (107)
[2018.03.25-11.48.24:642][585]LogModuleManager: Shutting down and abandoning module LinuxClientTargetPlatform (105)
[2018.03.25-11.48.24:642][585]LogModuleManager: Shutting down and abandoning module TVOSTargetPlatform (103)
[2018.03.25-11.48.24:642][585]LogModuleManager: Shutting down and abandoning module Messaging (101)
[2018.03.25-11.48.24:642][585]LogModuleManager: Shutting down and abandoning module IOSTargetPlatform (99)
[2018.03.25-11.48.24:643][585]LogModuleManager: Shutting down and abandoning module HTML5TargetPlatform (97)
[2018.03.25-11.48.24:643][585]LogModuleManager: Shutting down and abandoning module Android_PVRTCTargetPlatform (95)
[2018.03.25-11.48.24:643][585]LogModuleManager: Shutting down and abandoning module Android_MultiTargetPlatform (93)
[2018.03.25-11.48.24:643][585]LogModuleManager: Shutting down and abandoning module Android_ETC2TargetPlatform (91)
[2018.03.25-11.48.24:643][585]LogModuleManager: Shutting down and abandoning module Android_ETC1TargetPlatform (89)
[2018.03.25-11.48.24:643][585]LogModuleManager: Shutting down and abandoning module Android_DXTTargetPlatform (87)
[2018.03.25-11.48.24:643][585]LogModuleManager: Shutting down and abandoning module Android_ATCTargetPlatform (85)
[2018.03.25-11.48.24:643][585]LogModuleManager: Shutting down and abandoning module Android_ASTCTargetPlatform (83)
[2018.03.25-11.48.24:643][585]LogModuleManager: Shutting down and abandoning module AndroidTargetPlatform (81)
[2018.03.25-11.48.24:643][585]LogModuleManager: Shutting down and abandoning module WindowsTargetPlatform (79)
[2018.03.25-11.48.24:643][585]LogModuleManager: Shutting down and abandoning module WindowsServerTargetPlatform (77)
[2018.03.25-11.48.24:643][585]LogModuleManager: Shutting down and abandoning module WindowsNoEditorTargetPlatform (75)
[2018.03.25-11.48.24:643][585]LogModuleManager: Shutting down and abandoning module WindowsClientTargetPlatform (73)
[2018.03.25-11.48.24:643][585]LogModuleManager: Shutting down and abandoning module MacTargetPlatform (71)
[2018.03.25-11.48.24:644][585]LogModuleManager: Shutting down and abandoning module MacServerTargetPlatform (69)
[2018.03.25-11.48.24:644][585]LogModuleManager: Shutting down and abandoning module MacNoEditorTargetPlatform (67)
[2018.03.25-11.48.24:644][585]LogModuleManager: Shutting down and abandoning module MacClientTargetPlatform (65)
[2018.03.25-11.48.24:644][585]LogModuleManager: Shutting down and abandoning module AllDesktopTargetPlatform (63)
[2018.03.25-11.48.24:644][585]LogModuleManager: Shutting down and abandoning module InputCore (60)
[2018.03.25-11.48.24:644][585]LogModuleManager: Shutting down and abandoning module Settings (58)
[2018.03.25-11.48.24:644][585]LogModuleManager: Shutting down and abandoning module PhysXCooking (56)
[2018.03.25-11.48.24:644][585]LogModuleManager: Shutting down and abandoning module SteamVR (54)
[2018.03.25-11.48.24:644][585]LogModuleManager: Shutting down and abandoning module OculusHMD (52)
[2018.03.25-11.48.24:644][585]LogModuleManager: Shutting down and abandoning module ExampleDeviceProfileSelector (50)
[2018.03.25-11.48.24:644][585]LogModuleManager: Shutting down and abandoning module OnlineBlueprintSupport (48)
[2018.03.25-11.48.24:644][585]LogModuleManager: Shutting down and abandoning module OnlineSubsystem (44)
[2018.03.25-11.48.24:644][585]LogOnline: Display: Unloading online subsystem: NULL
[2018.03.25-11.48.24:645][585]LogModuleManager: Shutting down and abandoning module XMPP (43)
[2018.03.25-11.48.24:645][585]LogModuleManager: Shutting down and abandoning module HTTP (41)
[2018.03.25-11.48.24:645][585]LogHttp: Display: Http module shutting down, but needs to wait on 1 outstanding Http requests:
[2018.03.25-11.48.24:645][585]LogHttp: Display: 	verb=[POST] url=[https://datarouter.ol.epicgames.com/datarouter/api/v1/public/data?SessionID=%7BAE1281D5-4C7A-B6BF-9A2E-E49EF573CCA9%7D&AppID=UEEditor.Rocket.Release&AppVersion=4.17.2-3658906%2B%2B%2BUE4%2BRelease-4.17&UserID=86d62dbc40fe57fc55c36b8db84cb36a%7Cd1ef7e21aab0436c9101ba4c6fc5708c%7Cabeb5326-3b3b-4b85-b45a-5fe16f2f67a6&AppEnvironment=datacollector-binary&UploadType=eteventstream] status=Processing
[2018.03.25-11.48.24:677][585]LogModuleManager: Shutting down and abandoning module SSL (40)
[2018.03.25-11.48.24:681][585]LogModuleManager: Shutting down and abandoning module AnimationModifiers (36)
[2018.03.25-11.48.24:681][585]LogModuleManager: Shutting down and abandoning module PropertyEditor (35)
[2018.03.25-11.48.24:682][585]LogModuleManager: Shutting down and abandoning module AudioEditor (32)
[2018.03.25-11.48.24:682][585]LogModuleManager: Shutting down and abandoning module TextureCompressor (30)
[2018.03.25-11.48.24:682][585]LogModuleManager: Shutting down and abandoning module ShaderCore (28)
[2018.03.25-11.48.24:682][585]LogModuleManager: Shutting down and abandoning module Landscape (26)
[2018.03.25-11.48.24:682][585]LogModuleManager: Shutting down and abandoning module SlateRHIRenderer (24)
[2018.03.25-11.48.24:685][585]LogModuleManager: Shutting down and abandoning module OpenGLDrv (22)
[2018.03.25-11.48.24:686][585]LogModuleManager: Shutting down and abandoning module D3D11RHI (20)
[2018.03.25-11.48.24:686][585]LogModuleManager: Shutting down and abandoning module AnimGraphRuntime (18)
[2018.03.25-11.48.24:686][585]LogModuleManager: Shutting down and abandoning module Renderer (16)
[2018.03.25-11.48.24:686][585]LogModuleManager: Shutting down and abandoning module Engine (14)
[2018.03.25-11.48.24:686][585]LogModuleManager: Shutting down and abandoning module CoreUObject (12)
[2018.03.25-11.48.24:686][585]LogModuleManager: Shutting down and abandoning module NetworkFile (10)
[2018.03.25-11.48.24:686][585]LogModuleManager: Shutting down and abandoning module CookedIterativeFile (8)
[2018.03.25-11.48.24:686][585]LogModuleManager: Shutting down and abandoning module StreamingFile (6)
[2018.03.25-11.48.24:686][585]LogModuleManager: Shutting down and abandoning module SandboxFile (4)
[2018.03.25-11.48.24:686][585]LogModuleManager: Shutting down and abandoning module PakFile (2)
[2018.03.25-11.48.24:692][585]LogExit: Exiting.
[2018.03.25-11.48.24:719][585]Log file closed, 03/25/18 14:48:24
