Log file open, 03/25/18 14:31:42
LogWindows: Failed to load 'aqProf.dll' (GetLastError=126)
LogWindows: File 'aqProf.dll' does not exist
LogWindows: Failed to load 'VSPerf140.dll' (GetLastError=126)
LogWindows: File 'VSPerf140.dll' does not exist
LogWindows: Failed to load 'VtuneApi.dll' (GetLastError=126)
LogWindows: File 'VtuneApi.dll' does not exist
LogWindows: Failed to load 'VtuneApi32e.dll' (GetLastError=126)
LogWindows: File 'VtuneApi32e.dll' does not exist
LogInit: Display: Running engine for game: SimLabsVR
LogPlatformFile: Not using cached read wrapper
LogInit: Display: RandInit(1705251994) SRandInit(1705251994).
LogTaskGraph: Started task graph with 5 named threads and 11 total threads with 3 sets of task threads.
LogStats: Stats thread started at 0.186347
LogD3D11RHI: Aftermath initialized
LogPluginManager: Mounting plugin Paper2D
LogPluginManager: Mounting plugin LightPropagationVolume
LogPluginManager: Mounting plugin CodeLiteSourceCodeAccess
LogPluginManager: Mounting plugin GitSourceControl
LogPluginManager: Mounting plugin KDevelopSourceCodeAccess
LogPluginManager: Mounting plugin NullSourceCodeAccess
LogPluginManager: Mounting plugin PerforceSourceControl
LogPluginManager: Mounting plugin SubversionSourceControl
LogPluginManager: Mounting plugin UObjectPlugin
LogPluginManager: Mounting plugin VisualStudioSourceCodeAccess
LogPluginManager: Mounting plugin XCodeSourceCodeAccess
LogPluginManager: Mounting plugin AssetManagerEditor
LogPluginManager: Mounting plugin AudioCapture
LogPluginManager: Mounting plugin FacialAnimation
LogPluginManager: Mounting plugin GameplayTagsEditor
LogPluginManager: Mounting plugin MobileLauncherProfileWizard
LogPluginManager: Mounting plugin PluginBrowser
LogPluginManager: Mounting plugin SpeedTreeImporter
LogPluginManager: Mounting plugin AlembicImporter
LogPluginManager: Mounting plugin CharacterAI
LogPluginManager: Mounting plugin HTML5Networking
LogPluginManager: Mounting plugin AndroidMedia
LogPluginManager: Mounting plugin AvfMedia
LogPluginManager: Mounting plugin MediaPlayerEditor
LogPluginManager: Mounting plugin WmfMedia
LogPluginManager: Mounting plugin TcpMessaging
LogPluginManager: Mounting plugin UdpMessaging
LogPluginManager: Mounting plugin LevelSequenceEditor
LogPluginManager: Mounting plugin MatineeToLevelSequence
LogPluginManager: Mounting plugin OnlineSubsystemGooglePlay
LogPluginManager: Mounting plugin OnlineSubsystemIOS
LogPluginManager: Mounting plugin OnlineSubsystem
LogPluginManager: Mounting plugin OnlineSubsystemNull
LogPluginManager: Mounting plugin OnlineSubsystemUtils
LogPluginManager: Mounting plugin AndroidDeviceProfileSelector
LogPluginManager: Mounting plugin AndroidMoviePlayer
LogPluginManager: Mounting plugin AndroidPermission
LogPluginManager: Mounting plugin AppleMoviePlayer
LogPluginManager: Mounting plugin ArchVisCharacter
LogPluginManager: Mounting plugin CableComponent
LogPluginManager: Mounting plugin CustomMeshComponent
LogPluginManager: Mounting plugin ExampleDeviceProfileSelector
LogPluginManager: Mounting plugin GoogleCloudMessaging
LogPluginManager: Mounting plugin ImmediatePhysics
LogPluginManager: Mounting plugin IOSDeviceProfileSelector
LogPluginManager: Mounting plugin LinuxDeviceProfileSelector
LogPluginManager: Mounting plugin LocationServicesBPLibrary
LogPluginManager: Mounting plugin MobilePatchingUtils
LogPluginManager: Mounting plugin OculusVR
LogPluginManager: Mounting plugin PhysXVehicles
LogPluginManager: Mounting plugin ProceduralMeshComponent
LogPluginManager: Mounting plugin RuntimePhysXCooking
LogPluginManager: Mounting plugin SteamVR
LogPluginManager: Mounting plugin WindowsMoviePlayer
LogInit: Using libcurl 7.47.1
LogInit:  - built for x86_64-pc-win32
LogInit:  - supports SSL with OpenSSL/1.0.2g
LogInit:  - supports HTTP deflate (compression) using libz 1.2.8
LogInit:  - other features:
LogInit:      CURL_VERSION_SSL
LogInit:      CURL_VERSION_LIBZ
LogInit:      CURL_VERSION_IPV6
LogInit:      CURL_VERSION_ASYNCHDNS
LogInit:      CURL_VERSION_LARGEFILE
LogInit:      CURL_VERSION_IDN
LogInit:  CurlRequestOptions (configurable via config and command line):
LogInit:  - bVerifyPeer = false  - Libcurl will NOT verify peer certificate
LogInit:  - bUseHttpProxy = false  - Libcurl will NOT use HTTP proxy
LogInit:  - bDontReuseConnections = false  - Libcurl will reuse connections
LogInit:  - CertBundlePath = nullptr  - Libcurl will use whatever was configured at build time.
LogInit: Build: ++UE4+Release-4.17-CL-3658906
LogInit: Engine Version: 4.17.2-3658906+++UE4+Release-4.17
LogInit: Compatible Engine Version: 4.17.0-3573198+++UE4+Release-4.17
LogInit: Net CL: 3573198
LogDevObjectVersion: Number of dev versions registered: 16
LogDevObjectVersion:   Dev-Blueprints (B0D832E4-1F89-4F0D-ACCF-7EB736FD4AA2): 10
LogDevObjectVersion:   Dev-Build (E1C64328-A22C-4D53-A36C-8E866417BD8C): 0
LogDevObjectVersion:   Dev-Core (375EC13C-06E4-48FB-B500-84F0262A717E): 2
LogDevObjectVersion:   Dev-Editor (E4B068ED-F494-42E9-A231-DA0B2E46BB41): 20
LogDevObjectVersion:   Dev-Framework (CFFC743F-43B0-4480-9391-14DF171D2073): 28
LogDevObjectVersion:   Dev-Mobile (B02B49B5-BB20-44E9-A304-32B752E40360): 0
LogDevObjectVersion:   Dev-Networking (A4E4105C-59A1-49B5-A7C5-40C4547EDFEE): 0
LogDevObjectVersion:   Dev-Online (39C831C9-5AE6-47DC-9A44-9C173E1C8E7C): 0
LogDevObjectVersion:   Dev-Physics (78F01B33-EBEA-4F98-B9B4-84EACCB95AA2): 0
LogDevObjectVersion:   Dev-Platform (6631380F-2D4D-43E0-8009-CF276956A95A): 0
LogDevObjectVersion:   Dev-Rendering (12F88B9F-8875-4AFC-A67C-D90C383ABD29): 19
LogDevObjectVersion:   Dev-Sequencer (7B5AE74C-D270-4C10-A958-57980B212A5A): 4
LogDevObjectVersion:   Dev-VR (D7296918-1DD6-4BDD-9DE2-64A83CC13884): 0
LogDevObjectVersion:   Dev-LoadTimes (C2A15278-BFE7-4AFE-6C17-90FF531DF755): 1
LogDevObjectVersion:   Private-Geometry (6EACA3D4-40EC-4CC1-B786-8BED09428FC5): 1
LogDevObjectVersion:   Dev-AnimPhys (29E575DD-E0A3-4627-9D10-D276232CDCEA): 7
LogInit: Compiled (64-bit): Sep 22 2017 13:47:16
LogInit: Compiled with Visual C++: 19.00.24215.01
LogInit: Build Configuration: Development
LogInit: Branch Name: ++UE4+Release-4.17
LogInit: Command line: -EpicPortal 
LogInit: Base directory: C:/Program Files/Epic Games/UE_4.17/Engine/Binaries/Win64/
LogInit: Installed Engine Build: 1
LogInit: Presizing for max 8388607 objects, including 0 objects not considered by GC, pre-allocating 0 bytes for permanent pool.
LogInit: Object subsystem initialized
[2018.03.25-11.31.47:464][  0]LogInit: Selected Device Profile: [Windows]
[2018.03.25-11.31.47:464][  0]LogInit: Applying CVar settings loaded from the selected device profile: [Windows]
[2018.03.25-11.31.47:476][  0]LogInit: Computer: GLADOS
[2018.03.25-11.31.47:477][  0]LogInit: User: Константин
[2018.03.25-11.31.47:477][  0]LogInit: CPU Page size=4096, Cores=3
[2018.03.25-11.31.47:477][  0]LogInit: High frequency timer resolution =3.237255 MHz
[2018.03.25-11.31.47:477][  0]LogMemory: Memory total: Physical=8.0GB (8GB approx)
[2018.03.25-11.31.47:477][  0]LogMemory: Platform Memory Stats for Windows
[2018.03.25-11.31.47:477][  0]LogMemory: Process Physical Memory: 279.21 MB used, 279.21 MB peak
[2018.03.25-11.31.47:477][  0]LogMemory: Process Virtual Memory: 276.72 MB used, 276.72 MB peak
[2018.03.25-11.31.47:477][  0]LogMemory: Physical Memory: 4476.14 MB used,  3697.98 MB free, 8174.12 MB total
[2018.03.25-11.31.47:477][  0]LogMemory: Virtual Memory: 654.94 MB used,  3697.98 MB free, 8388608.00 MB total
[2018.03.25-11.31.47:889][  0]LogInit: Using OS detected language (en-GB).
[2018.03.25-11.31.47:889][  0]LogInit: Using OS detected locale (en-GB).
[2018.03.25-11.31.47:893][  0]LogTextLocalizationManager: No specific localization for 'en-GB' exists, so the 'en' localization will be used.
[2018.03.25-11.31.48:953][  0]LogD3D11RHI: D3D11 adapters:
[2018.03.25-11.31.48:966][  0]LogD3D11RHI:    0. 'AMD Radeon HD 7700 Series' (Feature Level 11_0)
[2018.03.25-11.31.48:966][  0]LogD3D11RHI:       1002/0/3831 MB DedicatedVideo/DedicatedSystem/SharedSystem, Outputs:1, VendorId:0x1002
[2018.03.25-11.31.48:966][  0]LogD3D11RHI: Chosen D3D11 Adapter: 0
[2018.03.25-11.31.48:973][  0]LogD3D11RHI: Creating new Direct3DDevice
[2018.03.25-11.31.48:973][  0]LogD3D11RHI:     GPU DeviceId: 0x683d (for the marketing name, search the web for "GPU Device Id")
[2018.03.25-11.31.48:973][  0]LogWindows: EnumDisplayDevices:
[2018.03.25-11.31.48:974][  0]LogWindows:    0. 'AMD Radeon HD 7700 Series' (P:1 D:1)
[2018.03.25-11.31.48:974][  0]LogWindows:    1. 'AMD Radeon HD 7700 Series' (P:0 D:0)
[2018.03.25-11.31.48:974][  0]LogWindows:    2. 'AMD Radeon HD 7700 Series' (P:0 D:0)
[2018.03.25-11.31.48:975][  0]LogWindows:    3. 'AMD Radeon HD 7700 Series' (P:0 D:0)
[2018.03.25-11.31.48:975][  0]LogWindows:    4. 'AMD Radeon HD 7700 Series' (P:0 D:0)
[2018.03.25-11.31.48:975][  0]LogWindows:    5. 'AMD Radeon HD 7700 Series' (P:0 D:0)
[2018.03.25-11.31.48:976][  0]LogWindows:    6. 'RDPDD Chained DD' (P:0 D:0)
[2018.03.25-11.31.48:976][  0]LogWindows:    7. 'RDP Encoder Mirror Driver' (P:0 D:0)
[2018.03.25-11.31.48:976][  0]LogWindows:    8. 'RDP Reflector Display Driver' (P:0 D:0)
[2018.03.25-11.31.48:976][  0]LogWindows: DebugString: GetVideoDriverDetailsInvalid PrimaryIsNotTheChoosenAdapter GetVideoDriverDetailsInvalid PrimaryIsNotTheChoosenAdapter GetVideoDriverDetailsInvalid PrimaryIsNotTheChoosenAdapter FoundDriverCount:6 
[2018.03.25-11.31.48:976][  0]LogD3D11RHI:     Adapter Name: AMD Radeon HD 7700 Series
[2018.03.25-11.31.48:976][  0]LogD3D11RHI:   Driver Version: Crimson 16.11.3 (internal:21.19.160.769, unified:21.19.160.769)
[2018.03.25-11.31.48:976][  0]LogD3D11RHI:      Driver Date: 11-8-2016
[2018.03.25-11.31.48:976][  0]LogRHI: Texture pool is 701 MB (70% of 1002 MB)
[2018.03.25-11.31.49:022][  0]LogD3D11RHI: Async texture creation enabled
[2018.03.25-11.31.49:035][  0]LogD3D11RHI: GPU Timing Frequency: 27.000000 (Debug: 2 1)
[2018.03.25-11.31.49:035][  0]LogShaderCompilers: Guid format shader working directory is 4 characters bigger than the processId version (../../../../../../SRW/SimLabsVRProject/SimLabsVR/Intermediate/Shaders/WorkingDirectory/856/).
[2018.03.25-11.31.49:036][  0]LogShaderCompilers: Cleaned the shader compiler working directory 'C:/Users/Константин/AppData/Local/Temp/UnrealShaderWorkingDir/09D8FC684FF9B9F06FC730ADBF23E87A/'.
[2018.03.25-11.31.49:036][  0]LogShaderCompilers: Display: Using Local Shader Compiler.
[2018.03.25-11.31.50:754][  0]LogTemp: Display: Loaded TP AllDesktopTargetPlatform
[2018.03.25-11.31.50:856][  0]LogTemp: Display: Loaded TP MacClientTargetPlatform
[2018.03.25-11.31.50:963][  0]LogTemp: Display: Loaded TP MacNoEditorTargetPlatform
[2018.03.25-11.31.51:070][  0]LogTemp: Display: Loaded TP MacServerTargetPlatform
[2018.03.25-11.31.51:227][  0]LogTemp: Display: Loaded TP MacTargetPlatform
[2018.03.25-11.31.51:337][  0]LogTemp: Display: Loaded TP WindowsClientTargetPlatform
[2018.03.25-11.31.51:447][  0]LogTemp: Display: Loaded TP WindowsNoEditorTargetPlatform
[2018.03.25-11.31.51:554][  0]LogTemp: Display: Loaded TP WindowsServerTargetPlatform
[2018.03.25-11.31.51:643][  0]LogTemp: Display: Loaded TP WindowsTargetPlatform
[2018.03.25-11.31.51:748][  0]LogTemp: Display: Loaded TP AndroidTargetPlatform
[2018.03.25-11.31.51:865][  0]LogTemp: Display: Loaded TP Android_ASTCTargetPlatform
[2018.03.25-11.31.51:988][  0]LogTemp: Display: Loaded TP Android_ATCTargetPlatform
[2018.03.25-11.31.52:118][  0]LogTemp: Display: Loaded TP Android_DXTTargetPlatform
[2018.03.25-11.31.52:246][  0]LogTemp: Display: Loaded TP Android_ETC1TargetPlatform
[2018.03.25-11.31.52:352][  0]LogTemp: Display: Loaded TP Android_ETC2TargetPlatform
[2018.03.25-11.31.52:561][  0]LogTemp: Display: Loaded TP Android_MultiTargetPlatform
[2018.03.25-11.31.52:561][  0]LogTemp: Display: Loaded TP Android_PVRTCTargetPlatform
[2018.03.25-11.31.52:644][  0]LogTemp: Display: Loaded TP HTML5TargetPlatform
[2018.03.25-11.31.52:810][  0]LogTemp: Display: Loaded TP IOSTargetPlatform
[2018.03.25-11.31.52:872][  0]LogTemp: Display: Loaded TP TVOSTargetPlatform
[2018.03.25-11.31.52:979][  0]LogTemp: Display: Loaded TP LinuxClientTargetPlatform
[2018.03.25-11.31.53:084][  0]LogTemp: Display: Loaded TP LinuxNoEditorTargetPlatform
[2018.03.25-11.31.53:193][  0]LogTemp: Display: Loaded TP LinuxServerTargetPlatform
[2018.03.25-11.31.53:302][  0]LogTemp: Display: Loaded TP LinuxTargetPlatform
[2018.03.25-11.31.53:302][  0]LogTargetPlatformManager: Display: Building Assets For Windows
[2018.03.25-11.31.54:283][  0]LogDerivedDataCache: Display: Max Cache Size: 512 MB
[2018.03.25-11.31.54:488][  0]LogDerivedDataCache: Loaded boot cache 0.21s 93MB C:/Users/Константин/AppData/Local/UnrealEngine/4.17/DerivedDataCache/Boot.ddc.
[2018.03.25-11.31.54:488][  0]LogDerivedDataCache: Display: Loaded Boot cache: C:/Users/Константин/AppData/Local/UnrealEngine/4.17/DerivedDataCache/Boot.ddc
[2018.03.25-11.31.54:488][  0]LogDerivedDataCache: FDerivedDataBackendGraph:  Pak pak cache file ../../../../../../SRW/SimLabsVRProject/SimLabsVR/DerivedDataCache/DDC.ddp not found, will not use a pak cache.
[2018.03.25-11.31.54:488][  0]LogDerivedDataCache: Unable to find inner node Pak for hierarchical cache Hierarchy.
[2018.03.25-11.31.54:488][  0]LogDerivedDataCache: FDerivedDataBackendGraph:  CompressedPak pak cache file ../../../../../../SRW/SimLabsVRProject/SimLabsVR/DerivedDataCache/Compressed.ddp not found, will not use a pak cache.
[2018.03.25-11.31.54:488][  0]LogDerivedDataCache: Unable to find inner node CompressedPak for hierarchical cache Hierarchy.
[2018.03.25-11.31.54:519][  0]LogDerivedDataCache: Display: Pak cache opened for reading ../../../Engine/DerivedDataCache/Compressed.ddp.
[2018.03.25-11.31.54:530][  0]LogDerivedDataCache: Using Local data cache path C:/Users/Константин/AppData/Local/UnrealEngine/Common/DerivedDataCache: Writable
[2018.03.25-11.31.54:549][  0]LogMaterial: Verifying Global Shaders for PCD3D_SM5
[2018.03.25-11.31.54:550][  0]LogSlate: Using Freetype 2.6.0
[2018.03.25-11.31.54:550][  0]LogSlate: SlateFontCache - WITH_FREETYPE: 1, WITH_HARFBUZZ: 1
[2018.03.25-11.31.54:550][  0]LogSlate: SlateFontCache - WITH_FREETYPE: 1, WITH_HARFBUZZ: 1
[2018.03.25-11.31.54:980][  0]LogAssetRegistry: FAssetRegistry took 0.0274 seconds to start up
[2018.03.25-11.31.55:299][  0]LogInit: Selected Device Profile: [Windows]
[2018.03.25-11.31.55:306][  0]LogContentStreaming: Texture pool size is 0.00 MB
[2018.03.25-11.31.56:040][  0]LogSimplygon: Simplygon DLL not present - disabling.
[2018.03.25-11.31.56:273][  0]LogMeshReduction: Using SimplygonSwarm for distributed automatic mesh merging
[2018.03.25-11.31.56:273][  0]LogMeshReduction: Using QuadricMeshReduction for automatic static mesh reduction
[2018.03.25-11.31.56:273][  0]LogMeshReduction: No automatic skeletal mesh reduction module available
[2018.03.25-11.31.56:274][  0]LogMeshReduction: No automatic mesh merging module available
[2018.03.25-11.31.56:274][  0]LogMeshMerging: No automatic mesh merging module available
[2018.03.25-11.31.56:925][  0]LogNetVersion: SimLabsVR , NetCL: 3573198, EngineNetVer: 2, GameNetVer: 0 (Checksum: 4142299316)
[2018.03.25-11.31.57:446][  0]LogPackageLocalizationCache: Processed 5 localized package path(s) for 2 prioritized culture(s) in 0.069307 seconds
[2018.03.25-11.31.57:456][  0]LogUObjectArray: 35825 objects as part of root set at end of initial load.
[2018.03.25-11.31.57:456][  0]LogUObjectAllocator: 7529104 out of 0 bytes used by permanent object pool.
[2018.03.25-11.31.57:456][  0]LogUObjectArray: CloseDisregardForGC: 0/0 objects in disregard for GC pool
[2018.03.25-11.31.57:569][  0]LogInit: WinSock: version 1.1 (2.2), MaxSocks=32767, MaxUdp=65467
[2018.03.25-11.32.02:406][  0]LogTcpMessaging: Initializing TcpMessaging bridge
[2018.03.25-11.32.02:483][  0]LogUdpMessaging: Initializing bridge on interface 0.0.0.0:0 to multicast group 230.0.0.1:6666.
[2018.03.25-11.32.04:237][  0]LogMaterial: Uniform references updated for custom material expression Custom.
[2018.03.25-11.32.05:264][  0]SourceControl: Source control is disabled
[2018.03.25-11.32.05:264][  0]SourceControl: Source control is disabled
[2018.03.25-11.32.05:391][  0]SourceControl: Source control is disabled
[2018.03.25-11.32.05:503][  0]SourceControl: Source control is disabled
[2018.03.25-11.32.06:890][  0]LogAndroidPermission: UAndroidPermissionCallbackProxy::GetInstance
[2018.03.25-11.32.07:475][  0]LogOcInput: OculusInput pre-init called
[2018.03.25-11.32.08:097][  0]LogEngine: Initializing Engine...
[2018.03.25-11.32.08:100][  0]LogHMD: Failed to initialize OpenVR with code 110
[2018.03.25-11.32.08:558][  0]LogStats: UGameplayTagsManager::ConstructGameplayTagTree: Construct from data asset -  0.000 s
[2018.03.25-11.32.08:558][  0]LogStats: UGameplayTagsManager::ConstructGameplayTagTree: GameplayTagTreeChangedEvent.Broadcast -  0.000 s
[2018.03.25-11.32.08:890][  0]LogAIModule: Creating AISystem for world Untitled
[2018.03.25-11.32.08:912][  0]LogInit: XAudio2 using 'Line 1 (Virtual Audio Cable)' : 2 channels at 48 kHz using 16 bits per sample (channel mask 0x3)
[2018.03.25-11.32.08:921][  0]LogInit: FAudioDevice initialized.
[2018.03.25-11.32.10:614][  0]LogDerivedDataCache: Saved boot cache 1.69s 93MB C:/Users/Константин/AppData/Local/UnrealEngine/4.17/DerivedDataCache/Boot.ddc.
[2018.03.25-11.32.10:643][  0]LogInit: Texture streaming: Enabled
[2018.03.25-11.32.10:915][  0]LogEngineSessionManager: EngineSessionManager initialized
[2018.03.25-11.32.11:436][  0]LogInit: Transaction tracking system initialized
[2018.03.25-11.32.12:209][  0]BlueprintLog: New page: Editor Load
[2018.03.25-11.32.14:004][  0]LogInit: Warning: CVar named 'r.MobileHDR' marked up in RendererSettings was not found or is set to read-only
[2018.03.25-11.32.14:418][  0]LocalizationService: Localization service is disabled
[2018.03.25-11.32.16:064][  0]LogConsoleResponse: Display: 
[2018.03.25-11.32.16:433][  0]LogFileCache: Scanning file cache for directory 'C:/SRW/SimLabsVRProject/SimLabsVR/Content/' took 0.01s
[2018.03.25-11.32.16:433][  0]LogCook: Display: Max memory allowance for cook 16384mb min free memory 0mb
[2018.03.25-11.32.16:433][  0]LogCook: Display: Mobile HDR setting 0
[2018.03.25-11.32.16:433][  0]LogGameplayTags: Display: UGameplayTagsManager::DoneAddingNativeTags. DelegateIsBound: 0
[2018.03.25-11.32.18:524][  0]SourceControl: Source control is disabled
[2018.03.25-11.32.18:524][  0]Cmd: MAP LOAD FILE="../../../Engine/Content/Maps/Templates/Template_Default.umap" TEMPLATE=1 SHOWPROGRESS=1 FEATURELEVEL=3
[2018.03.25-11.32.18:525][  0]LightingResults: New page: Lighting Build
[2018.03.25-11.32.18:609][  0]MapCheck: New page: Map Check
[2018.03.25-11.32.18:610][  0]LightingResults: New page: Lighting Build
[2018.03.25-11.32.18:995][  0]LogAIModule: Creating AISystem for world Untitled_1
[2018.03.25-11.32.19:002][  0]LogEditorServer: Finished looking for orphan Actors (0.000 secs)
[2018.03.25-11.32.19:034][  0]Cmd: MAP CHECKDEP NOCLEARLOG
[2018.03.25-11.32.19:113][  0]MapCheck: Map check complete: 0 Error(s), 0 Warning(s), took 78.432ms to complete.
[2018.03.25-11.32.19:113][  0]LogFileHelpers: Loading map 'Template_Default' took 0.589
[2018.03.25-11.32.19:736][  0]LogCollectionManager: Loaded 0 collections in 0.001906 seconds
[2018.03.25-11.32.19:857][  0]LogFileCache: Scanning file cache for directory 'C:/SRW/SimLabsVRProject/SimLabsVR/Saved/Collections/' took 0.01s
[2018.03.25-11.32.19:857][  0]LogFileCache: Scanning file cache for directory 'C:/SRW/SimLabsVRProject/SimLabsVR/Content/Developers/Константин/Collections/' took 0.01s
[2018.03.25-11.32.19:857][  0]LogFileCache: Scanning file cache for directory 'C:/SRW/SimLabsVRProject/SimLabsVR/Content/Collections/' took 0.01s
[2018.03.25-11.32.19:857][  0]LogCollectionManager: Rebuilt the GUID cache for 0 collections in 0.000001 seconds
[2018.03.25-11.32.19:877][  0]LogContentBrowser: Native class hierarchy populated in 0.0192 seconds. Added 2388 classes and 504 folders.
[2018.03.25-11.32.20:001][  0]LogContentBrowser: Native class hierarchy updated for 'WidgetCarousel' in 0.0022 seconds. Added 0 classes and 0 folders.
[2018.03.25-11.32.23:263][  0]LogContentBrowser: Native class hierarchy updated for 'AddContentDialog' in 0.0021 seconds. Added 0 classes and 0 folders.
[2018.03.25-11.32.23:360][  0]LogSlate: Took 0.000290 seconds to synchronously load lazily loaded font '../../../Engine/Content/Slate/Fonts/Roboto-Regular.ttf' (155K)
[2018.03.25-11.32.23:366][  0]LogSlate: Took 0.000236 seconds to synchronously load lazily loaded font '../../../Engine/Content/Slate/Fonts/Roboto-Bold.ttf' (160K)
[2018.03.25-11.32.23:399][  0]LogSlate: Took 0.029156 seconds to synchronously load lazily loaded font '../../../Engine/Content/Editor/Slate/Fonts/FontAwesome.ttf' (139K)
[2018.03.25-11.32.23:470][  0]LogSlate: Took 0.069882 seconds to synchronously load lazily loaded font '../../../Engine/Content/Editor/Slate/Fonts/DroidSansMono.ttf' (77K)
[2018.03.25-11.32.23:838][  0]LogRenderer: Reallocating scene render targets to support 840x556 Format 10 NumSamples 1 (Frame:1).
[2018.03.25-11.32.24:353][  0]LogContentBrowser: Native class hierarchy updated for 'HierarchicalLODOutliner' in 0.0027 seconds. Added 1 classes and 2 folders.
[2018.03.25-11.32.24:353][  0]LogLoad: (Engine Initialization) Total time: 43.65 seconds
[2018.03.25-11.32.24:353][  0]LogLoad: (Engine Initialization) Total Blueprint compile time: 0.00 seconds
[2018.03.25-11.32.24:354][  0]LogExternalProfiler: No external profilers were discovered.  External profiling features will not be available.
[2018.03.25-11.32.24:421][  0]LogContentStreaming: Texture pool size now 1000 MB
[2018.03.25-11.32.32:080][163]LogAssetRegistry: Asset discovery search completed in 37.1196 seconds
[2018.03.25-11.32.32:083][163]LogCollectionManager: Rebuilt the object cache for 0 collections in 0.000000 seconds (found 0 objects)
[2018.03.25-11.32.32:084][163]LogCollectionManager: Fixed up redirectors for 0 collections in 0.000246 seconds (updated 0 objects)
[2018.03.25-11.34.10:788][459]LogSlate: Took 0.000317 seconds to synchronously load lazily loaded font '../../../Engine/Content/Slate/Fonts/Roboto-Light.ttf' (159K)
[2018.03.25-11.34.32:719][ 95]LogSlate: Took 0.000230 seconds to synchronously load lazily loaded font '../../../Engine/Content/Slate/Fonts/Roboto-Light.ttf' (159K)
[2018.03.25-11.34.32:759][ 95]LogLinker: Warning: Can't find file '/Game/Maps/EntryLevel_BuiltData'
[2018.03.25-11.34.32:759][ 95]LogLinker: Warning: Can't find file for asset '/Game/Maps/EntryLevel_BuiltData' while loading ../../../../../../SRW/SimLabsVRProject/SimLabsVR/Content/Maps/EntryLevel.umap.
[2018.03.25-11.34.32:759][ 95]LoadErrors: Error: /Game/Maps/EntryLevel : Can't find file for asset. /Game/Maps/EntryLevel_BuiltData
[2018.03.25-11.34.32:766][ 95]LogLinker: Warning: Can't find file '/Game/Maps/EntryLevel_BuiltData'
[2018.03.25-11.34.32:766][ 95]LogLinker: Warning: Can't find file for asset '/Game/Maps/EntryLevel_BuiltData' while loading ../../../../../../SRW/SimLabsVRProject/SimLabsVR/Content/Maps/EntryLevel.umap.
[2018.03.25-11.34.32:809][ 95]LogLinker: Warning: Can't find file '/Game/Maps/EntryLevel_BuiltData'
[2018.03.25-11.34.32:810][ 95]LogLinker: Warning: Can't find file for asset '/Game/Maps/EntryLevel_BuiltData' while loading NULL.
[2018.03.25-11.34.32:810][ 95]LogLinker: Warning: Can't find file '/Game/Maps/EntryLevel_BuiltData'
[2018.03.25-11.34.32:810][ 95]LogLinker: Warning: Can't find file for asset '/Game/Maps/EntryLevel_BuiltData' while loading NULL.
[2018.03.25-11.34.32:831][ 95]LogLinker: Warning: Can't find file '/Game/Maps/EntryLevel_BuiltData'
[2018.03.25-11.34.32:832][ 95]LoadErrors: Failed to load /Game/Maps/EntryLevel_BuiltData.EntryLevel_BuiltData Referenced by PersistentLevel
[2018.03.25-11.34.32:832][ 95]LogLinker: Warning: Can't find file for asset '/Game/Maps/EntryLevel_BuiltData' while loading NULL.
[2018.03.25-11.34.33:474][ 95]LogSlate: Took 0.000257 seconds to synchronously load lazily loaded font '../../../Engine/Content/Slate/Fonts/Roboto-Regular.ttf' (155K)
[2018.03.25-11.34.33:506][ 95]LogAIModule: Creating AISystem for world EntryLevel
[2018.03.25-11.34.33:546][ 95]Cmd: MAP LOAD FILE="../../../../../../SRW/SimLabsVRProject/SimLabsVR/Content/Maps/EntryLevel.umap" TEMPLATE=0 SHOWPROGRESS=1 FEATURELEVEL=3
[2018.03.25-11.34.33:547][ 95]LightingResults: New page: Lighting Build
[2018.03.25-11.34.33:549][ 95]LoadErrors: New page: Loading map: EntryLevel.umap
[2018.03.25-11.34.33:550][ 95]MapCheck: New page: Map Check
[2018.03.25-11.34.33:550][ 95]LightingResults: New page: Lighting Build
[2018.03.25-11.34.33:711][ 95]LogEditorServer: Finished looking for orphan Actors (0.000 secs)
[2018.03.25-11.34.33:776][ 95]Cmd: MAP CHECKDEP NOCLEARLOG
[2018.03.25-11.34.33:871][ 95]MapCheck: Map check complete: 0 Error(s), 0 Warning(s), took 95.41ms to complete.
[2018.03.25-11.34.33:872][ 95]LogFileHelpers: Loading map 'EntryLevel' took 0.326
[2018.03.25-11.34.39:194][661]LogTemp: Repeating last play command: Selected Viewport
[2018.03.25-11.34.39:293][661]LogBlueprintUserMessages: Early PlayInEditor Detection: Level '/Game/Maps/EntryLevel.EntryLevel:PersistentLevel' has LevelScriptBlueprint '/Game/Maps/EntryLevel.EntryLevel:PersistentLevel.EntryLevel' with GeneratedClass '/Game/Maps/EntryLevel.EntryLevel_C' with ClassGeneratedBy '/Game/Maps/EntryLevel.EntryLevel:PersistentLevel.EntryLevel'
[2018.03.25-11.34.39:294][661]LogPlayLevel: PlayLevel: No blueprints needed recompiling
[2018.03.25-11.34.39:294][661]PIE: New page: PIE session: EntryLevel (25 Mar 2018 17:34:39)
[2018.03.25-11.34.39:295][661]LogPlayLevel: Creating play world package: /Game/Maps/UEDPIE_0_EntryLevel
[2018.03.25-11.34.39:337][661]LogPlayLevel: PIE: StaticDuplicateObject took: (0.042307s)
[2018.03.25-11.34.39:375][661]LogAIModule: Creating AISystem for world EntryLevel
[2018.03.25-11.34.39:376][661]LogPlayLevel: PIE: World Init took: (0.001667s)
[2018.03.25-11.34.39:376][661]LogPlayLevel: PIE: Created PIE world by copying editor world from /Game/Maps/EntryLevel.EntryLevel to /Game/Maps/UEDPIE_0_EntryLevel.EntryLevel (0.081409s)
[2018.03.25-11.34.39:409][661]LogInit: XAudio2 using 'Line 1 (Virtual Audio Cable)' : 2 channels at 48 kHz using 16 bits per sample (channel mask 0x3)
[2018.03.25-11.34.39:417][661]LogInit: FAudioDevice initialized.
[2018.03.25-11.34.39:484][661]LogLoad: Game class is 'GameModeBase'
[2018.03.25-11.34.39:525][661]LogWorld: Bringing World /Game/Maps/UEDPIE_0_EntryLevel.EntryLevel up for play (max tick rate 0) at 2018.03.25-14.34.39
[2018.03.25-11.34.39:583][661]LogWorld: Bringing up level for play took: 0.058712
[2018.03.25-11.34.39:802][661]LogContentBrowser: Native class hierarchy updated for 'MovieSceneCapture' in 0.0025 seconds. Added 11 classes and 0 folders.
[2018.03.25-11.34.39:825][661]LogLevel: Warning: EnableInput on a LevelScript actor can not be specified for only one PlayerController.  Enabling for all PlayerControllers.
[2018.03.25-11.34.39:828][661]LogMediaAssets: Error: Failed to validate media source 1080_30 (file://../../../../../../SRW/SimLabsVRProject/SimLabsVR/Content/Movies/1080_30.mp4)
[2018.03.25-11.34.39:828][661]PIE: Play in editor start time for /Game/Maps/UEDPIE_0_EntryLevel -0.234
[2018.03.25-11.34.39:829][661]LogBlueprintUserMessages: Late PlayInEditor Detection: Level '/Game/Maps/EntryLevel.EntryLevel:PersistentLevel' has LevelScriptBlueprint '/Game/Maps/EntryLevel.EntryLevel:PersistentLevel.EntryLevel' with GeneratedClass '/Game/Maps/EntryLevel.EntryLevel_C' with ClassGeneratedBy '/Game/Maps/EntryLevel.EntryLevel:PersistentLevel.EntryLevel'
[2018.03.25-11.34.42:254][942]LogBlueprintUserMessages: Early EndPlayMap Detection: Level '/Game/Maps/EntryLevel.EntryLevel:PersistentLevel' has LevelScriptBlueprint '/Game/Maps/EntryLevel.EntryLevel:PersistentLevel.EntryLevel' with GeneratedClass '/Game/Maps/EntryLevel.EntryLevel_C' with ClassGeneratedBy '/Game/Maps/EntryLevel.EntryLevel:PersistentLevel.EntryLevel'
[2018.03.25-11.34.42:311][942]LogBlueprintUserMessages: Late EndPlayMap Detection: Level '/Game/Maps/EntryLevel.EntryLevel:PersistentLevel' has LevelScriptBlueprint '/Game/Maps/EntryLevel.EntryLevel:PersistentLevel.EntryLevel' with GeneratedClass '/Game/Maps/EntryLevel.EntryLevel_C' with ClassGeneratedBy '/Game/Maps/EntryLevel.EntryLevel:PersistentLevel.EntryLevel'
[2018.03.25-11.35.17:452][733]MapCheck: New page: Map Check
[2018.03.25-11.35.17:493][733]Cmd: MAP REBUILD ALLVISIBLE
[2018.03.25-11.35.17:493][733]LogEditorServer: Rebuildmap Clear paths rebuilt
[2018.03.25-11.35.17:796][733]LogMaterial: Missing cached shader map for material FDebugViewModeMaterialProxy WorldGridMaterial, compiling. Is special engine material.
[2018.03.25-11.35.17:954][733]LogMaterial: Missing cached shader map for material FDebugViewModeMaterialProxy normalCube3x2Mat, compiling. 
[2018.03.25-11.35.17:963][733]LogMaterial: Missing cached shader map for material FDebugViewModeMaterialProxy plane_body, compiling. 
[2018.03.25-11.35.17:988][733]LogMaterial: Missing cached shader map for material FDebugViewModeMaterialProxy glass_material_Inst, compiling. 
[2018.03.25-11.35.20:089][733]TextureStreamingBuild: Display: Compiling optional shaders took 2.305 seconds.
[2018.03.25-11.35.20:143][733]LogLevel: Display: Export Material TexCoord Scales took 0.053 seconds.
[2018.03.25-11.35.20:167][733]TextureStreamingBuild: Display: Build Texture Streaming took 0.024 seconds.
[2018.03.25-11.35.20:210][733]LightingResults: New page: Lighting Build - 25 Mar 2018 17:35:20
[2018.03.25-11.35.20:518][733]LogSwarmInterface: [OpenConnection] Registering TCP channel ...
[2018.03.25-11.35.20:660][733]LogSwarmInterface: [OpenConnection] Connecting to agent ...
[2018.03.25-11.35.20:733][733]LogSwarmInterface: [TryOpenConnection] Testing the Agent
[2018.03.25-11.35.23:316][733]LogSwarmInterface: [TryOpenConnection] Opening Connection to Agent
[2018.03.25-11.35.23:316][733]LogSwarmInterface: [TryOpenConnection] Local Process ID is 856
[2018.03.25-11.35.30:210][733]LogStaticLightingSystem: Warning: No importance volume found, so the scene bounding box was used.  You can optimize your scene's quality and lighting build times by adding importance volumes.
[2018.03.25-11.35.30:347][733]LogStaticLightingSystem: Running Lightmass w/ ImmediateImport mode ENABLED
[2018.03.25-11.35.30:347][733]LogStaticLightingSystem: Running Lightmass w/ ImmediateProcess mode ENABLED
[2018.03.25-11.35.30:347][733]LogStaticLightingSystem: Running Lightmass w/ Sorting mode ENABLED
[2018.03.25-11.35.30:348][733]LogStaticLightingSystem: Running Lightmass w/ Mapping paddings ENABLED
[2018.03.25-11.35.30:348][733]LogStaticLightingSystem: Running Lightmass w/ Mapping debug paddings DISABLED
[2018.03.25-11.35.30:728][733]Cmd: MAP CHECK DONTDISPLAYDIALOG
[2018.03.25-11.35.30:728][733]MapCheck: New page: EntryLevel - 25 Mar 2018 17:35:30
[2018.03.25-11.35.30:745][733]MapCheck: Warning: F-16_fbx_14 Static mesh actor has NULL StaticMesh property 
[2018.03.25-11.35.30:745][733]MapCheck: Warning: F-16_fbx_14 Static mesh actor has NULL StaticMesh property 
[2018.03.25-11.35.30:745][733]MapCheck: Error: WorldSettings_1 Maps need lighting rebuilt 
[2018.03.25-11.35.30:843][733]MapCheck: Map check complete: 1 Error(s), 2 Warning(s), took 114.769ms to complete.
[2018.03.25-11.35.30:864][733]LogEditorBuildUtils: Build time 0:13
[2018.03.25-11.35.36:014][964]Job is a success!
[2018.03.25-11.35.36:020][964]LightingResults: Warning: TAL16FBX Object has overlapping UVs.
[2018.03.25-11.35.36:020][964]LightingResults: TAL16FBX Lightmap UV are overlapping by 5.5%. Please adjust content - Enable Error Coloring to visualize.
[2018.03.25-11.35.36:662][965]LogTexture: Display: Building textures: HQ_Lightmap0_1 (AutoDXT, 128X128)
[2018.03.25-11.35.36:663][965]LogTexture: Display: Building textures: LQ_Lightmap_0_1 (DXT1, 128X128)
[2018.03.25-11.35.36:663][965]LogTexture: Display: Building textures: ShadowMapTexture2D_0 (G8, 128X64)
[2018.03.25-11.35.36:745][965]Lightmass on GLADOS: 3.61 sec total, 403 ms importing, 87 ms setup, 269 ms photons, 2.76 sec processing, 0 ms extra exporting [2/2 mappings]. Threads: 13.7 sec total, 2.75 sec processing.
[2018.03.25-11.35.36:810][965]LogStaticLightingSystem: Illumination: 16.3 sec (130 ms encoding lightmaps, 27 ms encoding shadowmaps)
[2018.03.25-11.35.36:811][965]LogStaticLightingSystem: Lightmap texture memory:  0.0 MB (0.0 MB streaming, 0.0 MB non-streaming), 2 textures
[2018.03.25-11.35.36:811][965]LogStaticLightingSystem: Shadowmap texture memory: 0.0 MB (0.0 MB streaming, 0.0 MB non-streaming), 1 textures
[2018.03.25-11.35.37:221][965]DumpUnbuiltLightIteractions
[2018.03.25-11.35.37:221][965]Lights with unbuilt interactions: 0
[2018.03.25-11.35.37:221][965]
[2018.03.25-11.35.37:221][965]Primitives with unbuilt interactions: 0
[2018.03.25-11.35.37:278][966]Cmd: MAP CHECK NOTIFYRESULTS
[2018.03.25-11.35.37:279][966]MapCheck: New page: EntryLevel - 25 Mar 2018 17:35:37
[2018.03.25-11.35.37:280][966]MapCheck: Warning: F-16_fbx_14 Static mesh actor has NULL StaticMesh property 
[2018.03.25-11.35.37:280][966]MapCheck: Warning: F-16_fbx_14 Static mesh actor has NULL StaticMesh property 
[2018.03.25-11.35.37:388][966]MapCheck: Map check complete: 0 Error(s), 2 Warning(s), took 109.295ms to complete.
[2018.03.25-11.35.49:907][237]Cmd: OBJ SAVEPACKAGE PACKAGE="/Game/Maps/EntryLevel" FILE="../../../../../../SRW/SimLabsVRProject/SimLabsVR/Content/Maps/EntryLevel.umap" SILENT=true AUTOSAVING=false KEEPDIRTY=false
[2018.03.25-11.35.50:291][237]LogSavePackage: Save=340.02ms
[2018.03.25-11.35.50:291][237]LogSavePackage: Moving '../../../../../../SRW/SimLabsVRProject/SimLabsVR/Saved/EntryLevel8B754B96421E2C2E709EA8AAEF561878.tmp' to '../../../../../../SRW/SimLabsVRProject/SimLabsVR/Content/Maps/EntryLevel.umap'
[2018.03.25-11.35.50:301][237]LogSavePackage: Display: Finished SavePackage ../../../../../../SRW/SimLabsVRProject/SimLabsVR/Content/Maps/EntryLevel.umap
[2018.03.25-11.35.50:323][237]Cmd: OBJ SAVEPACKAGE PACKAGE="/Game/Maps/EntryLevel_BuiltData" FILE="../../../../../../SRW/SimLabsVRProject/SimLabsVR/Content/Maps/EntryLevel_BuiltData.uasset" SILENT=true
[2018.03.25-11.35.50:341][237]LogSavePackage: Save=16.05ms
[2018.03.25-11.35.50:341][237]LogSavePackage: Moving '../../../../../../SRW/SimLabsVRProject/SimLabsVR/Saved/EntryLevel_BuiltData3C57599246BD10C3C99724B01B6F4159.tmp' to '../../../../../../SRW/SimLabsVRProject/SimLabsVR/Content/Maps/EntryLevel_BuiltData.uasset'
[2018.03.25-11.35.50:344][237]LogSavePackage: Display: Finished SavePackage ../../../../../../SRW/SimLabsVRProject/SimLabsVR/Content/Maps/EntryLevel_BuiltData.uasset
[2018.03.25-11.36.01:522][280]SourceControl: On branch master
[2018.03.25-11.36.01:522][280]SourceControl: Your branch is up to date with 'origin/master'.
[2018.03.25-11.36.01:523][280]SourceControl: Changes to be committed:
[2018.03.25-11.36.01:523][280]SourceControl:   (use "git reset HEAD <file>..." to unstage)
[2018.03.25-11.36.01:523][280]SourceControl: 	deleted:    Config/DefaultEditor.ini
[2018.03.25-11.36.01:523][280]SourceControl: 	deleted:    Config/DefaultEngine.ini
[2018.03.25-11.36.01:524][280]SourceControl: 	deleted:    Config/DefaultGame.ini
[2018.03.25-11.36.01:524][280]SourceControl: 	deleted:    Config/DefaultInput.ini
[2018.03.25-11.36.01:524][280]SourceControl: 	deleted:    Content/Maps/EntryLevel.umap
[2018.03.25-11.36.01:524][280]SourceControl: 	deleted:    Content/Matwork/NewMaterial.uasset
[2018.03.25-11.36.01:524][280]SourceControl: 	deleted:    Content/Matwork/azeroth.png
[2018.03.25-11.36.01:525][280]SourceControl: 	deleted:    Content/Matwork/azeroth.uasset
[2018.03.25-11.36.01:525][280]SourceControl: 	deleted:    Content/Matwork/ch03_perceiving_color167.uasset
[2018.03.25-11.36.01:525][280]SourceControl: 	deleted:    Content/Matwork/ch03_perceiving_color167_Mat.uasset
[2018.03.25-11.36.01:525][280]SourceControl: 	deleted:    Content/Matwork/coordinate_system.uasset
[2018.03.25-11.36.01:526][280]SourceControl: 	deleted:    Content/Matwork/e8LgfCVrV1h9fh6NHuxfr6YN.uasset
[2018.03.25-11.36.01:526][280]SourceControl: 	deleted:    Content/Matwork/unwrap_helper.jpg
[2018.03.25-11.36.01:526][280]SourceControl: 	deleted:    Content/Matwork/unwrap_helper.uasset
[2018.03.25-11.36.01:526][280]SourceControl: 	deleted:    Content/Matwork/ww.uasset
[2018.03.25-11.36.01:526][280]SourceControl: 	deleted:    Content/Matwork/ww_Mat.uasset
[2018.03.25-11.36.01:527][280]SourceControl: 	deleted:    Content/Meshes/TAL16FBX.uasset
[2018.03.25-11.36.01:527][280]SourceControl: 	deleted:    Content/Meshes/angular360_mesh.uasset
[2018.03.25-11.36.01:527][280]SourceControl: 	deleted:    Content/Meshes/cube3x2_mesh.uasset
[2018.03.25-11.36.01:527][280]SourceControl: 	deleted:    Content/Meshes/cubesphere3x2_mesh.uasset
[2018.03.25-11.36.01:528][280]SourceControl: 	deleted:    Content/Meshes/facebookCube3x2_mesh.uasset
[2018.03.25-11.36.01:528][280]SourceControl: 	deleted:    Content/Meshes/latlongSphere_mesh.uasset
[2018.03.25-11.36.01:528][280]SourceControl: 	deleted:    Content/Meshes/mat/angular360Mat.uasset
[2018.03.25-11.36.01:528][280]SourceControl: 	deleted:    Content/Meshes/mat/cube3x2Mat.uasset
[2018.03.25-11.36.01:528][280]SourceControl: 	deleted:    Content/Meshes/mat/defaultMat.uasset
[2018.03.25-11.36.01:529][280]SourceControl: 	deleted:    Content/Meshes/mat/glass_material.uasset
[2018.03.25-11.36.01:529][280]SourceControl: 	deleted:    Content/Meshes/mat/glass_material_Inst.uasset
[2018.03.25-11.36.01:529][280]SourceControl: 	deleted:    Content/Meshes/mat/latlongMat.uasset
[2018.03.25-11.36.01:529][280]SourceControl: 	deleted:    Content/Meshes/mat/normalCube3x2Mat.uasset
[2018.03.25-11.36.01:529][280]SourceControl: 	deleted:    Content/Meshes/mat/plane_body.uasset
[2018.03.25-11.36.01:529][280]SourceControl: 	deleted:    Content/Meshes/normal_cube3x2_mesh.uasset
[2018.03.25-11.36.01:530][280]SourceControl: 	deleted:    Content/Meshes/texture/TALTS.uasset
[2018.03.25-11.36.01:530][280]SourceControl: 	deleted:    Content/Meshes/texture/angular360.uasset
[2018.03.25-11.36.01:530][280]SourceControl: 	deleted:    Content/Meshes/texture/cubemap3x2.uasset
[2018.03.25-11.36.01:530][280]SourceControl: 	deleted:    Content/Meshes/texture/equirectangular.uasset
[2018.03.25-11.36.01:530][280]SourceControl: 	deleted:    Content/Meshes/texture/facebook_cubemap3x2.uasset
[2018.03.25-11.36.01:530][280]SourceControl: 	deleted:    Content/Meshes/texture/normal_cubemap3x2.uasset
[2018.03.25-11.36.01:531][280]SourceControl: 	deleted:    Content/Movies/1080_30.uasset
[2018.03.25-11.36.01:531][280]SourceControl: 	deleted:    Content/Movies/1080_60.uasset
[2018.03.25-11.36.01:531][280]SourceControl: 	deleted:    Content/Movies/1440_30.uasset
[2018.03.25-11.36.01:531][280]SourceControl: 	deleted:    Content/Movies/1440_60.uasset
[2018.03.25-11.36.01:532][280]SourceControl: 	deleted:    Content/Movies/4K_30.uasset
[2018.03.25-11.36.01:532][280]SourceControl: 	deleted:    Content/Movies/4K_60.uasset
[2018.03.25-11.36.01:532][280]SourceControl: 	deleted:    Content/Movies/CubeMap_VidoMaterial.uasset
[2018.03.25-11.36.01:532][280]SourceControl: 	deleted:    Content/Movies/NewMediaPlayer.uasset
[2018.03.25-11.36.01:532][280]SourceControl: 	deleted:    Content/Movies/NewMediaPlayer_Video_Mat.uasset
[2018.03.25-11.36.01:532][280]SourceControl: 	deleted:    Content/Movies/Thumbs.db
[2018.03.25-11.36.01:532][280]SourceControl: 	deleted:    Content/Movies/cubemap_videTexture.uasset
[2018.03.25-11.36.01:533][280]SourceControl: 	deleted:    SimLabsVR_bp.uproject
[2018.03.25-11.36.01:533][280]SourceControl: Untracked files:
[2018.03.25-11.36.01:533][280]SourceControl:   (use "git add <file>..." to include in what will be committed)
[2018.03.25-11.36.01:533][280]SourceControl: 	SimLabsVR/
[2018.03.25-11.36.06:059][703]SourceControl: fatal: C:/Program Files/Epic Games/UE_4.17/Engine/Content/: 'C:/Program Files/Epic Games/UE_4.17/Engine/Content/' is outside repository
[2018.03.25-11.36.06:260][703]LogPackageName: Error: Illegal call to DoesPackageExist: '../../../../../../SRW/SimLabsVRProject/SimLabsVR/SimLabsVR.uproject' is not a standard unreal filename or a long path name. Reason: Path should be no less than 4 characters long.
[2018.03.25-11.36.07:701][703]LogStats: FPlatformStackWalk::StackWalkAndDump -  1.441 s
[2018.03.25-11.36.07:702][703]LogOutputDevice: Error: === Handled ensure: ===
[2018.03.25-11.36.07:702][703]LogOutputDevice: Error: 
[2018.03.25-11.36.07:702][703]LogOutputDevice: Error: Ensure condition failed: false [File:D:\Build\++UE4+Release-4.17+Compile\Sync\Engine\Source\Runtime\CoreUObject\Private\Misc\PackageName.cpp] [Line: 810]
[2018.03.25-11.36.07:702][703]LogOutputDevice: Error: Illegal call to DoesPackageExist: '../../../../../../SRW/SimLabsVRProject/SimLabsVR/SimLabsVR.uproject' is not a standard unreal filename or a long path name. Reason: Path should be no less than 4 characters long.
[2018.03.25-11.36.07:703][703]LogOutputDevice: Error: Stack: 
[2018.03.25-11.36.07:703][703]LogOutputDevice: Error: UE4Editor-Core.dll!0x00000000E50E3E36
[2018.03.25-11.36.07:703][703]LogOutputDevice: Error: UE4Editor-Core.dll!0x00000000E4E6C2D2
[2018.03.25-11.36.07:703][703]LogOutputDevice: Error: UE4Editor-Core.dll!0x00000000E4E84746
[2018.03.25-11.36.07:703][703]LogOutputDevice: Error: UE4Editor-CoreUObject.dll!0x00000000E46F1BA5
[2018.03.25-11.36.07:703][703]LogOutputDevice: Error: UE4Editor-SourceControl.dll!0x00000000D9C873C2
[2018.03.25-11.36.07:704][703]LogOutputDevice: Error: UE4Editor-SourceControl.dll!0x00000000D9C87557
[2018.03.25-11.36.07:704][703]LogOutputDevice: Error: UE4Editor-SourceControlWindows.dll!0x00000000D7F878EE
[2018.03.25-11.36.07:704][703]LogOutputDevice: Error: UE4Editor-SourceControlWindows.dll!0x00000000D7F43755
[2018.03.25-11.36.07:704][703]LogOutputDevice: Error: UE4Editor-SourceControlWindows.dll!0x00000000D7F42D2D
[2018.03.25-11.36.07:704][703]LogOutputDevice: Error: UE4Editor-SourceControlWindows.dll!0x00000000D7F57DD4
[2018.03.25-11.36.07:704][703]LogOutputDevice: Error: UE4Editor-GitSourceControl.dll!0x00000000CDA332F9
[2018.03.25-11.36.07:705][703]LogOutputDevice: Error: UE4Editor-SourceControl.dll!0x00000000D9C8C27C
[2018.03.25-11.36.07:705][703]LogOutputDevice: Error: UE4Editor-UnrealEd.dll!0x00000000DD7CD0BF
[2018.03.25-11.36.07:705][703]LogOutputDevice: Error: UE4Editor-UnrealEd.dll!0x00000000DE05D646
[2018.03.25-11.36.07:705][703]LogOutputDevice: Error: UE4Editor.exe!0x000000003FC6534A
[2018.03.25-11.36.07:705][703]LogOutputDevice: Error: UE4Editor.exe!0x000000003FC73970
[2018.03.25-11.36.07:705][703]LogOutputDevice: Error: UE4Editor.exe!0x000000003FC739EA
[2018.03.25-11.36.07:705][703]LogOutputDevice: Error: UE4Editor.exe!0x000000003FC802D9
[2018.03.25-11.36.07:706][703]LogOutputDevice: Error: UE4Editor.exe!0x000000003FC81C47
[2018.03.25-11.36.07:706][703]LogOutputDevice: Error: kernel32.dll!0x0000000077AA59CD
[2018.03.25-11.36.07:706][703]LogOutputDevice: Error: ntdll.dll!0x0000000077BDA561
[2018.03.25-11.36.07:706][703]LogOutputDevice: Error: 
[2018.03.25-11.36.07:714][703]LogStats:                SubmitErrorReport -  0.000 s
[2018.03.25-11.36.14:248][703]LogStats:                    SendNewReport -  6.535 s
[2018.03.25-11.36.14:249][703]LogStats:             FDebug::EnsureFailed -  7.988 s
[2018.03.25-11.36.36:728][703]LogSourceControl: FGitCheckInWorker: commit successful
[2018.03.25-11.36.36:830][703]SourceControl: [master 38f3530] Added EntryMap
[2018.03.25-11.36.36:830][703]SourceControl:  2 files changed, 13 insertions(+)
[2018.03.25-11.36.36:830][703]SourceControl:  create mode 100644 SimLabsVR/Content/Maps/EntryLevel.umap
[2018.03.25-11.36.36:830][703]SourceControl:  create mode 100644 SimLabsVR/SimLabsVR.uproject
[2018.03.25-11.36.36:838][703]SourceControl: Commited [master 38f3530] Added EntryMap.
[2018.03.25-11.37.07:666][480]LogTemp: Repeating last play command: Selected Viewport
[2018.03.25-11.37.07:705][480]LogBlueprintUserMessages: Early PlayInEditor Detection: Level '/Game/Maps/EntryLevel.EntryLevel:PersistentLevel' has LevelScriptBlueprint '/Game/Maps/EntryLevel.EntryLevel:PersistentLevel.EntryLevel' with GeneratedClass '/Game/Maps/EntryLevel.EntryLevel_C' with ClassGeneratedBy '/Game/Maps/EntryLevel.EntryLevel:PersistentLevel.EntryLevel'
[2018.03.25-11.37.07:706][480]LogPlayLevel: PlayLevel: No blueprints needed recompiling
[2018.03.25-11.37.07:707][480]PIE: New page: PIE session: EntryLevel (25 Mar 2018 17:37:07)
[2018.03.25-11.37.07:707][480]LogPlayLevel: Creating play world package: /Game/Maps/UEDPIE_0_EntryLevel
[2018.03.25-11.37.07:740][480]LogPlayLevel: PIE: StaticDuplicateObject took: (0.032875s)
[2018.03.25-11.37.07:741][480]LogAIModule: Creating AISystem for world EntryLevel
[2018.03.25-11.37.07:742][480]LogPlayLevel: PIE: World Init took: (0.001780s)
[2018.03.25-11.37.07:742][480]LogPlayLevel: PIE: Created PIE world by copying editor world from /Game/Maps/EntryLevel.EntryLevel to /Game/Maps/UEDPIE_0_EntryLevel.EntryLevel (0.035536s)
[2018.03.25-11.37.07:776][480]LogInit: XAudio2 using 'Line 1 (Virtual Audio Cable)' : 2 channels at 48 kHz using 16 bits per sample (channel mask 0x3)
[2018.03.25-11.37.07:783][480]LogInit: FAudioDevice initialized.
[2018.03.25-11.37.07:814][480]LogLoad: Game class is 'GameModeBase'
[2018.03.25-11.37.07:817][480]LogWorld: Bringing World /Game/Maps/UEDPIE_0_EntryLevel.EntryLevel up for play (max tick rate 0) at 2018.03.25-14.37.07
[2018.03.25-11.37.07:818][480]LogWorld: Bringing up level for play took: 0.002694
[2018.03.25-11.37.07:837][480]LogLevel: Warning: EnableInput on a LevelScript actor can not be specified for only one PlayerController.  Enabling for all PlayerControllers.
[2018.03.25-11.37.07:837][480]LogMediaAssets: Error: Failed to validate media source 1080_30 (file://../../../../../../SRW/SimLabsVRProject/SimLabsVR/Content/Movies/1080_30.mp4)
[2018.03.25-11.37.07:838][480]PIE: Play in editor start time for /Game/Maps/UEDPIE_0_EntryLevel -0.226
[2018.03.25-11.37.07:838][480]LogBlueprintUserMessages: Late PlayInEditor Detection: Level '/Game/Maps/EntryLevel.EntryLevel:PersistentLevel' has LevelScriptBlueprint '/Game/Maps/EntryLevel.EntryLevel:PersistentLevel.EntryLevel' with GeneratedClass '/Game/Maps/EntryLevel.EntryLevel_C' with ClassGeneratedBy '/Game/Maps/EntryLevel.EntryLevel:PersistentLevel.EntryLevel'
[2018.03.25-11.37.08:583][549]LogBlueprintUserMessages: Early EndPlayMap Detection: Level '/Game/Maps/EntryLevel.EntryLevel:PersistentLevel' has LevelScriptBlueprint '/Game/Maps/EntryLevel.EntryLevel:PersistentLevel.EntryLevel' with GeneratedClass '/Game/Maps/EntryLevel.EntryLevel_C' with ClassGeneratedBy '/Game/Maps/EntryLevel.EntryLevel:PersistentLevel.EntryLevel'
[2018.03.25-11.37.08:722][549]LogBlueprintUserMessages: Late EndPlayMap Detection: Level '/Game/Maps/EntryLevel.EntryLevel:PersistentLevel' has LevelScriptBlueprint '/Game/Maps/EntryLevel.EntryLevel:PersistentLevel.EntryLevel' with GeneratedClass '/Game/Maps/EntryLevel.EntryLevel_C' with ClassGeneratedBy '/Game/Maps/EntryLevel.EntryLevel:PersistentLevel.EntryLevel'
[2018.03.25-11.37.53:172][410]Candidate modules for hot reload:
[2018.03.25-11.37.53:173][410]  SimLabsVR
[2018.03.25-11.37.53:173][410]Launching UnrealBuildTool... [C:/Program Files/Epic Games/UE_4.17/Engine/Binaries/DotNET/UnrealBuildTool.exe SimLabsVR -ModuleWithSuffix SimLabsVR 8689 Win64 Development -editorrecompile -canskiplink "C:/SRW/SimLabsVRProject/SimLabsVR/SimLabsVR.uproject" ]
[2018.03.25-11.37.53:175][410]Warning: Starting HotReload took  0.3s.
[2018.03.25-11.38.10:605][207]CompilerResultsLog: New page: Compilation - 25 Mar 2018 17:38:10
[2018.03.25-11.38.10:606][207]CompilerResultsLog: Performing full C++ include scan (hot reloading a new target)
[2018.03.25-11.38.10:606][207]CompilerResultsLog: Compiling game modules for hot reload
[2018.03.25-11.38.10:606][207]CompilerResultsLog: Target is up to date
[2018.03.25-11.38.10:606][207]CompilerResultsLog: Total build time: 17.11 seconds (NoActionsToExecute executor: 0.01 seconds)
[2018.03.25-11.38.10:606][207]LogMainFrame: MainFrame: Module compiling took 17.562 seconds
[2018.03.25-11.38.10:678][207]LogContentBrowser: Native class hierarchy populated in 0.0289 seconds. Added 2389 classes and 506 folders.
[2018.03.25-11.38.10:686][207]Display: HotReload took 17.9s.
[2018.03.25-11.38.19:329][  3]LogDirectoryWatcher: Warning: Failed to begin reading directory changes for ../../../../../../SRW/SimLabsVRProject/SimLabsVR/Plugins/. Error: Не удается найти указанный файл. (0x00000002)
[2018.03.25-11.38.23:813][414]LogDirectoryWatcher: A directory notification for '../../../Engine/Plugins/' was aborted.
[2018.03.25-11.38.32:148][739]LogTemp: Executing iPhonePackager certificates Engine -bundlename com.YourCompany.SimLabsVR
[2018.03.25-11.38.32:149][739]LogTemp: CWD: C:\Program Files\Epic Games\UE_4.17\Engine\Binaries\DotNET\IOS
[2018.03.25-11.38.32:149][739]LogTemp: Initial Dir: C:\Program Files\Epic Games\UE_4.17
[2018.03.25-11.38.32:149][739]LogTemp: Env CWD: C:\Program Files\Epic Games\UE_4.17\Engine\Binaries\DotNET\IOS
[2018.03.25-11.38.32:149][739]LogTemp: BranchPath = GLADOS/C/Program Files/Epic Games/UE_4.17/Engine/Binaries --- GameBranchPath = GLADOS/C/Program Files/Epic Games/UE_4.17/Engine/Binaries
[2018.03.25-11.38.32:283][755]LogTemp: IPP ERROR: Could not find provision directory 'C:\Users\????⠭⨭\AppData\Local/Apple Computer/MobileDevice/Provisioning Profiles/'.
[2018.03.25-11.38.32:343][755]LogTemp: IPP ERROR: Could not find provision directory 'C:\Users\????⠭⨭\AppData\Local/Apple Computer/MobileDevice/Provisioning Profiles/'.
[2018.03.25-11.38.32:410][755]LogTemp: IPP ERROR: Could not find provision directory 'C:\Users\????⠭⨭\AppData\Local/Apple Computer/MobileDevice/Provisioning Profiles/'.
[2018.03.25-11.38.32:411][755]LogSlate: Took 0.064176 seconds to synchronously load lazily loaded font '../../../Engine/Content/SlateDebug/Fonts/LastResort.ttf' (5269K)
[2018.03.25-11.38.32:411][755]LogSlate: Took 0.060504 seconds to synchronously load lazily loaded font '../../../Engine/Content/Slate/Fonts/DroidSansFallback.ttf' (3848K)
[2018.03.25-11.39.08:757][826]LogSlate: Took 0.000297 seconds to synchronously load lazily loaded font '../../../Engine/Content/Slate/Fonts/Roboto-Light.ttf' (159K)
[2018.03.25-11.39.10:048][937]SourceControl: Error: fatal: Invalid path '/Script': No such file or directory
[2018.03.25-11.40.42:515][911]LogTemp: Executing iPhonePackager certificates Engine -bundlename com.YourCompany.SimLabsVR
[2018.03.25-11.40.42:516][911]LogTemp: CWD: C:\Program Files\Epic Games\UE_4.17\Engine\Binaries\DotNET\IOS
[2018.03.25-11.40.42:516][911]LogTemp: Initial Dir: C:\Program Files\Epic Games\UE_4.17
[2018.03.25-11.40.42:516][911]LogTemp: Env CWD: C:\Program Files\Epic Games\UE_4.17\Engine\Binaries\DotNET\IOS
[2018.03.25-11.40.42:518][911]LogTemp: BranchPath = GLADOS/C/Program Files/Epic Games/UE_4.17/Engine/Binaries --- GameBranchPath = GLADOS/C/Program Files/Epic Games/UE_4.17/Engine/Binaries
[2018.03.25-11.40.42:560][914]LogTemp: IPP ERROR: Could not find provision directory 'C:\Users\????⠭⨭\AppData\Local/Apple Computer/MobileDevice/Provisioning Profiles/'.
[2018.03.25-11.40.47:767][288]LogTemp: Executing iPhonePackager certificates Engine -bundlename com.YourCompany.SimLabsVR
[2018.03.25-11.40.47:768][288]LogTemp: CWD: C:\Program Files\Epic Games\UE_4.17\Engine\Binaries\DotNET\IOS
[2018.03.25-11.40.47:768][288]LogTemp: Initial Dir: C:\Program Files\Epic Games\UE_4.17
[2018.03.25-11.40.47:769][288]LogTemp: Env CWD: C:\Program Files\Epic Games\UE_4.17\Engine\Binaries\DotNET\IOS
[2018.03.25-11.40.47:776][289]LogTemp: BranchPath = GLADOS/C/Program Files/Epic Games/UE_4.17/Engine/Binaries --- GameBranchPath = GLADOS/C/Program Files/Epic Games/UE_4.17/Engine/Binaries
[2018.03.25-11.40.47:798][291]LogTemp: IPP ERROR: Could not find provision directory 'C:\Users\????⠭⨭\AppData\Local/Apple Computer/MobileDevice/Provisioning Profiles/'.
[2018.03.25-11.41.14:517][474]SourceControl: Error: fatal: Invalid path '/Script': No such file or directory
[2018.03.25-11.42.06:469][633]SourceControl: Error: fatal: Invalid path '/Script': No such file or directory
[2018.03.25-11.45.01:475][ 20]Cmd: QUIT_EDITOR
[2018.03.25-11.45.01:540][ 20]LogExit: Preparing to exit.
[2018.03.25-11.45.02:449][ 20]LogDirectoryWatcher: A directory notification for 'C:/SRW/SimLabsVRProject/SimLabsVR/Content/' was aborted.
[2018.03.25-11.45.02:483][ 20]LogExit: Editor shut down
[2018.03.25-11.45.02:493][ 20]LogExit: Transaction tracking system shut down
[2018.03.25-11.45.02:686][ 20]LogDirectoryWatcher: A directory notification for '../../../Engine/Content/' was aborted.
[2018.03.25-11.45.02:686][ 20]LogDirectoryWatcher: A directory notification for '../../../../../../SRW/SimLabsVRProject/SimLabsVR/Content/' was aborted.
[2018.03.25-11.45.02:686][ 20]LogDirectoryWatcher: A directory notification for '../../../Engine/Plugins/2D/Paper2D/Content/' was aborted.
[2018.03.25-11.45.02:686][ 20]LogDirectoryWatcher: A directory notification for '../../../Engine/Plugins/Runtime/Oculus/OculusVR/Content/' was aborted.
[2018.03.25-11.45.02:686][ 20]LogDirectoryWatcher: A directory notification for '../../../Engine/Plugins/Runtime/Steam/SteamVR/Content/' was aborted.
[2018.03.25-11.45.02:786][ 20]LogExit: Object subsystem successfully closed.
[2018.03.25-11.45.02:805][ 20]LogD3D11RHI: Shutdown
[2018.03.25-11.45.02:805][ 20]LogD3D11RHI: CleanupD3DDevice
[2018.03.25-11.45.02:832][ 20]LogD3D11RHI: ~FD3D11DynamicRHI
[2018.03.25-11.45.02:858][ 20]LogModuleManager: Shutting down and abandoning module ExternalImagePicker (538)
[2018.03.25-11.45.02:858][ 20]LogModuleManager: Shutting down and abandoning module HierarchicalLODUtilities (536)
[2018.03.25-11.45.02:858][ 20]LogModuleManager: Shutting down and abandoning module MovieSceneCapture (534)
[2018.03.25-11.45.02:858][ 20]LogModuleManager: Shutting down and abandoning module HierarchicalLODOutliner (532)
[2018.03.25-11.45.02:858][ 20]LogModuleManager: Shutting down and abandoning module AddContentDialog (530)
[2018.03.25-11.45.02:859][ 20]LogDirectoryWatcher: A directory notification for 'C:/Program Files/Epic Games/UE_4.17/FeaturePacks/' was aborted.
[2018.03.25-11.45.02:860][ 20]LogModuleManager: Shutting down and abandoning module WidgetCarousel (529)
[2018.03.25-11.45.02:860][ 20]LogModuleManager: Shutting down and abandoning module EditorWidgets (526)
[2018.03.25-11.45.02:860][ 20]LogModuleManager: Shutting down and abandoning module CollectionManager (524)
[2018.03.25-11.45.02:860][ 20]LogDirectoryWatcher: A directory notification for 'C:/SRW/SimLabsVRProject/SimLabsVR/Content/Collections/' was aborted.
[2018.03.25-11.45.02:860][ 20]LogDirectoryWatcher: A directory notification for 'C:/SRW/SimLabsVRProject/SimLabsVR/Content/Developers/Константин/Collections/' was aborted.
[2018.03.25-11.45.02:861][ 20]LogDirectoryWatcher: A directory notification for 'C:/SRW/SimLabsVRProject/SimLabsVR/Saved/Collections/' was aborted.
[2018.03.25-11.45.02:861][ 20]LogModuleManager: Shutting down and abandoning module SceneOutliner (522)
[2018.03.25-11.45.02:861][ 20]LogModuleManager: Shutting down and abandoning module StatsViewer (520)
[2018.03.25-11.45.02:861][ 20]LogModuleManager: Shutting down and abandoning module FoliageEdit (518)
[2018.03.25-11.45.02:861][ 20]LogModuleManager: Shutting down and abandoning module LandscapeEditor (516)
[2018.03.25-11.45.02:861][ 20]LogModuleManager: Shutting down and abandoning module MeshPaintMode (514)
[2018.03.25-11.45.02:861][ 20]LogModuleManager: Shutting down and abandoning module SceneDepthPickerMode (512)
[2018.03.25-11.45.02:861][ 20]LogModuleManager: Shutting down and abandoning module ActorPickerMode (510)
[2018.03.25-11.45.02:861][ 20]LogModuleManager: Shutting down and abandoning module GeometryMode (508)
[2018.03.25-11.45.02:861][ 20]LogModuleManager: Shutting down and abandoning module TextureAlignMode (506)
[2018.03.25-11.45.02:861][ 20]LogModuleManager: Shutting down and abandoning module BspMode (504)
[2018.03.25-11.45.02:861][ 20]LogModuleManager: Shutting down and abandoning module PIEPreviewDeviceProfileSelector (502)
[2018.03.25-11.45.02:861][ 20]LogModuleManager: Shutting down and abandoning module HardwareSurvey (500)
[2018.03.25-11.45.02:861][ 20]LogModuleManager: Shutting down and abandoning module SequenceRecorderSections (498)
[2018.03.25-11.45.02:861][ 20]LogModuleManager: Shutting down and abandoning module AutomationWorker (496)
[2018.03.25-11.45.02:861][ 20]LogModuleManager: Shutting down and abandoning module MatineeToLevelSequence (494)
[2018.03.25-11.45.02:861][ 20]LogModuleManager: Shutting down and abandoning module LevelSequenceEditor (492)
[2018.03.25-11.45.02:861][ 20]LogModuleManager: Shutting down and abandoning module PlacementMode (491)
[2018.03.25-11.45.02:861][ 20]LogModuleManager: Shutting down and abandoning module WmfMediaFactory (488)
[2018.03.25-11.45.02:861][ 20]LogModuleManager: Shutting down and abandoning module WmfMediaEditor (486)
[2018.03.25-11.45.02:862][ 20]LogModuleManager: Shutting down and abandoning module AvfMediaFactory (484)
[2018.03.25-11.45.02:862][ 20]LogModuleManager: Shutting down and abandoning module AvfMediaEditor (482)
[2018.03.25-11.45.02:862][ 20]LogModuleManager: Shutting down and abandoning module AndroidMediaFactory (480)
[2018.03.25-11.45.02:862][ 20]LogModuleManager: Shutting down and abandoning module Media (479)
[2018.03.25-11.45.02:862][ 20]LogModuleManager: Shutting down and abandoning module AndroidMediaEditor (476)
[2018.03.25-11.45.02:862][ 20]LogModuleManager: Shutting down and abandoning module CharacterAI (474)
[2018.03.25-11.45.02:862][ 20]LogModuleManager: Shutting down and abandoning module AudioCapture (472)
[2018.03.25-11.45.02:862][ 20]LogModuleManager: Shutting down and abandoning module SequenceRecorder (471)
[2018.03.25-11.45.02:862][ 20]LogModuleManager: Shutting down and abandoning module SmartSnapping (468)
[2018.03.25-11.45.02:862][ 20]LogModuleManager: Shutting down and abandoning module SessionServices (466)
[2018.03.25-11.45.02:862][ 20]LogModuleManager: Shutting down and abandoning module ViewportSnapping (464)
[2018.03.25-11.45.02:862][ 20]LogModuleManager: Shutting down and abandoning module ViewportInteraction (462)
[2018.03.25-11.45.02:862][ 20]LogModuleManager: Shutting down and abandoning module ClothPainter (460)
[2018.03.25-11.45.02:862][ 20]LogModuleManager: Shutting down and abandoning module LogVisualizer (458)
[2018.03.25-11.45.02:862][ 20]LogModuleManager: Shutting down and abandoning module IntroTutorials (456)
[2018.03.25-11.45.02:862][ 20]LogModuleManager: Shutting down and abandoning module GameProjectGeneration (455)
[2018.03.25-11.45.02:862][ 20]LogModuleManager: Shutting down and abandoning module IOSPlatformEditor (452)
[2018.03.25-11.45.02:862][ 20]LogModuleManager: Shutting down and abandoning module HTML5PlatformEditor (450)
[2018.03.25-11.45.02:862][ 20]LogModuleManager: Shutting down and abandoning module AndroidPlatformEditor (448)
[2018.03.25-11.45.02:862][ 20]LogModuleManager: Shutting down and abandoning module AndroidDeviceDetection (447)
[2018.03.25-11.45.03:578][ 20]LogModuleManager: Shutting down and abandoning module WindowsPlatformEditor (444)
[2018.03.25-11.45.03:578][ 20]LogModuleManager: Shutting down and abandoning module IOSRuntimeSettings (442)
[2018.03.25-11.45.03:579][ 20]LogModuleManager: Shutting down and abandoning module AndroidRuntimeSettings (440)
[2018.03.25-11.45.03:579][ 20]LogModuleManager: Shutting down and abandoning module InputBindingEditor (438)
[2018.03.25-11.45.03:579][ 20]LogModuleManager: Shutting down and abandoning module MergeActors (436)
[2018.03.25-11.45.03:579][ 20]LogModuleManager: Shutting down and abandoning module SizeMap (434)
[2018.03.25-11.45.03:579][ 20]LogModuleManager: Shutting down and abandoning module TreeMap (432)
[2018.03.25-11.45.03:579][ 20]LogModuleManager: Shutting down and abandoning module ReferenceViewer (430)
[2018.03.25-11.45.03:579][ 20]LogModuleManager: Shutting down and abandoning module LocalizationDashboard (428)
[2018.03.25-11.45.03:579][ 20]LogModuleManager: Shutting down and abandoning module LocalizationService (427)
[2018.03.25-11.45.03:579][ 20]LogModuleManager: Shutting down and abandoning module HardwareTargeting (424)
[2018.03.25-11.45.03:579][ 20]LogModuleManager: Shutting down and abandoning module DeviceProfileEditor (422)
[2018.03.25-11.45.03:579][ 20]LogModuleManager: Shutting down and abandoning module UndoHistory (420)
[2018.03.25-11.45.03:579][ 20]LogModuleManager: Shutting down and abandoning module XmlParser (418)
[2018.03.25-11.45.03:579][ 20]LogModuleManager: Shutting down and abandoning module Blutility (416)
[2018.03.25-11.45.03:579][ 20]LogModuleManager: Shutting down and abandoning module ProjectSettingsViewer (414)
[2018.03.25-11.45.03:579][ 20]LogModuleManager: Shutting down and abandoning module ProjectTargetPlatformEditor (413)
[2018.03.25-11.45.03:580][ 20]LogModuleManager: Shutting down and abandoning module EditorSettingsViewer (410)
[2018.03.25-11.45.03:580][ 20]LogModuleManager: Shutting down and abandoning module SettingsEditor (408)
[2018.03.25-11.45.03:580][ 20]LogModuleManager: Shutting down and abandoning module ProjectLauncher (406)
[2018.03.25-11.45.03:580][ 20]LogModuleManager: Shutting down and abandoning module SessionFrontend (404)
[2018.03.25-11.45.03:580][ 20]LogModuleManager: Shutting down and abandoning module ProfilerClient (402)
[2018.03.25-11.45.03:580][ 20]LogModuleManager: Shutting down and abandoning module DeviceManager (400)
[2018.03.25-11.45.03:580][ 20]LogModuleManager: Shutting down and abandoning module TargetDeviceServices (399)
[2018.03.25-11.45.03:630][ 20]LogModuleManager: Shutting down and abandoning module AutomationController (396)
[2018.03.25-11.45.03:630][ 20]LogModuleManager: Shutting down and abandoning module AutomationWindow (394)
[2018.03.25-11.45.03:630][ 20]LogModuleManager: Shutting down and abandoning module Layers (392)
[2018.03.25-11.45.03:630][ 20]LogModuleManager: Shutting down and abandoning module ComponentVisualizers (390)
[2018.03.25-11.45.03:630][ 20]LogModuleManager: Shutting down and abandoning module DetailCustomizations (388)
[2018.03.25-11.45.03:630][ 20]LogModuleManager: Shutting down and abandoning module PackagesDialog (386)
[2018.03.25-11.45.03:630][ 20]LogModuleManager: Shutting down and abandoning module Persona (384)
[2018.03.25-11.45.03:630][ 20]LogModuleManager: Shutting down and abandoning module AdvancedPreviewScene (383)
[2018.03.25-11.45.03:630][ 20]LogModuleManager: Shutting down and abandoning module AnimGraph (381)
[2018.03.25-11.45.03:630][ 20]LogModuleManager: Shutting down and abandoning module Kismet (378)
[2018.03.25-11.45.03:631][ 20]LogModuleManager: Shutting down and abandoning module ClassViewer (376)
[2018.03.25-11.45.03:631][ 20]LogModuleManager: Shutting down and abandoning module Toolbox (374)
[2018.03.25-11.45.03:631][ 20]LogModuleManager: Shutting down and abandoning module ModuleUI (372)
[2018.03.25-11.45.03:631][ 20]LogModuleManager: Shutting down and abandoning module MovieSceneTools (370)
[2018.03.25-11.45.03:631][ 20]LogModuleManager: Shutting down and abandoning module OutputLog (368)
[2018.03.25-11.45.03:631][ 20]LogModuleManager: Shutting down and abandoning module GammaUI (366)
[2018.03.25-11.45.03:631][ 20]LogModuleManager: Shutting down and abandoning module Documentation (364)
[2018.03.25-11.45.03:631][ 20]LogModuleManager: Shutting down and abandoning module MovieSceneTracks (362)
[2018.03.25-11.45.03:631][ 20]LogModuleManager: Shutting down and abandoning module MovieScene (360)
[2018.03.25-11.45.03:631][ 20]LogModuleManager: Shutting down and abandoning module Niagara (358)
[2018.03.25-11.45.03:631][ 20]LogModuleManager: Shutting down and abandoning module NiagaraEditor (357)
[2018.03.25-11.45.03:632][ 20]LogModuleManager: Shutting down and abandoning module StreamingPauseRendering (354)
[2018.03.25-11.45.03:632][ 20]LogModuleManager: Shutting down and abandoning module LauncherPlatform (352)
[2018.03.25-11.45.03:632][ 20]LogModuleManager: Shutting down and abandoning module AnalyticsET (350)
[2018.03.25-11.45.03:632][ 20]LogModuleManager: Shutting down and abandoning module PortalServices (348)
[2018.03.25-11.45.03:632][ 20]LogModuleManager: Shutting down and abandoning module PortalRpc (346)
[2018.03.25-11.45.03:632][ 20]LogModuleManager: Shutting down and abandoning module MessagingRpc (344)
[2018.03.25-11.45.03:632][ 20]LogModuleManager: Shutting down and abandoning module AIModule (342)
[2018.03.25-11.45.03:632][ 20]LogModuleManager: Shutting down and abandoning module GameplayDebugger (341)
[2018.03.25-11.45.03:632][ 20]LogModuleManager: Shutting down and abandoning module AITestSuite (339)
[2018.03.25-11.45.03:632][ 20]LogModuleManager: Shutting down and abandoning module ProfilerService (336)
[2018.03.25-11.45.03:816][ 20]LogModuleManager: Shutting down and abandoning module TaskGraph (334)
[2018.03.25-11.45.03:816][ 20]LogModuleManager: Shutting down and abandoning module SteamVRController (332)
[2018.03.25-11.45.03:816][ 20]LogModuleManager: Shutting down and abandoning module ProceduralMeshComponentEditor (330)
[2018.03.25-11.45.03:816][ 20]LogModuleManager: Shutting down and abandoning module ProceduralMeshComponent (328)
[2018.03.25-11.45.03:816][ 20]LogModuleManager: Shutting down and abandoning module OculusInput (326)
[2018.03.25-11.45.03:816][ 20]LogModuleManager: Shutting down and abandoning module MobilePatchingUtils (324)
[2018.03.25-11.45.03:816][ 20]LogModuleManager: Shutting down and abandoning module CustomMeshComponent (322)
[2018.03.25-11.45.03:816][ 20]LogModuleManager: Shutting down and abandoning module CableComponent (320)
[2018.03.25-11.45.03:817][ 20]LogModuleManager: Shutting down and abandoning module ArchVisCharacter (318)
[2018.03.25-11.45.03:817][ 20]LogModuleManager: Shutting down and abandoning module AndroidPermission (316)
[2018.03.25-11.45.03:817][ 20]LogModuleManager: Shutting down and abandoning module MediaPlayerEditor (312)
[2018.03.25-11.45.03:817][ 20]LogModuleManager: Shutting down and abandoning module HTML5Networking (310)
[2018.03.25-11.45.03:817][ 20]LogModuleManager: Shutting down and abandoning module AlembicImporter (308)
[2018.03.25-11.45.03:817][ 20]LogModuleManager: Shutting down and abandoning module AlembicLibrary (307)
[2018.03.25-11.45.03:817][ 20]LogModuleManager: Shutting down and abandoning module GeometryCache (306)
[2018.03.25-11.45.03:817][ 20]LogModuleManager: Shutting down and abandoning module GeometryCacheEd (305)
[2018.03.25-11.45.03:817][ 20]LogModuleManager: Shutting down and abandoning module SpeedTreeImporter (300)
[2018.03.25-11.45.03:817][ 20]LogModuleManager: Shutting down and abandoning module PluginBrowser (298)
[2018.03.25-11.45.03:818][ 20]LogModuleManager: Shutting down and abandoning module MobileLauncherProfileWizard (296)
[2018.03.25-11.45.03:818][ 20]LogModuleManager: Shutting down and abandoning module VisualStudioSourceCodeAccess (294)
[2018.03.25-11.45.03:818][ 20]LogModuleManager: Shutting down and abandoning module DesktopPlatform (293)
[2018.03.25-11.45.03:818][ 20]LogModuleManager: Shutting down and abandoning module UObjectPlugin (290)
[2018.03.25-11.45.03:818][ 20]LogModuleManager: Shutting down and abandoning module SubversionSourceControl (288)
[2018.03.25-11.45.03:818][ 20]LogModuleManager: Shutting down and abandoning module PerforceSourceControl (286)
[2018.03.25-11.45.03:818][ 20]LogModuleManager: Shutting down and abandoning module GitSourceControl (284)
[2018.03.25-11.45.03:818][ 20]LogModuleManager: Shutting down and abandoning module SourceControl (283)
[2018.03.25-11.45.03:818][ 20]LogModuleManager: Shutting down and abandoning module LightPropagationVolumeEditor (280)
[2018.03.25-11.45.03:818][ 20]LogModuleManager: Shutting down and abandoning module PaperTiledImporter (278)
[2018.03.25-11.45.03:819][ 20]LogModuleManager: Shutting down and abandoning module PaperSpriteSheetImporter (276)
[2018.03.25-11.45.03:819][ 20]LogModuleManager: Shutting down and abandoning module Paper2DEditor (274)
[2018.03.25-11.45.03:819][ 20]LogModuleManager: Shutting down and abandoning module MeshPaint (273)
[2018.03.25-11.45.03:819][ 20]LogModuleManager: Shutting down and abandoning module LevelEditor (271)
[2018.03.25-11.45.03:822][ 20]LogModuleManager: Shutting down and abandoning module PixelInspectorModule (270)
[2018.03.25-11.45.03:822][ 20]LogModuleManager: Shutting down and abandoning module MainFrame (268)
[2018.03.25-11.45.03:822][ 20]LogModuleManager: Shutting down and abandoning module HotReload (267)
[2018.03.25-11.45.03:822][ 20]LogDirectoryWatcher: A directory notification for 'C:/SRW/SimLabsVRProject/SimLabsVR/Binaries/Win64' was aborted.
[2018.03.25-11.45.03:823][ 20]LogModuleManager: Shutting down and abandoning module SimLabsVR (262)
[2018.03.25-11.45.03:823][ 20]LogModuleManager: Shutting down and abandoning module RuntimePhysXCooking (260)
[2018.03.25-11.45.03:824][ 20]LogModuleManager: Shutting down and abandoning module PhysXVehiclesEditor (258)
[2018.03.25-11.45.03:824][ 20]LogModuleManager: Shutting down and abandoning module PhysXVehicles (256)
[2018.03.25-11.45.03:824][ 20]LogModuleManager: Shutting down and abandoning module OculusEditor (254)
[2018.03.25-11.45.03:824][ 20]LogModuleManager: Shutting down and abandoning module LocationServicesBPLibrary (252)
[2018.03.25-11.45.03:824][ 20]LogModuleManager: Shutting down and abandoning module ImmediatePhysicsEditor (250)
[2018.03.25-11.45.03:824][ 20]LogModuleManager: Shutting down and abandoning module ImmediatePhysics (248)
[2018.03.25-11.45.03:824][ 20]LogModuleManager: Shutting down and abandoning module UdpMessaging (246)
[2018.03.25-11.45.03:924][ 20]LogModuleManager: Shutting down and abandoning module TcpMessaging (244)
[2018.03.25-11.45.04:024][ 20]LogModuleManager: Shutting down and abandoning module GameplayTagsEditor (242)
[2018.03.25-11.45.04:024][ 20]LogModuleManager: Shutting down and abandoning module FacialAnimationEditor (240)
[2018.03.25-11.45.04:024][ 20]LogModuleManager: Shutting down and abandoning module FacialAnimation (238)
[2018.03.25-11.45.04:024][ 20]LogModuleManager: Shutting down and abandoning module AssetManagerEditor (236)
[2018.03.25-11.45.04:024][ 20]LogModuleManager: Shutting down and abandoning module GraphEditor (235)
[2018.03.25-11.45.04:024][ 20]LogModuleManager: Shutting down and abandoning module ContentBrowser (233)
[2018.03.25-11.45.04:027][ 20]LogModuleManager: Shutting down and abandoning module LightPropagationVolumeRuntime (230)
[2018.03.25-11.45.04:028][ 20]LogModuleManager: Shutting down and abandoning module Paper2D (228)
[2018.03.25-11.45.04:028][ 20]LogModuleManager: Shutting down and abandoning module WindowsMoviePlayer (226)
[2018.03.25-11.45.04:028][ 20]LogModuleManager: Shutting down and abandoning module WmfMedia (224)
[2018.03.25-11.45.04:029][ 20]LogModuleManager: Shutting down and abandoning module PacketHandler (222)
[2018.03.25-11.45.04:029][ 20]LogModuleManager: Shutting down and abandoning module ClothingSystemEditor (220)
[2018.03.25-11.45.04:029][ 20]LogModuleManager: Shutting down and abandoning module ClothingSystemRuntime (218)
[2018.03.25-11.45.04:030][ 20]LogModuleManager: Shutting down and abandoning module Overlay (216)
[2018.03.25-11.45.04:030][ 20]LogModuleManager: Shutting down and abandoning module OverlayEditor (215)
[2018.03.25-11.45.04:030][ 20]LogModuleManager: Shutting down and abandoning module MediaAssets (212)
[2018.03.25-11.45.04:030][ 20]LogModuleManager: Shutting down and abandoning module VREditor (210)
[2018.03.25-11.45.04:030][ 20]LogModuleManager: Shutting down and abandoning module StringTableEditor (208)
[2018.03.25-11.45.04:030][ 20]LogModuleManager: Shutting down and abandoning module GameplayTasksEditor (206)
[2018.03.25-11.45.04:030][ 20]LogModuleManager: Shutting down and abandoning module BehaviorTreeEditor (204)
[2018.03.25-11.45.04:030][ 20]LogModuleManager: Shutting down and abandoning module FunctionalTesting (202)
[2018.03.25-11.45.04:031][ 20]LogModuleManager: Shutting down and abandoning module CollisionAnalyzer (200)
[2018.03.25-11.45.04:031][ 20]LogModuleManager: Shutting down and abandoning module WorkspaceMenuStructure (199)
[2018.03.25-11.45.04:031][ 20]LogModuleManager: Shutting down and abandoning module UMG (196)
[2018.03.25-11.45.04:031][ 20]LogModuleManager: Shutting down and abandoning module UMGEditor (195)
[2018.03.25-11.45.04:031][ 20]LogModuleManager: Shutting down and abandoning module Sequencer (194)
[2018.03.25-11.45.04:031][ 20]LogModuleManager: Shutting down and abandoning module MessageLog (191)
[2018.03.25-11.45.04:031][ 20]LogModuleManager: Shutting down and abandoning module SlateReflector (186)
[2018.03.25-11.45.04:031][ 20]LogModuleManager: Shutting down and abandoning module Slate (184)
[2018.03.25-11.45.04:031][ 20]LogModuleManager: Shutting down and abandoning module EditorStyle (182)
[2018.03.25-11.45.04:039][ 20]LogModuleManager: Shutting down and abandoning module MRMesh (180)
[2018.03.25-11.45.04:039][ 20]LogModuleManager: Shutting down and abandoning module SourceCodeAccess (178)
[2018.03.25-11.45.04:039][ 20]LogModuleManager: Shutting down and abandoning module HeadMountedDisplay (176)
[2018.03.25-11.45.04:039][ 20]LogModuleManager: Shutting down and abandoning module XAudio2 (174)
[2018.03.25-11.45.04:039][ 20]LogModuleManager: Shutting down and abandoning module Networking (172)
[2018.03.25-11.45.04:039][ 20]LogModuleManager: Shutting down and abandoning module Core (168)
[2018.03.25-11.45.04:039][ 20]LogModuleManager: Shutting down and abandoning module KismetCompiler (164)
[2018.03.25-11.45.04:039][ 20]LogModuleManager: Shutting down and abandoning module MeshUtilities (162)
[2018.03.25-11.45.04:039][ 20]LogModuleManager: Shutting down and abandoning module MeshMergeUtilities (161)
[2018.03.25-11.45.04:039][ 20]LogModuleManager: Shutting down and abandoning module MeshReductionInterface (160)
[2018.03.25-11.45.04:039][ 20]LogModuleManager: Shutting down and abandoning module SimplygonSwarm (159)
[2018.03.25-11.45.04:040][ 20]LogModuleManager: Shutting down and abandoning module SimplygonMeshReduction (157)
[2018.03.25-11.45.04:040][ 20]LogModuleManager: Shutting down and abandoning module QuadricMeshReduction (155)
[2018.03.25-11.45.04:040][ 20]LogModuleManager: Shutting down and abandoning module MaterialBaking (151)
[2018.03.25-11.45.04:040][ 20]LogModuleManager: Shutting down and abandoning module LevelSequence (148)
[2018.03.25-11.45.04:040][ 20]LogModuleManager: Shutting down and abandoning module DirectoryWatcher (146)
[2018.03.25-11.45.04:042][ 20]LogModuleManager: Shutting down and abandoning module DerivedDataCache (144)
[2018.03.25-11.45.04:064][ 20]LogDerivedDataCache: Shutdown
[2018.03.25-11.45.04:065][ 20]LogModuleManager: Shutting down and abandoning module TargetPlatform (142)
[2018.03.25-11.45.04:065][ 20]LogModuleManager: Shutting down and abandoning module VulkanShaderFormat (141)
[2018.03.25-11.45.04:065][ 20]LogModuleManager: Shutting down and abandoning module ShaderFormatVectorVM (139)
[2018.03.25-11.45.04:065][ 20]LogModuleManager: Shutting down and abandoning module ShaderFormatOpenGL (137)
[2018.03.25-11.45.04:065][ 20]LogModuleManager: Shutting down and abandoning module ShaderFormatD3D (135)
[2018.03.25-11.45.04:065][ 20]LogModuleManager: Shutting down and abandoning module MetalShaderFormat (133)
[2018.03.25-11.45.04:065][ 20]LogModuleManager: Shutting down and abandoning module TextureFormatUncompressed (131)
[2018.03.25-11.45.04:065][ 20]LogModuleManager: Shutting down and abandoning module TextureFormatPVR (129)
[2018.03.25-11.45.04:065][ 20]LogModuleManager: Shutting down and abandoning module TextureFormatDXT (127)
[2018.03.25-11.45.04:065][ 20]LogModuleManager: Shutting down and abandoning module TextureFormatIntelISPCTexComp (125)
[2018.03.25-11.45.04:065][ 20]LogModuleManager: Shutting down and abandoning module TextureFormatASTC (123)
[2018.03.25-11.45.04:065][ 20]LogModuleManager: Shutting down and abandoning module ImageWrapper (122)
[2018.03.25-11.45.04:065][ 20]LogModuleManager: Shutting down and abandoning module TextureFormatAndroid (119)
[2018.03.25-11.45.04:065][ 20]LogModuleManager: Shutting down and abandoning module AudioFormatOpus (117)
[2018.03.25-11.45.04:065][ 20]LogModuleManager: Shutting down and abandoning module AudioFormatOgg (115)
[2018.03.25-11.45.04:065][ 20]LogModuleManager: Shutting down and abandoning module AudioFormatADPCM (113)
[2018.03.25-11.45.04:066][ 20]LogModuleManager: Shutting down and abandoning module LinuxTargetPlatform (111)
[2018.03.25-11.45.04:066][ 20]LogModuleManager: Shutting down and abandoning module LinuxServerTargetPlatform (109)
[2018.03.25-11.45.04:066][ 20]LogModuleManager: Shutting down and abandoning module LinuxNoEditorTargetPlatform (107)
[2018.03.25-11.45.04:066][ 20]LogModuleManager: Shutting down and abandoning module LinuxClientTargetPlatform (105)
[2018.03.25-11.45.04:066][ 20]LogModuleManager: Shutting down and abandoning module TVOSTargetPlatform (103)
[2018.03.25-11.45.04:066][ 20]LogModuleManager: Shutting down and abandoning module Messaging (101)
[2018.03.25-11.45.04:066][ 20]LogModuleManager: Shutting down and abandoning module IOSTargetPlatform (99)
[2018.03.25-11.45.04:066][ 20]LogModuleManager: Shutting down and abandoning module HTML5TargetPlatform (97)
[2018.03.25-11.45.04:066][ 20]LogModuleManager: Shutting down and abandoning module Android_PVRTCTargetPlatform (95)
[2018.03.25-11.45.04:066][ 20]LogModuleManager: Shutting down and abandoning module Android_MultiTargetPlatform (93)
[2018.03.25-11.45.04:066][ 20]LogModuleManager: Shutting down and abandoning module Android_ETC2TargetPlatform (91)
[2018.03.25-11.45.04:066][ 20]LogModuleManager: Shutting down and abandoning module Android_ETC1TargetPlatform (89)
[2018.03.25-11.45.04:066][ 20]LogModuleManager: Shutting down and abandoning module Android_DXTTargetPlatform (87)
[2018.03.25-11.45.04:066][ 20]LogModuleManager: Shutting down and abandoning module Android_ATCTargetPlatform (85)
[2018.03.25-11.45.04:066][ 20]LogModuleManager: Shutting down and abandoning module Android_ASTCTargetPlatform (83)
[2018.03.25-11.45.04:066][ 20]LogModuleManager: Shutting down and abandoning module AndroidTargetPlatform (81)
[2018.03.25-11.45.04:066][ 20]LogModuleManager: Shutting down and abandoning module WindowsTargetPlatform (79)
[2018.03.25-11.45.04:066][ 20]LogModuleManager: Shutting down and abandoning module WindowsServerTargetPlatform (77)
[2018.03.25-11.45.04:066][ 20]LogModuleManager: Shutting down and abandoning module WindowsNoEditorTargetPlatform (75)
[2018.03.25-11.45.04:067][ 20]LogModuleManager: Shutting down and abandoning module WindowsClientTargetPlatform (73)
[2018.03.25-11.45.04:067][ 20]LogModuleManager: Shutting down and abandoning module MacTargetPlatform (71)
[2018.03.25-11.45.04:067][ 20]LogModuleManager: Shutting down and abandoning module MacServerTargetPlatform (69)
[2018.03.25-11.45.04:067][ 20]LogModuleManager: Shutting down and abandoning module MacNoEditorTargetPlatform (67)
[2018.03.25-11.45.04:067][ 20]LogModuleManager: Shutting down and abandoning module MacClientTargetPlatform (65)
[2018.03.25-11.45.04:067][ 20]LogModuleManager: Shutting down and abandoning module AllDesktopTargetPlatform (63)
[2018.03.25-11.45.04:067][ 20]LogModuleManager: Shutting down and abandoning module InputCore (60)
[2018.03.25-11.45.04:067][ 20]LogModuleManager: Shutting down and abandoning module Settings (58)
[2018.03.25-11.45.04:067][ 20]LogModuleManager: Shutting down and abandoning module PhysXCooking (56)
[2018.03.25-11.45.04:067][ 20]LogModuleManager: Shutting down and abandoning module SteamVR (54)
[2018.03.25-11.45.04:067][ 20]LogModuleManager: Shutting down and abandoning module OculusHMD (52)
[2018.03.25-11.45.04:067][ 20]LogModuleManager: Shutting down and abandoning module ExampleDeviceProfileSelector (50)
[2018.03.25-11.45.04:067][ 20]LogModuleManager: Shutting down and abandoning module OnlineBlueprintSupport (48)
[2018.03.25-11.45.04:067][ 20]LogModuleManager: Shutting down and abandoning module OnlineSubsystem (44)
[2018.03.25-11.45.04:067][ 20]LogOnline: Display: Unloading online subsystem: NULL
[2018.03.25-11.45.04:067][ 20]LogModuleManager: Shutting down and abandoning module XMPP (43)
[2018.03.25-11.45.04:068][ 20]LogModuleManager: Shutting down and abandoning module HTTP (41)
[2018.03.25-11.45.04:068][ 20]LogHttp: Display: Http module shutting down, but needs to wait on 1 outstanding Http requests:
[2018.03.25-11.45.04:068][ 20]LogHttp: Display: 	verb=[POST] url=[https://datarouter.ol.epicgames.com/datarouter/api/v1/public/data?SessionID=%7B0D75DC43-4555-73C4-CAB7-DDB0B4C02F00%7D&AppID=UEEditor.Rocket.Release&AppVersion=4.17.2-3658906%2B%2B%2BUE4%2BRelease-4.17&UserID=86d62dbc40fe57fc55c36b8db84cb36a%7Cd1ef7e21aab0436c9101ba4c6fc5708c%7Cabeb5326-3b3b-4b85-b45a-5fe16f2f67a6&AppEnvironment=datacollector-binary&UploadType=eteventstream] status=Processing
[2018.03.25-11.45.04:088][ 20]LogModuleManager: Shutting down and abandoning module SSL (40)
[2018.03.25-11.45.04:092][ 20]LogModuleManager: Shutting down and abandoning module AnimationModifiers (36)
[2018.03.25-11.45.04:092][ 20]LogModuleManager: Shutting down and abandoning module PropertyEditor (35)
[2018.03.25-11.45.04:092][ 20]LogModuleManager: Shutting down and abandoning module AudioEditor (32)
[2018.03.25-11.45.04:092][ 20]LogModuleManager: Shutting down and abandoning module TextureCompressor (30)
[2018.03.25-11.45.04:092][ 20]LogModuleManager: Shutting down and abandoning module ShaderCore (28)
[2018.03.25-11.45.04:092][ 20]LogModuleManager: Shutting down and abandoning module Landscape (26)
[2018.03.25-11.45.04:092][ 20]LogModuleManager: Shutting down and abandoning module SlateRHIRenderer (24)
[2018.03.25-11.45.04:101][ 20]LogModuleManager: Shutting down and abandoning module OpenGLDrv (22)
[2018.03.25-11.45.04:101][ 20]LogModuleManager: Shutting down and abandoning module D3D11RHI (20)
[2018.03.25-11.45.04:101][ 20]LogModuleManager: Shutting down and abandoning module AnimGraphRuntime (18)
[2018.03.25-11.45.04:101][ 20]LogModuleManager: Shutting down and abandoning module Renderer (16)
[2018.03.25-11.45.04:101][ 20]LogModuleManager: Shutting down and abandoning module Engine (14)
[2018.03.25-11.45.04:101][ 20]LogModuleManager: Shutting down and abandoning module CoreUObject (12)
[2018.03.25-11.45.04:101][ 20]LogModuleManager: Shutting down and abandoning module NetworkFile (10)
[2018.03.25-11.45.04:101][ 20]LogModuleManager: Shutting down and abandoning module CookedIterativeFile (8)
[2018.03.25-11.45.04:101][ 20]LogModuleManager: Shutting down and abandoning module StreamingFile (6)
[2018.03.25-11.45.04:101][ 20]LogModuleManager: Shutting down and abandoning module SandboxFile (4)
[2018.03.25-11.45.04:101][ 20]LogModuleManager: Shutting down and abandoning module PakFile (2)
[2018.03.25-11.45.04:106][ 20]LogExit: Exiting.
[2018.03.25-11.45.04:129][ 20]Log file closed, 03/25/18 14:45:04
