Log file open, 03/25/18 14:58:01
LogWindows: Failed to load 'aqProf.dll' (GetLastError=126)
LogWindows: File 'aqProf.dll' does not exist
LogWindows: Failed to load 'VSPerf140.dll' (GetLastError=126)
LogWindows: File 'VSPerf140.dll' does not exist
LogWindows: Failed to load 'VtuneApi.dll' (GetLastError=126)
LogWindows: File 'VtuneApi.dll' does not exist
LogWindows: Failed to load 'VtuneApi32e.dll' (GetLastError=126)
LogWindows: File 'VtuneApi32e.dll' does not exist
LogInit: Display: Running engine for game: SimLabsVR
LogPlatformFile: Not using cached read wrapper
LogInit: Display: RandInit(-1770374139) SRandInit(-1770374138).
LogTaskGraph: Started task graph with 5 named threads and 11 total threads with 3 sets of task threads.
LogStats: Stats thread started at 0.176209
LogD3D11RHI: Aftermath initialized
LogPluginManager: Mounting plugin LightPropagationVolume
LogPluginManager: Mounting plugin GitSourceControl
LogPluginManager: Mounting plugin KDevelopSourceCodeAccess
LogPluginManager: Mounting plugin UObjectPlugin
LogPluginManager: Mounting plugin VisualStudioSourceCodeAccess
LogPluginManager: Mounting plugin XCodeSourceCodeAccess
LogPluginManager: Mounting plugin AssetManagerEditor
LogPluginManager: Mounting plugin FacialAnimation
LogPluginManager: Mounting plugin GameplayTagsEditor
LogPluginManager: Mounting plugin MobileLauncherProfileWizard
LogPluginManager: Mounting plugin PluginBrowser
LogPluginManager: Mounting plugin AlembicImporter
LogPluginManager: Mounting plugin CharacterAI
LogPluginManager: Mounting plugin HTML5Networking
LogPluginManager: Mounting plugin OSVR
LogPluginManager: Mounting plugin AndroidMedia
LogPluginManager: Mounting plugin AvfMedia
LogPluginManager: Mounting plugin MediaPlayerEditor
LogPluginManager: Mounting plugin MfMedia
LogPluginManager: Mounting plugin WmfMedia
LogPluginManager: Mounting plugin TcpMessaging
LogPluginManager: Mounting plugin UdpMessaging
LogPluginManager: Mounting plugin LevelSequenceEditor
LogPluginManager: Mounting plugin MatineeToLevelSequence
LogPluginManager: Mounting plugin OnlineSubsystemGooglePlay
LogPluginManager: Mounting plugin OnlineSubsystemIOS
LogPluginManager: Mounting plugin OnlineSubsystem
LogPluginManager: Mounting plugin OnlineSubsystemNull
LogPluginManager: Mounting plugin OnlineSubsystemUtils
LogPluginManager: Mounting plugin AndroidDeviceProfileSelector
LogPluginManager: Mounting plugin AndroidMoviePlayer
LogPluginManager: Mounting plugin AndroidPermission
LogPluginManager: Mounting plugin AppleMoviePlayer
LogPluginManager: Mounting plugin ArchVisCharacter
LogPluginManager: Mounting plugin CableComponent
LogPluginManager: Mounting plugin CustomMeshComponent
LogPluginManager: Mounting plugin ExampleDeviceProfileSelector
LogPluginManager: Mounting plugin GoogleCloudMessaging
LogPluginManager: Mounting plugin GoogleVRHMD
LogPluginManager: Mounting plugin ImmediatePhysics
LogPluginManager: Mounting plugin MobilePatchingUtils
LogPluginManager: Mounting plugin OptionalMobileFeaturesBPLibrary
LogPluginManager: Mounting plugin PhysXVehicles
LogPluginManager: Mounting plugin ProceduralMeshComponent
LogPluginManager: Mounting plugin RuntimePhysXCooking
LogPluginManager: Mounting plugin WindowsMoviePlayer
LogPluginManager: Mounting plugin WebSocket
LogInit: Using libcurl 7.47.1
LogInit:  - built for x86_64-pc-win32
LogInit:  - supports SSL with OpenSSL/1.0.2g
LogInit:  - supports HTTP deflate (compression) using libz 1.2.8
LogInit:  - other features:
LogInit:      CURL_VERSION_SSL
LogInit:      CURL_VERSION_LIBZ
LogInit:      CURL_VERSION_IPV6
LogInit:      CURL_VERSION_ASYNCHDNS
LogInit:      CURL_VERSION_LARGEFILE
LogInit:      CURL_VERSION_IDN
LogInit:  CurlRequestOptions (configurable via config and command line):
LogInit:  - bVerifyPeer = false  - Libcurl will NOT verify peer certificate
LogInit:  - bUseHttpProxy = false  - Libcurl will NOT use HTTP proxy
LogInit:  - bDontReuseConnections = false  - Libcurl will reuse connections
LogInit:  - CertBundlePath = nullptr  - Libcurl will use whatever was configured at build time.
LogInit: Build: ++UE4+Release-4.17-CL-3658906
LogInit: Engine Version: 4.17.2-3658906+++UE4+Release-4.17
LogInit: Compatible Engine Version: 4.17.0-3573198+++UE4+Release-4.17
LogInit: Net CL: 3573198
LogDevObjectVersion: Number of dev versions registered: 16
LogDevObjectVersion:   Dev-Blueprints (B0D832E4-1F89-4F0D-ACCF-7EB736FD4AA2): 10
LogDevObjectVersion:   Dev-Build (E1C64328-A22C-4D53-A36C-8E866417BD8C): 0
LogDevObjectVersion:   Dev-Core (375EC13C-06E4-48FB-B500-84F0262A717E): 2
LogDevObjectVersion:   Dev-Editor (E4B068ED-F494-42E9-A231-DA0B2E46BB41): 20
LogDevObjectVersion:   Dev-Framework (CFFC743F-43B0-4480-9391-14DF171D2073): 28
LogDevObjectVersion:   Dev-Mobile (B02B49B5-BB20-44E9-A304-32B752E40360): 0
LogDevObjectVersion:   Dev-Networking (A4E4105C-59A1-49B5-A7C5-40C4547EDFEE): 0
LogDevObjectVersion:   Dev-Online (39C831C9-5AE6-47DC-9A44-9C173E1C8E7C): 0
LogDevObjectVersion:   Dev-Physics (78F01B33-EBEA-4F98-B9B4-84EACCB95AA2): 0
LogDevObjectVersion:   Dev-Platform (6631380F-2D4D-43E0-8009-CF276956A95A): 0
LogDevObjectVersion:   Dev-Rendering (12F88B9F-8875-4AFC-A67C-D90C383ABD29): 19
LogDevObjectVersion:   Dev-Sequencer (7B5AE74C-D270-4C10-A958-57980B212A5A): 4
LogDevObjectVersion:   Dev-VR (D7296918-1DD6-4BDD-9DE2-64A83CC13884): 0
LogDevObjectVersion:   Dev-LoadTimes (C2A15278-BFE7-4AFE-6C17-90FF531DF755): 1
LogDevObjectVersion:   Private-Geometry (6EACA3D4-40EC-4CC1-B786-8BED09428FC5): 1
LogDevObjectVersion:   Dev-AnimPhys (29E575DD-E0A3-4627-9D10-D276232CDCEA): 7
LogInit: Compiled (64-bit): Sep 22 2017 13:47:16
LogInit: Compiled with Visual C++: 19.00.24215.01
LogInit: Build Configuration: Development
LogInit: Branch Name: ++UE4+Release-4.17
LogInit: Command line:  
LogInit: Base directory: C:/Program Files/Epic Games/UE_4.17/Engine/Binaries/Win64/
LogInit: Installed Engine Build: 1
LogInit: Presizing for max 8388607 objects, including 0 objects not considered by GC, pre-allocating 0 bytes for permanent pool.
LogInit: Object subsystem initialized
[2018.03.25-11.58.03:200][  0]LogInit: Selected Device Profile: [Windows]
[2018.03.25-11.58.03:200][  0]LogInit: Applying CVar settings loaded from the selected device profile: [Windows]
[2018.03.25-11.58.03:214][  0]LogInit: Computer: GLADOS
[2018.03.25-11.58.03:214][  0]LogInit: User: Константин
[2018.03.25-11.58.03:214][  0]LogInit: CPU Page size=4096, Cores=3
[2018.03.25-11.58.03:214][  0]LogInit: High frequency timer resolution =3.237255 MHz
[2018.03.25-11.58.03:215][  0]LogMemory: Memory total: Physical=8.0GB (8GB approx)
[2018.03.25-11.58.03:215][  0]LogMemory: Platform Memory Stats for Windows
[2018.03.25-11.58.03:215][  0]LogMemory: Process Physical Memory: 279.47 MB used, 279.47 MB peak
[2018.03.25-11.58.03:215][  0]LogMemory: Process Virtual Memory: 284.70 MB used, 284.70 MB peak
[2018.03.25-11.58.03:215][  0]LogMemory: Physical Memory: 3885.54 MB used,  4288.58 MB free, 8174.12 MB total
[2018.03.25-11.58.03:215][  0]LogMemory: Virtual Memory: 659.98 MB used,  4288.58 MB free, 8388608.00 MB total
[2018.03.25-11.58.03:470][  0]LogInit: Using OS detected language (en-GB).
[2018.03.25-11.58.03:470][  0]LogInit: Using OS detected locale (en-GB).
[2018.03.25-11.58.03:474][  0]LogTextLocalizationManager: No specific localization for 'en-GB' exists, so the 'en' localization will be used.
[2018.03.25-11.58.04:444][  0]LogD3D11RHI: D3D11 adapters:
[2018.03.25-11.58.04:456][  0]LogD3D11RHI:    0. 'AMD Radeon HD 7700 Series' (Feature Level 11_0)
[2018.03.25-11.58.04:456][  0]LogD3D11RHI:       1002/0/3831 MB DedicatedVideo/DedicatedSystem/SharedSystem, Outputs:1, VendorId:0x1002
[2018.03.25-11.58.04:456][  0]LogD3D11RHI: Chosen D3D11 Adapter: 0
[2018.03.25-11.58.04:463][  0]LogD3D11RHI: Creating new Direct3DDevice
[2018.03.25-11.58.04:463][  0]LogD3D11RHI:     GPU DeviceId: 0x683d (for the marketing name, search the web for "GPU Device Id")
[2018.03.25-11.58.04:463][  0]LogWindows: EnumDisplayDevices:
[2018.03.25-11.58.04:463][  0]LogWindows:    0. 'AMD Radeon HD 7700 Series' (P:1 D:1)
[2018.03.25-11.58.04:464][  0]LogWindows:    1. 'AMD Radeon HD 7700 Series' (P:0 D:0)
[2018.03.25-11.58.04:464][  0]LogWindows:    2. 'AMD Radeon HD 7700 Series' (P:0 D:0)
[2018.03.25-11.58.04:464][  0]LogWindows:    3. 'AMD Radeon HD 7700 Series' (P:0 D:0)
[2018.03.25-11.58.04:465][  0]LogWindows:    4. 'AMD Radeon HD 7700 Series' (P:0 D:0)
[2018.03.25-11.58.04:465][  0]LogWindows:    5. 'AMD Radeon HD 7700 Series' (P:0 D:0)
[2018.03.25-11.58.04:465][  0]LogWindows:    6. 'RDPDD Chained DD' (P:0 D:0)
[2018.03.25-11.58.04:465][  0]LogWindows:    7. 'RDP Encoder Mirror Driver' (P:0 D:0)
[2018.03.25-11.58.04:466][  0]LogWindows:    8. 'RDP Reflector Display Driver' (P:0 D:0)
[2018.03.25-11.58.04:466][  0]LogWindows: DebugString: GetVideoDriverDetailsInvalid PrimaryIsNotTheChoosenAdapter GetVideoDriverDetailsInvalid PrimaryIsNotTheChoosenAdapter GetVideoDriverDetailsInvalid PrimaryIsNotTheChoosenAdapter FoundDriverCount:6 
[2018.03.25-11.58.04:466][  0]LogD3D11RHI:     Adapter Name: AMD Radeon HD 7700 Series
[2018.03.25-11.58.04:466][  0]LogD3D11RHI:   Driver Version: Crimson 16.11.3 (internal:21.19.160.769, unified:21.19.160.769)
[2018.03.25-11.58.04:466][  0]LogD3D11RHI:      Driver Date: 11-8-2016
[2018.03.25-11.58.04:466][  0]LogRHI: Texture pool is 701 MB (70% of 1002 MB)
[2018.03.25-11.58.04:506][  0]LogD3D11RHI: Async texture creation enabled
[2018.03.25-11.58.04:519][  0]LogD3D11RHI: GPU Timing Frequency: 27.000000 (Debug: 2 1)
[2018.03.25-11.58.04:519][  0]LogShaderCompilers: Guid format shader working directory is 3 characters bigger than the processId version (../../../../../../SRW/SimLabsVRProject/SimLabsVR/Intermediate/Shaders/WorkingDirectory/4912/).
[2018.03.25-11.58.04:520][  0]LogShaderCompilers: Cleaned the shader compiler working directory 'C:/Users/Константин/AppData/Local/Temp/UnrealShaderWorkingDir/9840580A4A079E29E6524593D7FA07F1/'.
[2018.03.25-11.58.04:520][  0]LogShaderCompilers: Display: Using Local Shader Compiler.
[2018.03.25-11.58.06:059][  0]LogTemp: Display: Loaded TP AllDesktopTargetPlatform
[2018.03.25-11.58.06:147][  0]LogTemp: Display: Loaded TP MacClientTargetPlatform
[2018.03.25-11.58.06:234][  0]LogTemp: Display: Loaded TP MacNoEditorTargetPlatform
[2018.03.25-11.58.06:321][  0]LogTemp: Display: Loaded TP MacServerTargetPlatform
[2018.03.25-11.58.06:407][  0]LogTemp: Display: Loaded TP MacTargetPlatform
[2018.03.25-11.58.06:494][  0]LogTemp: Display: Loaded TP WindowsClientTargetPlatform
[2018.03.25-11.58.06:581][  0]LogTemp: Display: Loaded TP WindowsNoEditorTargetPlatform
[2018.03.25-11.58.06:666][  0]LogTemp: Display: Loaded TP WindowsServerTargetPlatform
[2018.03.25-11.58.06:740][  0]LogTemp: Display: Loaded TP WindowsTargetPlatform
[2018.03.25-11.58.06:828][  0]LogTemp: Display: Loaded TP AndroidTargetPlatform
[2018.03.25-11.58.06:914][  0]LogTemp: Display: Loaded TP Android_ASTCTargetPlatform
[2018.03.25-11.58.06:999][  0]LogTemp: Display: Loaded TP Android_ATCTargetPlatform
[2018.03.25-11.58.07:085][  0]LogTemp: Display: Loaded TP Android_DXTTargetPlatform
[2018.03.25-11.58.07:170][  0]LogTemp: Display: Loaded TP Android_ETC1TargetPlatform
[2018.03.25-11.58.07:254][  0]LogTemp: Display: Loaded TP Android_ETC2TargetPlatform
[2018.03.25-11.58.07:423][  0]LogTemp: Display: Loaded TP Android_MultiTargetPlatform
[2018.03.25-11.58.07:423][  0]LogTemp: Display: Loaded TP Android_PVRTCTargetPlatform
[2018.03.25-11.58.07:489][  0]LogTemp: Display: Loaded TP HTML5TargetPlatform
[2018.03.25-11.58.07:627][  0]LogTemp: Display: Loaded TP IOSTargetPlatform
[2018.03.25-11.58.07:677][  0]LogTemp: Display: Loaded TP TVOSTargetPlatform
[2018.03.25-11.58.07:761][  0]LogTemp: Display: Loaded TP LinuxClientTargetPlatform
[2018.03.25-11.58.07:846][  0]LogTemp: Display: Loaded TP LinuxNoEditorTargetPlatform
[2018.03.25-11.58.07:931][  0]LogTemp: Display: Loaded TP LinuxServerTargetPlatform
[2018.03.25-11.58.08:016][  0]LogTemp: Display: Loaded TP LinuxTargetPlatform
[2018.03.25-11.58.08:016][  0]LogTargetPlatformManager: Display: Building Assets For Windows
[2018.03.25-11.58.08:765][  0]LogDerivedDataCache: Display: Max Cache Size: 512 MB
[2018.03.25-11.58.08:975][  0]LogDerivedDataCache: Loaded boot cache 0.21s 94MB C:/Users/Константин/AppData/Local/UnrealEngine/4.17/DerivedDataCache/Boot.ddc.
[2018.03.25-11.58.08:975][  0]LogDerivedDataCache: Display: Loaded Boot cache: C:/Users/Константин/AppData/Local/UnrealEngine/4.17/DerivedDataCache/Boot.ddc
[2018.03.25-11.58.08:975][  0]LogDerivedDataCache: FDerivedDataBackendGraph:  Pak pak cache file ../../../../../../SRW/SimLabsVRProject/SimLabsVR/DerivedDataCache/DDC.ddp not found, will not use a pak cache.
[2018.03.25-11.58.08:975][  0]LogDerivedDataCache: Unable to find inner node Pak for hierarchical cache Hierarchy.
[2018.03.25-11.58.08:975][  0]LogDerivedDataCache: FDerivedDataBackendGraph:  CompressedPak pak cache file ../../../../../../SRW/SimLabsVRProject/SimLabsVR/DerivedDataCache/Compressed.ddp not found, will not use a pak cache.
[2018.03.25-11.58.08:975][  0]LogDerivedDataCache: Unable to find inner node CompressedPak for hierarchical cache Hierarchy.
[2018.03.25-11.58.09:004][  0]LogDerivedDataCache: Display: Pak cache opened for reading ../../../Engine/DerivedDataCache/Compressed.ddp.
[2018.03.25-11.58.09:016][  0]LogDerivedDataCache: Using Local data cache path C:/Users/Константин/AppData/Local/UnrealEngine/Common/DerivedDataCache: Writable
[2018.03.25-11.58.09:037][  0]LogMaterial: Verifying Global Shaders for PCD3D_SM5
[2018.03.25-11.58.09:038][  0]LogSlate: Using Freetype 2.6.0
[2018.03.25-11.58.09:038][  0]LogSlate: SlateFontCache - WITH_FREETYPE: 1, WITH_HARFBUZZ: 1
[2018.03.25-11.58.09:038][  0]LogSlate: SlateFontCache - WITH_FREETYPE: 1, WITH_HARFBUZZ: 1
[2018.03.25-11.58.09:455][  0]LogAssetRegistry: FAssetRegistry took 0.0287 seconds to start up
[2018.03.25-11.58.09:786][  0]LogInit: Selected Device Profile: [Windows]
[2018.03.25-11.58.09:795][  0]LogContentStreaming: Texture pool size is 0.00 MB
[2018.03.25-11.58.10:385][  0]LogSimplygon: Simplygon DLL not present - disabling.
[2018.03.25-11.58.10:449][  0]LogMeshReduction: Using SimplygonSwarm for distributed automatic mesh merging
[2018.03.25-11.58.10:449][  0]LogMeshReduction: Using QuadricMeshReduction for automatic static mesh reduction
[2018.03.25-11.58.10:449][  0]LogMeshReduction: No automatic skeletal mesh reduction module available
[2018.03.25-11.58.10:449][  0]LogMeshReduction: No automatic mesh merging module available
[2018.03.25-11.58.10:449][  0]LogMeshMerging: No automatic mesh merging module available
[2018.03.25-11.58.11:050][  0]LogNetVersion: SimLabsVR , NetCL: 3573198, EngineNetVer: 2, GameNetVer: 0 (Checksum: 4142299316)
[2018.03.25-11.58.11:304][  0]LogPackageLocalizationCache: Processed 3 localized package path(s) for 2 prioritized culture(s) in 0.027479 seconds
[2018.03.25-11.58.11:313][  0]LogUObjectArray: 35485 objects as part of root set at end of initial load.
[2018.03.25-11.58.11:313][  0]LogUObjectAllocator: 7460152 out of 0 bytes used by permanent object pool.
[2018.03.25-11.58.11:313][  0]LogUObjectArray: CloseDisregardForGC: 0/0 objects in disregard for GC pool
[2018.03.25-11.58.11:406][  0]LogInit: WinSock: version 1.1 (2.2), MaxSocks=32767, MaxUdp=65467
[2018.03.25-11.58.18:086][  0]LogWindows: Failed to load '../../../Engine/Binaries/ThirdParty/OSVRClientKit/bin/Win64/osvrRenderManager.dll' (GetLastError=127)
[2018.03.25-11.58.18:087][  0]OSVRLog: Warning: FAILED to load ../../../Engine/Binaries/ThirdParty/OSVRClientKit/bin/Win64/osvrRenderManager.dll
[2018.03.25-11.58.29:379][  0]OSVREntryPointLog: Display: OSVR client context could not connect. Most likely the server isn't running. Treating this as if the HMD is not connected.
[2018.03.25-11.58.29:534][  0]LogTcpMessaging: Initializing TcpMessaging bridge
[2018.03.25-11.58.29:585][  0]LogUdpMessaging: Initializing bridge on interface 0.0.0.0:0 to multicast group 230.0.0.1:6666.
[2018.03.25-11.58.30:430][  0]SourceControl: Source control is disabled
[2018.03.25-11.58.31:711][  0]LogAndroidPermission: UAndroidPermissionCallbackProxy::GetInstance
[2018.03.25-11.58.32:439][  0]LogEngine: Initializing Engine...
[2018.03.25-11.58.32:508][  0]LogHMD: GoogleVR API created
[2018.03.25-11.58.32:882][  0]LogStats: UGameplayTagsManager::ConstructGameplayTagTree: Construct from data asset -  0.000 s
[2018.03.25-11.58.32:882][  0]LogStats: UGameplayTagsManager::ConstructGameplayTagTree: GameplayTagTreeChangedEvent.Broadcast -  0.000 s
[2018.03.25-11.58.33:114][  0]LogAIModule: Creating AISystem for world Untitled
[2018.03.25-11.58.33:136][  0]LogInit: XAudio2 using 'Line 1 (Virtual Audio Cable)' : 2 channels at 48 kHz using 16 bits per sample (channel mask 0x3)
[2018.03.25-11.58.33:148][  0]LogInit: FAudioDevice initialized.
[2018.03.25-11.58.33:327][  0]LogDerivedDataCache: Saved boot cache 0.18s 92MB C:/Users/Константин/AppData/Local/UnrealEngine/4.17/DerivedDataCache/Boot.ddc.
[2018.03.25-11.58.33:367][  0]LogInit: Texture streaming: Enabled
[2018.03.25-11.58.33:418][  0]LogMaterial: Uniform references updated for custom material expression Custom.
[2018.03.25-11.58.33:910][  0]LogEngineSessionManager: EngineSessionManager initialized
[2018.03.25-11.58.34:277][  0]LogInit: Transaction tracking system initialized
[2018.03.25-11.58.35:003][  0]BlueprintLog: New page: Editor Load
[2018.03.25-11.58.36:548][  0]LocalizationService: Localization service is disabled
[2018.03.25-11.58.38:007][  0]LogConsoleResponse: Display: 
[2018.03.25-11.58.38:297][  0]LogCook: Display: Max memory allowance for cook 16384mb min free memory 0mb
[2018.03.25-11.58.38:297][  0]LogCook: Display: Mobile HDR setting 0
[2018.03.25-11.58.38:297][  0]LogGameplayTags: Display: UGameplayTagsManager::DoneAddingNativeTags. DelegateIsBound: 0
[2018.03.25-11.58.38:763][  0]LogFileCache: Scanning file cache for directory 'C:/SRW/SimLabsVRProject/SimLabsVR/Content/' took 0.01s
[2018.03.25-11.58.40:135][  0]Cmd: MAP LOAD FILE="../../../../../../SRW/SimLabsVRProject/SimLabsVR/Content/Maps/EntryLevel.umap" TEMPLATE=0 SHOWPROGRESS=1 FEATURELEVEL=3
[2018.03.25-11.58.40:136][  0]LightingResults: New page: Lighting Build
[2018.03.25-11.58.40:208][  0]MapCheck: New page: Map Check
[2018.03.25-11.58.40:209][  0]LightingResults: New page: Lighting Build
[2018.03.25-11.58.40:610][  0]LogAIModule: Creating AISystem for world EntryLevel
[2018.03.25-11.58.40:616][  0]LogEditorServer: Finished looking for orphan Actors (0.000 secs)
[2018.03.25-11.58.40:644][  0]Cmd: MAP CHECKDEP NOCLEARLOG
[2018.03.25-11.58.40:730][  0]MapCheck: Map check complete: 0 Error(s), 0 Warning(s), took 85.836ms to complete.
[2018.03.25-11.58.40:731][  0]LogFileHelpers: Loading map 'EntryLevel' took 0.595
[2018.03.25-11.58.41:030][  0]LogCollectionManager: Loaded 0 collections in 0.002020 seconds
[2018.03.25-11.58.41:159][  0]LogFileCache: Scanning file cache for directory 'C:/SRW/SimLabsVRProject/SimLabsVR/Saved/Collections/' took 0.01s
[2018.03.25-11.58.41:159][  0]LogFileCache: Scanning file cache for directory 'C:/SRW/SimLabsVRProject/SimLabsVR/Content/Developers/Константин/Collections/' took 0.01s
[2018.03.25-11.58.41:159][  0]LogFileCache: Scanning file cache for directory 'C:/SRW/SimLabsVRProject/SimLabsVR/Content/Collections/' took 0.01s
[2018.03.25-11.58.41:159][  0]LogCollectionManager: Rebuilt the GUID cache for 0 collections in 0.000000 seconds
[2018.03.25-11.58.41:177][  0]LogContentBrowser: Native class hierarchy populated in 0.0176 seconds. Added 2335 classes and 485 folders.
[2018.03.25-11.58.41:285][  0]LogContentBrowser: Native class hierarchy updated for 'WidgetCarousel' in 0.0021 seconds. Added 0 classes and 0 folders.
[2018.03.25-11.58.41:354][  0]LogContentBrowser: Native class hierarchy updated for 'AddContentDialog' in 0.0020 seconds. Added 0 classes and 0 folders.
[2018.03.25-11.58.41:456][  0]LogSlate: Took 0.000277 seconds to synchronously load lazily loaded font '../../../Engine/Content/Slate/Fonts/Roboto-Regular.ttf' (155K)
[2018.03.25-11.58.41:462][  0]LogSlate: Took 0.000221 seconds to synchronously load lazily loaded font '../../../Engine/Content/Slate/Fonts/Roboto-Bold.ttf' (160K)
[2018.03.25-11.58.41:466][  0]LogSlate: Took 0.000224 seconds to synchronously load lazily loaded font '../../../Engine/Content/Editor/Slate/Fonts/FontAwesome.ttf' (139K)
[2018.03.25-11.58.41:466][  0]LogSlate: Took 0.000142 seconds to synchronously load lazily loaded font '../../../Engine/Content/Editor/Slate/Fonts/DroidSansMono.ttf' (77K)
[2018.03.25-11.58.41:667][  0]LogRenderer: Reallocating scene render targets to support 840x556 Format 10 NumSamples 1 (Frame:1).
[2018.03.25-11.58.41:945][  0]LogContentBrowser: Native class hierarchy updated for 'HierarchicalLODOutliner' in 0.0022 seconds. Added 1 classes and 2 folders.
[2018.03.25-11.58.41:946][  0]LogLoad: (Engine Initialization) Total time: 41.37 seconds
[2018.03.25-11.58.41:946][  0]LogLoad: (Engine Initialization) Total Blueprint compile time: 0.00 seconds
[2018.03.25-11.58.41:946][  0]LogExternalProfiler: No external profilers were discovered.  External profiling features will not be available.
[2018.03.25-11.58.41:982][  0]SourceControl: On branch master
[2018.03.25-11.58.41:982][  0]SourceControl: Your branch is up to date with 'origin/master'.
[2018.03.25-11.58.41:982][  0]SourceControl: Changes not staged for commit:
[2018.03.25-11.58.41:982][  0]SourceControl:   (use "git add <file>..." to update what will be committed)
[2018.03.25-11.58.41:983][  0]SourceControl:   (use "git checkout -- <file>..." to discard changes in working directory)
[2018.03.25-11.58.41:983][  0]SourceControl: 	modified:   SimLabsVR/SimLabsVR.uproject
[2018.03.25-11.58.41:983][  0]SourceControl: Untracked files:
[2018.03.25-11.58.41:983][  0]SourceControl:   (use "git add <file>..." to include in what will be committed)
[2018.03.25-11.58.41:983][  0]SourceControl: 	SimLabsVR/Binaries/
[2018.03.25-11.58.41:983][  0]SourceControl: 	SimLabsVR/Intermediate/
[2018.03.25-11.58.41:983][  0]SourceControl: 	SimLabsVR/Plugins/
[2018.03.25-11.58.41:984][  0]SourceControl: 	SimLabsVR/Saved/
[2018.03.25-11.58.41:984][  0]SourceControl: no changes added to commit (use "git add" and/or "git commit -a")
[2018.03.25-11.58.41:984][  0]LogContentStreaming: Texture pool size now 1000 MB
[2018.03.25-11.58.42:041][  0]LogSlate: Took 0.000230 seconds to synchronously load lazily loaded font '../../../Engine/Content/Slate/Fonts/Roboto-Light.ttf' (159K)
[2018.03.25-11.58.42:070][  1]LogAssetRegistry: Asset discovery search completed in 32.6356 seconds
[2018.03.25-11.58.42:074][  1]LogCollectionManager: Rebuilt the object cache for 0 collections in 0.000001 seconds (found 0 objects)
[2018.03.25-11.58.42:074][  1]LogCollectionManager: Fixed up redirectors for 0 collections in 0.000268 seconds (updated 0 objects)
[2018.03.25-11.58.43:457][159]LogDirectoryWatcher: A directory notification for '../../../Engine/Plugins/' was aborted.
[2018.03.25-11.58.43:457][159]LogDirectoryWatcher: A directory notification for '../../../../../../SRW/SimLabsVRProject/SimLabsVR/Plugins/' was aborted.
[2018.03.25-12.03.40:039][806]Cmd: QUIT_EDITOR
[2018.03.25-12.03.40:087][806]LogExit: Preparing to exit.
[2018.03.25-12.03.40:743][806]LogDirectoryWatcher: A directory notification for 'C:/SRW/SimLabsVRProject/SimLabsVR/Content/' was aborted.
[2018.03.25-12.03.40:784][806]LogExit: Editor shut down
[2018.03.25-12.03.40:793][806]LogExit: Transaction tracking system shut down
[2018.03.25-12.03.41:008][806]LogDirectoryWatcher: A directory notification for '../../../Engine/Content/' was aborted.
[2018.03.25-12.03.41:008][806]LogDirectoryWatcher: A directory notification for '../../../../../../SRW/SimLabsVRProject/SimLabsVR/Content/' was aborted.
[2018.03.25-12.03.41:102][806]LogExit: Object subsystem successfully closed.
[2018.03.25-12.03.41:115][806]LogD3D11RHI: Shutdown
[2018.03.25-12.03.41:115][806]LogD3D11RHI: CleanupD3DDevice
[2018.03.25-12.03.41:158][806]LogD3D11RHI: ~FD3D11DynamicRHI
[2018.03.25-12.03.41:180][806]LogModuleManager: Shutting down and abandoning module HierarchicalLODOutliner (516)
[2018.03.25-12.03.41:180][806]LogModuleManager: Shutting down and abandoning module AddContentDialog (514)
[2018.03.25-12.03.41:180][806]LogDirectoryWatcher: A directory notification for 'C:/Program Files/Epic Games/UE_4.17/FeaturePacks/' was aborted.
[2018.03.25-12.03.41:182][806]LogModuleManager: Shutting down and abandoning module WidgetCarousel (513)
[2018.03.25-12.03.41:182][806]LogModuleManager: Shutting down and abandoning module EditorWidgets (510)
[2018.03.25-12.03.41:182][806]LogModuleManager: Shutting down and abandoning module CollectionManager (508)
[2018.03.25-12.03.41:182][806]LogDirectoryWatcher: A directory notification for 'C:/SRW/SimLabsVRProject/SimLabsVR/Content/Collections/' was aborted.
[2018.03.25-12.03.41:182][806]LogDirectoryWatcher: A directory notification for 'C:/SRW/SimLabsVRProject/SimLabsVR/Content/Developers/Константин/Collections/' was aborted.
[2018.03.25-12.03.41:182][806]LogDirectoryWatcher: A directory notification for 'C:/SRW/SimLabsVRProject/SimLabsVR/Saved/Collections/' was aborted.
[2018.03.25-12.03.41:182][806]LogModuleManager: Shutting down and abandoning module SceneOutliner (506)
[2018.03.25-12.03.41:182][806]LogModuleManager: Shutting down and abandoning module StatsViewer (504)
[2018.03.25-12.03.41:182][806]LogModuleManager: Shutting down and abandoning module FoliageEdit (502)
[2018.03.25-12.03.41:182][806]LogModuleManager: Shutting down and abandoning module LandscapeEditor (500)
[2018.03.25-12.03.41:183][806]LogModuleManager: Shutting down and abandoning module MeshPaintMode (498)
[2018.03.25-12.03.41:183][806]LogModuleManager: Shutting down and abandoning module MeshPaint (497)
[2018.03.25-12.03.41:183][806]LogModuleManager: Shutting down and abandoning module SceneDepthPickerMode (494)
[2018.03.25-12.03.41:183][806]LogModuleManager: Shutting down and abandoning module ActorPickerMode (492)
[2018.03.25-12.03.41:183][806]LogModuleManager: Shutting down and abandoning module GeometryMode (490)
[2018.03.25-12.03.41:183][806]LogModuleManager: Shutting down and abandoning module TextureAlignMode (488)
[2018.03.25-12.03.41:183][806]LogModuleManager: Shutting down and abandoning module BspMode (486)
[2018.03.25-12.03.41:183][806]LogModuleManager: Shutting down and abandoning module PIEPreviewDeviceProfileSelector (484)
[2018.03.25-12.03.41:183][806]LogModuleManager: Shutting down and abandoning module HardwareSurvey (482)
[2018.03.25-12.03.41:183][806]LogModuleManager: Shutting down and abandoning module SequenceRecorderSections (480)
[2018.03.25-12.03.41:183][806]LogModuleManager: Shutting down and abandoning module SequenceRecorder (478)
[2018.03.25-12.03.41:183][806]LogModuleManager: Shutting down and abandoning module AutomationWorker (476)
[2018.03.25-12.03.41:183][806]LogModuleManager: Shutting down and abandoning module MatineeToLevelSequence (474)
[2018.03.25-12.03.41:183][806]LogModuleManager: Shutting down and abandoning module LevelSequenceEditor (472)
[2018.03.25-12.03.41:183][806]LogModuleManager: Shutting down and abandoning module PlacementMode (471)
[2018.03.25-12.03.41:183][806]LogModuleManager: Shutting down and abandoning module WmfMediaFactory (468)
[2018.03.25-12.03.41:183][806]LogModuleManager: Shutting down and abandoning module WmfMediaEditor (466)
[2018.03.25-12.03.41:183][806]LogModuleManager: Shutting down and abandoning module MfMediaFactory (464)
[2018.03.25-12.03.41:183][806]LogModuleManager: Shutting down and abandoning module MfMediaEditor (462)
[2018.03.25-12.03.41:183][806]LogModuleManager: Shutting down and abandoning module AvfMediaFactory (460)
[2018.03.25-12.03.41:183][806]LogModuleManager: Shutting down and abandoning module AvfMediaEditor (458)
[2018.03.25-12.03.41:183][806]LogModuleManager: Shutting down and abandoning module AndroidMediaFactory (456)
[2018.03.25-12.03.41:183][806]LogModuleManager: Shutting down and abandoning module Media (455)
[2018.03.25-12.03.41:183][806]LogModuleManager: Shutting down and abandoning module AndroidMediaEditor (452)
[2018.03.25-12.03.41:183][806]LogModuleManager: Shutting down and abandoning module CharacterAI (450)
[2018.03.25-12.03.41:184][806]LogModuleManager: Shutting down and abandoning module SessionServices (448)
[2018.03.25-12.03.41:184][806]LogModuleManager: Shutting down and abandoning module ViewportSnapping (446)
[2018.03.25-12.03.41:184][806]LogModuleManager: Shutting down and abandoning module ViewportInteraction (444)
[2018.03.25-12.03.41:184][806]LogModuleManager: Shutting down and abandoning module ClothPainter (442)
[2018.03.25-12.03.41:184][806]LogModuleManager: Shutting down and abandoning module LogVisualizer (440)
[2018.03.25-12.03.41:184][806]LogModuleManager: Shutting down and abandoning module IntroTutorials (438)
[2018.03.25-12.03.41:184][806]LogModuleManager: Shutting down and abandoning module GameProjectGeneration (437)
[2018.03.25-12.03.41:184][806]LogModuleManager: Shutting down and abandoning module IOSPlatformEditor (434)
[2018.03.25-12.03.41:184][806]LogModuleManager: Shutting down and abandoning module HTML5PlatformEditor (432)
[2018.03.25-12.03.41:184][806]LogModuleManager: Shutting down and abandoning module AndroidPlatformEditor (430)
[2018.03.25-12.03.41:184][806]LogModuleManager: Shutting down and abandoning module AndroidDeviceDetection (429)
[2018.03.25-12.03.41:884][806]LogModuleManager: Shutting down and abandoning module WindowsPlatformEditor (426)
[2018.03.25-12.03.41:884][806]LogModuleManager: Shutting down and abandoning module IOSRuntimeSettings (424)
[2018.03.25-12.03.41:884][806]LogModuleManager: Shutting down and abandoning module AndroidRuntimeSettings (422)
[2018.03.25-12.03.41:884][806]LogModuleManager: Shutting down and abandoning module InputBindingEditor (420)
[2018.03.25-12.03.41:884][806]LogModuleManager: Shutting down and abandoning module MergeActors (418)
[2018.03.25-12.03.41:884][806]LogModuleManager: Shutting down and abandoning module SizeMap (416)
[2018.03.25-12.03.41:884][806]LogModuleManager: Shutting down and abandoning module TreeMap (414)
[2018.03.25-12.03.41:884][806]LogModuleManager: Shutting down and abandoning module ReferenceViewer (412)
[2018.03.25-12.03.41:884][806]LogModuleManager: Shutting down and abandoning module LocalizationDashboard (410)
[2018.03.25-12.03.41:885][806]LogModuleManager: Shutting down and abandoning module LocalizationService (409)
[2018.03.25-12.03.41:885][806]LogModuleManager: Shutting down and abandoning module HardwareTargeting (406)
[2018.03.25-12.03.41:885][806]LogModuleManager: Shutting down and abandoning module DeviceProfileEditor (404)
[2018.03.25-12.03.41:885][806]LogModuleManager: Shutting down and abandoning module UndoHistory (402)
[2018.03.25-12.03.41:885][806]LogModuleManager: Shutting down and abandoning module XmlParser (400)
[2018.03.25-12.03.41:885][806]LogModuleManager: Shutting down and abandoning module Blutility (398)
[2018.03.25-12.03.41:885][806]LogModuleManager: Shutting down and abandoning module ProjectSettingsViewer (396)
[2018.03.25-12.03.41:885][806]LogModuleManager: Shutting down and abandoning module ProjectTargetPlatformEditor (395)
[2018.03.25-12.03.41:886][806]LogModuleManager: Shutting down and abandoning module EditorSettingsViewer (392)
[2018.03.25-12.03.41:886][806]LogModuleManager: Shutting down and abandoning module SettingsEditor (390)
[2018.03.25-12.03.41:886][806]LogModuleManager: Shutting down and abandoning module ProjectLauncher (388)
[2018.03.25-12.03.41:886][806]LogModuleManager: Shutting down and abandoning module SessionFrontend (386)
[2018.03.25-12.03.41:886][806]LogModuleManager: Shutting down and abandoning module ProfilerClient (384)
[2018.03.25-12.03.41:886][806]LogModuleManager: Shutting down and abandoning module DeviceManager (382)
[2018.03.25-12.03.41:886][806]LogModuleManager: Shutting down and abandoning module TargetDeviceServices (381)
[2018.03.25-12.03.41:936][806]LogModuleManager: Shutting down and abandoning module AutomationController (378)
[2018.03.25-12.03.41:936][806]LogModuleManager: Shutting down and abandoning module AutomationWindow (376)
[2018.03.25-12.03.41:936][806]LogModuleManager: Shutting down and abandoning module Layers (374)
[2018.03.25-12.03.41:936][806]LogModuleManager: Shutting down and abandoning module ComponentVisualizers (372)
[2018.03.25-12.03.41:936][806]LogModuleManager: Shutting down and abandoning module DetailCustomizations (370)
[2018.03.25-12.03.41:936][806]LogModuleManager: Shutting down and abandoning module PackagesDialog (368)
[2018.03.25-12.03.41:936][806]LogModuleManager: Shutting down and abandoning module Persona (366)
[2018.03.25-12.03.41:936][806]LogModuleManager: Shutting down and abandoning module AdvancedPreviewScene (365)
[2018.03.25-12.03.41:936][806]LogModuleManager: Shutting down and abandoning module AnimGraph (363)
[2018.03.25-12.03.41:936][806]LogModuleManager: Shutting down and abandoning module Kismet (360)
[2018.03.25-12.03.41:936][806]LogModuleManager: Shutting down and abandoning module LevelEditor (359)
[2018.03.25-12.03.41:937][806]LogModuleManager: Shutting down and abandoning module PixelInspectorModule (358)
[2018.03.25-12.03.41:938][806]LogModuleManager: Shutting down and abandoning module ClassViewer (354)
[2018.03.25-12.03.41:938][806]LogModuleManager: Shutting down and abandoning module Toolbox (352)
[2018.03.25-12.03.41:938][806]LogModuleManager: Shutting down and abandoning module ModuleUI (350)
[2018.03.25-12.03.41:938][806]LogModuleManager: Shutting down and abandoning module MovieSceneTools (348)
[2018.03.25-12.03.41:938][806]LogModuleManager: Shutting down and abandoning module OutputLog (346)
[2018.03.25-12.03.41:938][806]LogModuleManager: Shutting down and abandoning module GammaUI (344)
[2018.03.25-12.03.41:938][806]LogModuleManager: Shutting down and abandoning module Documentation (342)
[2018.03.25-12.03.41:938][806]LogModuleManager: Shutting down and abandoning module MovieSceneTracks (340)
[2018.03.25-12.03.41:938][806]LogModuleManager: Shutting down and abandoning module MovieScene (338)
[2018.03.25-12.03.41:938][806]LogModuleManager: Shutting down and abandoning module Niagara (336)
[2018.03.25-12.03.41:938][806]LogModuleManager: Shutting down and abandoning module NiagaraEditor (335)
[2018.03.25-12.03.41:938][806]LogModuleManager: Shutting down and abandoning module StreamingPauseRendering (332)
[2018.03.25-12.03.41:938][806]LogModuleManager: Shutting down and abandoning module LauncherPlatform (330)
[2018.03.25-12.03.41:938][806]LogModuleManager: Shutting down and abandoning module AnalyticsET (328)
[2018.03.25-12.03.41:938][806]LogModuleManager: Shutting down and abandoning module PortalServices (326)
[2018.03.25-12.03.41:938][806]LogModuleManager: Shutting down and abandoning module PortalRpc (324)
[2018.03.25-12.03.41:938][806]LogModuleManager: Shutting down and abandoning module MessagingRpc (322)
[2018.03.25-12.03.41:938][806]LogModuleManager: Shutting down and abandoning module AIModule (320)
[2018.03.25-12.03.41:938][806]LogModuleManager: Shutting down and abandoning module GameplayDebugger (319)
[2018.03.25-12.03.41:938][806]LogModuleManager: Shutting down and abandoning module AITestSuite (317)
[2018.03.25-12.03.41:938][806]LogModuleManager: Shutting down and abandoning module ProfilerService (314)
[2018.03.25-12.03.42:165][806]LogModuleManager: Shutting down and abandoning module TaskGraph (312)
[2018.03.25-12.03.42:165][806]LogModuleManager: Shutting down and abandoning module WebSocket (310)
[2018.03.25-12.03.42:165][806]LogModuleManager: Shutting down and abandoning module ProceduralMeshComponentEditor (308)
[2018.03.25-12.03.42:165][806]LogModuleManager: Shutting down and abandoning module ProceduralMeshComponent (306)
[2018.03.25-12.03.42:166][806]LogModuleManager: Shutting down and abandoning module MobilePatchingUtils (304)
[2018.03.25-12.03.42:166][806]LogModuleManager: Shutting down and abandoning module CustomMeshComponent (302)
[2018.03.25-12.03.42:166][806]LogModuleManager: Shutting down and abandoning module CableComponent (300)
[2018.03.25-12.03.42:166][806]LogModuleManager: Shutting down and abandoning module ArchVisCharacter (298)
[2018.03.25-12.03.42:166][806]LogModuleManager: Shutting down and abandoning module AndroidPermission (296)
[2018.03.25-12.03.42:166][806]LogModuleManager: Shutting down and abandoning module MediaPlayerEditor (292)
[2018.03.25-12.03.42:166][806]LogModuleManager: Shutting down and abandoning module HTML5Networking (290)
[2018.03.25-12.03.42:166][806]LogModuleManager: Shutting down and abandoning module AlembicImporter (288)
[2018.03.25-12.03.42:166][806]LogModuleManager: Shutting down and abandoning module AlembicLibrary (287)
[2018.03.25-12.03.42:166][806]LogModuleManager: Shutting down and abandoning module GeometryCache (286)
[2018.03.25-12.03.42:166][806]LogModuleManager: Shutting down and abandoning module GeometryCacheEd (285)
[2018.03.25-12.03.42:166][806]LogModuleManager: Shutting down and abandoning module PluginBrowser (280)
[2018.03.25-12.03.42:166][806]LogModuleManager: Shutting down and abandoning module MainFrame (279)
[2018.03.25-12.03.42:166][806]LogModuleManager: Shutting down and abandoning module MobileLauncherProfileWizard (276)
[2018.03.25-12.03.42:166][806]LogModuleManager: Shutting down and abandoning module VisualStudioSourceCodeAccess (274)
[2018.03.25-12.03.42:166][806]LogModuleManager: Shutting down and abandoning module DesktopPlatform (273)
[2018.03.25-12.03.42:166][806]LogModuleManager: Shutting down and abandoning module HotReload (271)
[2018.03.25-12.03.42:166][806]LogDirectoryWatcher: A directory notification for 'C:/SRW/SimLabsVRProject/SimLabsVR/Binaries/Win64' was aborted.
[2018.03.25-12.03.42:166][806]LogDirectoryWatcher: A directory notification for 'C:/SRW/SimLabsVRProject/SimLabsVR/Plugins/WebSocket/Binaries/Win64' was aborted.
[2018.03.25-12.03.42:167][806]LogModuleManager: Shutting down and abandoning module UObjectPlugin (268)
[2018.03.25-12.03.42:167][806]LogModuleManager: Shutting down and abandoning module GitSourceControl (266)
[2018.03.25-12.03.42:167][806]LogModuleManager: Shutting down and abandoning module SourceControl (265)
[2018.03.25-12.03.42:167][806]LogModuleManager: Shutting down and abandoning module LightPropagationVolumeEditor (262)
[2018.03.25-12.03.42:167][806]LogModuleManager: Shutting down and abandoning module SimLabsVR (260)
[2018.03.25-12.03.42:167][806]LogModuleManager: Shutting down and abandoning module RuntimePhysXCooking (258)
[2018.03.25-12.03.42:167][806]LogModuleManager: Shutting down and abandoning module PhysXVehiclesEditor (256)
[2018.03.25-12.03.42:167][806]LogModuleManager: Shutting down and abandoning module PhysXVehicles (254)
[2018.03.25-12.03.42:167][806]LogModuleManager: Shutting down and abandoning module OptionalMobileFeaturesBPLibrary (252)
[2018.03.25-12.03.42:168][806]LogModuleManager: Shutting down and abandoning module ImmediatePhysicsEditor (250)
[2018.03.25-12.03.42:168][806]LogModuleManager: Shutting down and abandoning module ImmediatePhysics (248)
[2018.03.25-12.03.42:168][806]LogModuleManager: Shutting down and abandoning module UdpMessaging (246)
[2018.03.25-12.03.42:268][806]LogModuleManager: Shutting down and abandoning module TcpMessaging (244)
[2018.03.25-12.03.42:368][806]LogModuleManager: Shutting down and abandoning module OSVRInput (242)
[2018.03.25-12.03.42:368][806]LogModuleManager: Shutting down and abandoning module OSVR (240)
[2018.03.25-12.03.42:368][806]LogModuleManager: Shutting down and abandoning module GameplayTagsEditor (238)
[2018.03.25-12.03.42:368][806]LogModuleManager: Shutting down and abandoning module FacialAnimationEditor (236)
[2018.03.25-12.03.42:368][806]LogModuleManager: Shutting down and abandoning module FacialAnimation (234)
[2018.03.25-12.03.42:368][806]LogModuleManager: Shutting down and abandoning module AssetManagerEditor (232)
[2018.03.25-12.03.42:368][806]LogModuleManager: Shutting down and abandoning module GraphEditor (231)
[2018.03.25-12.03.42:368][806]LogModuleManager: Shutting down and abandoning module ContentBrowser (229)
[2018.03.25-12.03.42:370][806]LogModuleManager: Shutting down and abandoning module LightPropagationVolumeRuntime (226)
[2018.03.25-12.03.42:370][806]LogModuleManager: Shutting down and abandoning module WindowsMoviePlayer (224)
[2018.03.25-12.03.42:370][806]LogModuleManager: Shutting down and abandoning module WmfMedia (222)
[2018.03.25-12.03.42:370][806]LogModuleManager: Shutting down and abandoning module PacketHandler (220)
[2018.03.25-12.03.42:370][806]LogModuleManager: Shutting down and abandoning module ClothingSystemEditor (218)
[2018.03.25-12.03.42:370][806]LogModuleManager: Shutting down and abandoning module ClothingSystemRuntime (216)
[2018.03.25-12.03.42:371][806]LogModuleManager: Shutting down and abandoning module Overlay (214)
[2018.03.25-12.03.42:371][806]LogModuleManager: Shutting down and abandoning module OverlayEditor (213)
[2018.03.25-12.03.42:371][806]LogModuleManager: Shutting down and abandoning module MediaAssets (210)
[2018.03.25-12.03.42:371][806]LogModuleManager: Shutting down and abandoning module VREditor (208)
[2018.03.25-12.03.42:371][806]LogModuleManager: Shutting down and abandoning module StringTableEditor (206)
[2018.03.25-12.03.42:371][806]LogModuleManager: Shutting down and abandoning module GameplayTasksEditor (204)
[2018.03.25-12.03.42:371][806]LogModuleManager: Shutting down and abandoning module BehaviorTreeEditor (202)
[2018.03.25-12.03.42:371][806]LogModuleManager: Shutting down and abandoning module FunctionalTesting (200)
[2018.03.25-12.03.42:371][806]LogModuleManager: Shutting down and abandoning module CollisionAnalyzer (198)
[2018.03.25-12.03.42:371][806]LogModuleManager: Shutting down and abandoning module WorkspaceMenuStructure (197)
[2018.03.25-12.03.42:371][806]LogModuleManager: Shutting down and abandoning module UMG (194)
[2018.03.25-12.03.42:371][806]LogModuleManager: Shutting down and abandoning module UMGEditor (193)
[2018.03.25-12.03.42:371][806]LogModuleManager: Shutting down and abandoning module Sequencer (192)
[2018.03.25-12.03.42:371][806]LogModuleManager: Shutting down and abandoning module MessageLog (189)
[2018.03.25-12.03.42:371][806]LogModuleManager: Shutting down and abandoning module SlateReflector (184)
[2018.03.25-12.03.42:372][806]LogModuleManager: Shutting down and abandoning module Slate (182)
[2018.03.25-12.03.42:372][806]LogModuleManager: Shutting down and abandoning module EditorStyle (180)
[2018.03.25-12.03.42:375][806]LogModuleManager: Shutting down and abandoning module MRMesh (178)
[2018.03.25-12.03.42:375][806]LogModuleManager: Shutting down and abandoning module SourceCodeAccess (176)
[2018.03.25-12.03.42:375][806]LogModuleManager: Shutting down and abandoning module HeadMountedDisplay (174)
[2018.03.25-12.03.42:375][806]LogModuleManager: Shutting down and abandoning module XAudio2 (172)
[2018.03.25-12.03.42:375][806]LogModuleManager: Shutting down and abandoning module Networking (170)
[2018.03.25-12.03.42:375][806]LogModuleManager: Shutting down and abandoning module Core (166)
[2018.03.25-12.03.42:375][806]LogModuleManager: Shutting down and abandoning module KismetCompiler (162)
[2018.03.25-12.03.42:375][806]LogModuleManager: Shutting down and abandoning module MeshUtilities (160)
[2018.03.25-12.03.42:375][806]LogModuleManager: Shutting down and abandoning module MeshMergeUtilities (159)
[2018.03.25-12.03.42:375][806]LogModuleManager: Shutting down and abandoning module MeshReductionInterface (158)
[2018.03.25-12.03.42:375][806]LogModuleManager: Shutting down and abandoning module SimplygonSwarm (157)
[2018.03.25-12.03.42:375][806]LogModuleManager: Shutting down and abandoning module SimplygonMeshReduction (155)
[2018.03.25-12.03.42:375][806]LogModuleManager: Shutting down and abandoning module QuadricMeshReduction (153)
[2018.03.25-12.03.42:375][806]LogModuleManager: Shutting down and abandoning module MaterialBaking (149)
[2018.03.25-12.03.42:375][806]LogModuleManager: Shutting down and abandoning module LevelSequence (146)
[2018.03.25-12.03.42:375][806]LogModuleManager: Shutting down and abandoning module DirectoryWatcher (144)
[2018.03.25-12.03.42:376][806]LogModuleManager: Shutting down and abandoning module DerivedDataCache (142)
[2018.03.25-12.03.42:453][806]LogDerivedDataCache: Shutdown
[2018.03.25-12.03.42:453][806]LogModuleManager: Shutting down and abandoning module TargetPlatform (140)
[2018.03.25-12.03.42:453][806]LogModuleManager: Shutting down and abandoning module VulkanShaderFormat (139)
[2018.03.25-12.03.42:453][806]LogModuleManager: Shutting down and abandoning module ShaderFormatVectorVM (137)
[2018.03.25-12.03.42:453][806]LogModuleManager: Shutting down and abandoning module ShaderFormatOpenGL (135)
[2018.03.25-12.03.42:453][806]LogModuleManager: Shutting down and abandoning module ShaderFormatD3D (133)
[2018.03.25-12.03.42:453][806]LogModuleManager: Shutting down and abandoning module MetalShaderFormat (131)
[2018.03.25-12.03.42:453][806]LogModuleManager: Shutting down and abandoning module TextureFormatUncompressed (129)
[2018.03.25-12.03.42:454][806]LogModuleManager: Shutting down and abandoning module TextureFormatPVR (127)
[2018.03.25-12.03.42:454][806]LogModuleManager: Shutting down and abandoning module TextureFormatDXT (125)
[2018.03.25-12.03.42:454][806]LogModuleManager: Shutting down and abandoning module TextureFormatIntelISPCTexComp (123)
[2018.03.25-12.03.42:454][806]LogModuleManager: Shutting down and abandoning module TextureFormatASTC (121)
[2018.03.25-12.03.42:454][806]LogModuleManager: Shutting down and abandoning module ImageWrapper (120)
[2018.03.25-12.03.42:454][806]LogModuleManager: Shutting down and abandoning module TextureFormatAndroid (117)
[2018.03.25-12.03.42:454][806]LogModuleManager: Shutting down and abandoning module AudioFormatOpus (115)
[2018.03.25-12.03.42:454][806]LogModuleManager: Shutting down and abandoning module AudioFormatOgg (113)
[2018.03.25-12.03.42:454][806]LogModuleManager: Shutting down and abandoning module AudioFormatADPCM (111)
[2018.03.25-12.03.42:454][806]LogModuleManager: Shutting down and abandoning module LinuxTargetPlatform (109)
[2018.03.25-12.03.42:454][806]LogModuleManager: Shutting down and abandoning module LinuxServerTargetPlatform (107)
[2018.03.25-12.03.42:454][806]LogModuleManager: Shutting down and abandoning module LinuxNoEditorTargetPlatform (105)
[2018.03.25-12.03.42:455][806]LogModuleManager: Shutting down and abandoning module LinuxClientTargetPlatform (103)
[2018.03.25-12.03.42:455][806]LogModuleManager: Shutting down and abandoning module TVOSTargetPlatform (101)
[2018.03.25-12.03.42:455][806]LogModuleManager: Shutting down and abandoning module Messaging (99)
[2018.03.25-12.03.42:455][806]LogModuleManager: Shutting down and abandoning module IOSTargetPlatform (97)
[2018.03.25-12.03.42:455][806]LogModuleManager: Shutting down and abandoning module HTML5TargetPlatform (95)
[2018.03.25-12.03.42:455][806]LogModuleManager: Shutting down and abandoning module Android_PVRTCTargetPlatform (93)
[2018.03.25-12.03.42:455][806]LogModuleManager: Shutting down and abandoning module Android_MultiTargetPlatform (91)
[2018.03.25-12.03.42:455][806]LogModuleManager: Shutting down and abandoning module Android_ETC2TargetPlatform (89)
[2018.03.25-12.03.42:455][806]LogModuleManager: Shutting down and abandoning module Android_ETC1TargetPlatform (87)
[2018.03.25-12.03.42:455][806]LogModuleManager: Shutting down and abandoning module Android_DXTTargetPlatform (85)
[2018.03.25-12.03.42:455][806]LogModuleManager: Shutting down and abandoning module Android_ATCTargetPlatform (83)
[2018.03.25-12.03.42:455][806]LogModuleManager: Shutting down and abandoning module Android_ASTCTargetPlatform (81)
[2018.03.25-12.03.42:455][806]LogModuleManager: Shutting down and abandoning module AndroidTargetPlatform (79)
[2018.03.25-12.03.42:455][806]LogModuleManager: Shutting down and abandoning module WindowsTargetPlatform (77)
[2018.03.25-12.03.42:456][806]LogModuleManager: Shutting down and abandoning module WindowsServerTargetPlatform (75)
[2018.03.25-12.03.42:456][806]LogModuleManager: Shutting down and abandoning module WindowsNoEditorTargetPlatform (73)
[2018.03.25-12.03.42:456][806]LogModuleManager: Shutting down and abandoning module WindowsClientTargetPlatform (71)
[2018.03.25-12.03.42:456][806]LogModuleManager: Shutting down and abandoning module MacTargetPlatform (69)
[2018.03.25-12.03.42:456][806]LogModuleManager: Shutting down and abandoning module MacServerTargetPlatform (67)
[2018.03.25-12.03.42:456][806]LogModuleManager: Shutting down and abandoning module MacNoEditorTargetPlatform (65)
[2018.03.25-12.03.42:456][806]LogModuleManager: Shutting down and abandoning module MacClientTargetPlatform (63)
[2018.03.25-12.03.42:456][806]LogModuleManager: Shutting down and abandoning module AllDesktopTargetPlatform (61)
[2018.03.25-12.03.42:456][806]LogModuleManager: Shutting down and abandoning module InputCore (58)
[2018.03.25-12.03.42:456][806]LogModuleManager: Shutting down and abandoning module Settings (56)
[2018.03.25-12.03.42:456][806]LogModuleManager: Shutting down and abandoning module PhysXCooking (54)
[2018.03.25-12.03.42:456][806]LogModuleManager: Shutting down and abandoning module GoogleVRHMD (52)
[2018.03.25-12.03.42:456][806]LogModuleManager: Shutting down and abandoning module ExampleDeviceProfileSelector (50)
[2018.03.25-12.03.42:456][806]LogModuleManager: Shutting down and abandoning module OnlineBlueprintSupport (48)
[2018.03.25-12.03.42:457][806]LogModuleManager: Shutting down and abandoning module OnlineSubsystem (44)
[2018.03.25-12.03.42:457][806]LogOnline: Display: Unloading online subsystem: NULL
[2018.03.25-12.03.42:457][806]LogModuleManager: Shutting down and abandoning module XMPP (43)
[2018.03.25-12.03.42:457][806]LogModuleManager: Shutting down and abandoning module HTTP (41)
[2018.03.25-12.03.42:457][806]LogHttp: Display: Http module shutting down, but needs to wait on 1 outstanding Http requests:
[2018.03.25-12.03.42:457][806]LogHttp: Display: 	verb=[POST] url=[https://datarouter.ol.epicgames.com/datarouter/api/v1/public/data?SessionID=%7B0AF9835E-4345-7868-573D-818C648C396C%7D&AppID=UEEditor.Rocket.Release&AppVersion=4.17.2-3658906%2B%2B%2BUE4%2BRelease-4.17&UserID=86d62dbc40fe57fc55c36b8db84cb36a%7Cd1ef7e21aab0436c9101ba4c6fc5708c%7Cabeb5326-3b3b-4b85-b45a-5fe16f2f67a6&AppEnvironment=datacollector-binary&UploadType=eteventstream] status=Processing
[2018.03.25-12.03.42:491][806]LogModuleManager: Shutting down and abandoning module SSL (40)
[2018.03.25-12.03.42:493][806]LogModuleManager: Shutting down and abandoning module AnimationModifiers (36)
[2018.03.25-12.03.42:493][806]LogModuleManager: Shutting down and abandoning module PropertyEditor (35)
[2018.03.25-12.03.42:493][806]LogModuleManager: Shutting down and abandoning module AudioEditor (32)
[2018.03.25-12.03.42:493][806]LogModuleManager: Shutting down and abandoning module TextureCompressor (30)
[2018.03.25-12.03.42:493][806]LogModuleManager: Shutting down and abandoning module ShaderCore (28)
[2018.03.25-12.03.42:493][806]LogModuleManager: Shutting down and abandoning module Landscape (26)
[2018.03.25-12.03.42:493][806]LogModuleManager: Shutting down and abandoning module SlateRHIRenderer (24)
[2018.03.25-12.03.42:494][806]LogModuleManager: Shutting down and abandoning module OpenGLDrv (22)
[2018.03.25-12.03.42:494][806]LogModuleManager: Shutting down and abandoning module D3D11RHI (20)
[2018.03.25-12.03.42:494][806]LogModuleManager: Shutting down and abandoning module AnimGraphRuntime (18)
[2018.03.25-12.03.42:494][806]LogModuleManager: Shutting down and abandoning module Renderer (16)
[2018.03.25-12.03.42:494][806]LogModuleManager: Shutting down and abandoning module Engine (14)
[2018.03.25-12.03.42:494][806]LogModuleManager: Shutting down and abandoning module CoreUObject (12)
[2018.03.25-12.03.42:494][806]LogModuleManager: Shutting down and abandoning module NetworkFile (10)
[2018.03.25-12.03.42:494][806]LogModuleManager: Shutting down and abandoning module CookedIterativeFile (8)
[2018.03.25-12.03.42:494][806]LogModuleManager: Shutting down and abandoning module StreamingFile (6)
[2018.03.25-12.03.42:494][806]LogModuleManager: Shutting down and abandoning module SandboxFile (4)
[2018.03.25-12.03.42:494][806]LogModuleManager: Shutting down and abandoning module PakFile (2)
[2018.03.25-12.03.42:497][806]LogExit: Exiting.
[2018.03.25-12.03.42:511][806]Log file closed, 03/25/18 15:03:42
